<?xml version="1.0" encoding="UTF-8"?>
<testsuite xmlns:xsi="http://www.w3.org/2001/XMLSchema-instance" xsi:noNamespaceSchemaLocation="https://maven.apache.org/surefire/maven-surefire-plugin/xsd/surefire-test-report-3.0.xsd" version="3.0" name="TestSuite" time="24.693" tests="2" errors="0" skipped="0" failures="1">
  <properties>
    <property name="gopherProxySet" value="false"/>
    <property name="awt.toolkit" value="sun.lwawt.macosx.LWCToolkit"/>
    <property name="file.encoding.pkg" value="sun.io"/>
    <property name="java.specification.version" value="1.8"/>
    <property name="sun.cpu.isalist" value=""/>
    <property name="sun.jnu.encoding" value="UTF-8"/>
    <property name="java.class.path" value="/Users/vini/appiumbatch-workspace/appiumweekendbatch/AppiumFramework/target/test-classes:/Users/vini/appiumbatch-workspace/appiumweekendbatch/AppiumFramework/target/classes:/Users/vini/.m2/repository/io/appium/java-client/7.0.0/java-client-7.0.0.jar:/Users/vini/.m2/repository/org/seleniumhq/selenium/selenium-java/3.141.59/selenium-java-3.141.59.jar:/Users/vini/.m2/repository/org/seleniumhq/selenium/selenium-chrome-driver/3.141.59/selenium-chrome-driver-3.141.59.jar:/Users/vini/.m2/repository/org/seleniumhq/selenium/selenium-edge-driver/3.141.59/selenium-edge-driver-3.141.59.jar:/Users/vini/.m2/repository/org/seleniumhq/selenium/selenium-firefox-driver/3.141.59/selenium-firefox-driver-3.141.59.jar:/Users/vini/.m2/repository/org/seleniumhq/selenium/selenium-ie-driver/3.141.59/selenium-ie-driver-3.141.59.jar:/Users/vini/.m2/repository/org/seleniumhq/selenium/selenium-opera-driver/3.141.59/selenium-opera-driver-3.141.59.jar:/Users/vini/.m2/repository/org/seleniumhq/selenium/selenium-remote-driver/3.141.59/selenium-remote-driver-3.141.59.jar:/Users/vini/.m2/repository/org/seleniumhq/selenium/selenium-safari-driver/3.141.59/selenium-safari-driver-3.141.59.jar:/Users/vini/.m2/repository/net/bytebuddy/byte-buddy/1.8.15/byte-buddy-1.8.15.jar:/Users/vini/.m2/repository/org/apache/commons/commons-exec/1.3/commons-exec-1.3.jar:/Users/vini/.m2/repository/com/squareup/okhttp3/okhttp/3.11.0/okhttp-3.11.0.jar:/Users/vini/.m2/repository/com/squareup/okio/okio/1.14.0/okio-1.14.0.jar:/Users/vini/.m2/repository/org/seleniumhq/selenium/selenium-support/3.141.59/selenium-support-3.141.59.jar:/Users/vini/.m2/repository/org/seleniumhq/selenium/selenium-api/3.141.59/selenium-api-3.141.59.jar:/Users/vini/.m2/repository/com/google/code/gson/gson/2.8.5/gson-2.8.5.jar:/Users/vini/.m2/repository/org/apache/httpcomponents/httpclient/4.5.6/httpclient-4.5.6.jar:/Users/vini/.m2/repository/org/apache/httpcomponents/httpcore/4.4.10/httpcore-4.4.10.jar:/Users/vini/.m2/repository/commons-logging/commons-logging/1.2/commons-logging-1.2.jar:/Users/vini/.m2/repository/cglib/cglib/3.2.8/cglib-3.2.8.jar:/Users/vini/.m2/repository/org/ow2/asm/asm/6.2.1/asm-6.2.1.jar:/Users/vini/.m2/repository/org/apache/ant/ant/1.10.3/ant-1.10.3.jar:/Users/vini/.m2/repository/org/apache/ant/ant-launcher/1.10.3/ant-launcher-1.10.3.jar:/Users/vini/.m2/repository/commons-validator/commons-validator/1.6/commons-validator-1.6.jar:/Users/vini/.m2/repository/commons-beanutils/commons-beanutils/1.9.2/commons-beanutils-1.9.2.jar:/Users/vini/.m2/repository/commons-digester/commons-digester/1.8.1/commons-digester-1.8.1.jar:/Users/vini/.m2/repository/commons-collections/commons-collections/3.2.2/commons-collections-3.2.2.jar:/Users/vini/.m2/repository/org/apache/commons/commons-lang3/3.8/commons-lang3-3.8.jar:/Users/vini/.m2/repository/commons-io/commons-io/2.6/commons-io-2.6.jar:/Users/vini/.m2/repository/org/springframework/spring-context/5.1.0.RELEASE/spring-context-5.1.0.RELEASE.jar:/Users/vini/.m2/repository/org/springframework/spring-aop/5.1.0.RELEASE/spring-aop-5.1.0.RELEASE.jar:/Users/vini/.m2/repository/org/springframework/spring-beans/5.1.0.RELEASE/spring-beans-5.1.0.RELEASE.jar:/Users/vini/.m2/repository/org/springframework/spring-core/5.1.0.RELEASE/spring-core-5.1.0.RELEASE.jar:/Users/vini/.m2/repository/org/springframework/spring-jcl/5.1.0.RELEASE/spring-jcl-5.1.0.RELEASE.jar:/Users/vini/.m2/repository/org/springframework/spring-expression/5.1.0.RELEASE/spring-expression-5.1.0.RELEASE.jar:/Users/vini/.m2/repository/org/aspectj/aspectjweaver/1.9.1/aspectjweaver-1.9.1.jar:/Users/vini/.m2/repository/org/slf4j/slf4j-api/1.7.25/slf4j-api-1.7.25.jar:/Users/vini/.m2/repository/org/testng/testng/6.14.3/testng-6.14.3.jar:/Users/vini/.m2/repository/com/beust/jcommander/1.72/jcommander-1.72.jar:/Users/vini/.m2/repository/org/apache-extras/beanshell/bsh/2.0b6/bsh-2.0b6.jar:/Users/vini/.m2/repository/org/uncommons/reportng/1.1.4/reportng-1.1.4.jar:/Users/vini/.m2/repository/velocity/velocity/1.4/velocity-1.4.jar:/Users/vini/.m2/repository/velocity/velocity-dep/1.4/velocity-dep-1.4.jar:/Users/vini/.m2/repository/com/google/inject/guice/5.1.0/guice-5.1.0.jar:/Users/vini/.m2/repository/javax/inject/javax.inject/1/javax.inject-1.jar:/Users/vini/.m2/repository/aopalliance/aopalliance/1.0/aopalliance-1.0.jar:/Users/vini/.m2/repository/com/google/guava/guava/30.1-jre/guava-30.1-jre.jar:/Users/vini/.m2/repository/com/google/guava/failureaccess/1.0.1/failureaccess-1.0.1.jar:/Users/vini/.m2/repository/com/google/guava/listenablefuture/9999.0-empty-to-avoid-conflict-with-guava/listenablefuture-9999.0-empty-to-avoid-conflict-with-guava.jar:/Users/vini/.m2/repository/com/google/code/findbugs/jsr305/3.0.2/jsr305-3.0.2.jar:/Users/vini/.m2/repository/org/checkerframework/checker-qual/3.5.0/checker-qual-3.5.0.jar:/Users/vini/.m2/repository/com/google/errorprone/error_prone_annotations/2.3.4/error_prone_annotations-2.3.4.jar:/Users/vini/.m2/repository/com/google/j2objc/j2objc-annotations/1.3/j2objc-annotations-1.3.jar:/Users/vini/.m2/repository/com/aventstack/extentreports/4.1.7/extentreports-4.1.7.jar:/Users/vini/.m2/repository/org/freemarker/freemarker/2.3.29/freemarker-2.3.29.jar:/Users/vini/.m2/repository/org/apache/httpcomponents/httpmime/4.5.2/httpmime-4.5.2.jar:/Users/vini/.m2/repository/org/mongodb/mongodb-driver/3.12.0/mongodb-driver-3.12.0.jar:/Users/vini/.m2/repository/org/mongodb/mongodb-driver-core/3.12.0/mongodb-driver-core-3.12.0.jar:/Users/vini/.m2/repository/org/mongodb/bson/3.12.0/bson-3.12.0.jar:/Users/vini/.m2/repository/org/apache/poi/poi/5.2.2/poi-5.2.2.jar:/Users/vini/.m2/repository/commons-codec/commons-codec/1.15/commons-codec-1.15.jar:/Users/vini/.m2/repository/org/apache/commons/commons-collections4/4.4/commons-collections4-4.4.jar:/Users/vini/.m2/repository/org/apache/commons/commons-math3/3.6.1/commons-math3-3.6.1.jar:/Users/vini/.m2/repository/com/zaxxer/SparseBitSet/1.2/SparseBitSet-1.2.jar:/Users/vini/.m2/repository/org/apache/logging/log4j/log4j-api/2.17.2/log4j-api-2.17.2.jar:/Users/vini/.m2/repository/org/apache/poi/poi-ooxml/5.2.2/poi-ooxml-5.2.2.jar:/Users/vini/.m2/repository/org/apache/poi/poi-ooxml-lite/5.2.2/poi-ooxml-lite-5.2.2.jar:/Users/vini/.m2/repository/org/apache/xmlbeans/xmlbeans/5.0.3/xmlbeans-5.0.3.jar:/Users/vini/.m2/repository/xml-apis/xml-apis/1.4.01/xml-apis-1.4.01.jar:/Users/vini/.m2/repository/org/apache/commons/commons-compress/1.21/commons-compress-1.21.jar:/Users/vini/.m2/repository/com/github/virtuald/curvesapi/1.07/curvesapi-1.07.jar:/Users/vini/.m2/repository/org/apache/poi/poi-ooxml-schemas/4.1.2/poi-ooxml-schemas-4.1.2.jar:/Users/vini/.m2/repository/log4j/log4j/1.2.17/log4j-1.2.17.jar:/Users/vini/.m2/repository/org/dom4j/dom4j/2.1.3/dom4j-2.1.3.jar:"/>
    <property name="java.vm.vendor" value="Oracle Corporation"/>
    <property name="sun.arch.data.model" value="64"/>
    <property name="java.vendor.url" value="http://java.oracle.com/"/>
    <property name="user.timezone" value="Asia/Kolkata"/>
    <property name="java.vm.specification.version" value="1.8"/>
    <property name="os.name" value="Mac OS X"/>
    <property name="user.country" value="US"/>
    <property name="sun.java.launcher" value="SUN_STANDARD"/>
    <property name="sun.boot.library.path" value="/Library/Java/JavaVirtualMachines/jdk1.8.0_181.jdk/Contents/Home/jre/lib"/>
    <property name="sun.java.command" value="/Users/vini/appiumbatch-workspace/appiumweekendbatch/AppiumFramework/target/surefire/surefirebooter1274121091055954806.jar /Users/vini/appiumbatch-workspace/appiumweekendbatch/AppiumFramework/target/surefire 2022-04-23T11-57-50_000-jvmRun1 surefire4501797482834439089tmp surefire_01842211445586394491tmp"/>
    <property name="http.nonProxyHosts" value="local|*.local|169.254/16|*.169.254/16"/>
    <property name="surefire.test.class.path" value="/Users/vini/appiumbatch-workspace/appiumweekendbatch/AppiumFramework/target/test-classes:/Users/vini/appiumbatch-workspace/appiumweekendbatch/AppiumFramework/target/classes:/Users/vini/.m2/repository/io/appium/java-client/7.0.0/java-client-7.0.0.jar:/Users/vini/.m2/repository/org/seleniumhq/selenium/selenium-java/3.141.59/selenium-java-3.141.59.jar:/Users/vini/.m2/repository/org/seleniumhq/selenium/selenium-chrome-driver/3.141.59/selenium-chrome-driver-3.141.59.jar:/Users/vini/.m2/repository/org/seleniumhq/selenium/selenium-edge-driver/3.141.59/selenium-edge-driver-3.141.59.jar:/Users/vini/.m2/repository/org/seleniumhq/selenium/selenium-firefox-driver/3.141.59/selenium-firefox-driver-3.141.59.jar:/Users/vini/.m2/repository/org/seleniumhq/selenium/selenium-ie-driver/3.141.59/selenium-ie-driver-3.141.59.jar:/Users/vini/.m2/repository/org/seleniumhq/selenium/selenium-opera-driver/3.141.59/selenium-opera-driver-3.141.59.jar:/Users/vini/.m2/repository/org/seleniumhq/selenium/selenium-remote-driver/3.141.59/selenium-remote-driver-3.141.59.jar:/Users/vini/.m2/repository/org/seleniumhq/selenium/selenium-safari-driver/3.141.59/selenium-safari-driver-3.141.59.jar:/Users/vini/.m2/repository/net/bytebuddy/byte-buddy/1.8.15/byte-buddy-1.8.15.jar:/Users/vini/.m2/repository/org/apache/commons/commons-exec/1.3/commons-exec-1.3.jar:/Users/vini/.m2/repository/com/squareup/okhttp3/okhttp/3.11.0/okhttp-3.11.0.jar:/Users/vini/.m2/repository/com/squareup/okio/okio/1.14.0/okio-1.14.0.jar:/Users/vini/.m2/repository/org/seleniumhq/selenium/selenium-support/3.141.59/selenium-support-3.141.59.jar:/Users/vini/.m2/repository/org/seleniumhq/selenium/selenium-api/3.141.59/selenium-api-3.141.59.jar:/Users/vini/.m2/repository/com/google/code/gson/gson/2.8.5/gson-2.8.5.jar:/Users/vini/.m2/repository/org/apache/httpcomponents/httpclient/4.5.6/httpclient-4.5.6.jar:/Users/vini/.m2/repository/org/apache/httpcomponents/httpcore/4.4.10/httpcore-4.4.10.jar:/Users/vini/.m2/repository/commons-logging/commons-logging/1.2/commons-logging-1.2.jar:/Users/vini/.m2/repository/cglib/cglib/3.2.8/cglib-3.2.8.jar:/Users/vini/.m2/repository/org/ow2/asm/asm/6.2.1/asm-6.2.1.jar:/Users/vini/.m2/repository/org/apache/ant/ant/1.10.3/ant-1.10.3.jar:/Users/vini/.m2/repository/org/apache/ant/ant-launcher/1.10.3/ant-launcher-1.10.3.jar:/Users/vini/.m2/repository/commons-validator/commons-validator/1.6/commons-validator-1.6.jar:/Users/vini/.m2/repository/commons-beanutils/commons-beanutils/1.9.2/commons-beanutils-1.9.2.jar:/Users/vini/.m2/repository/commons-digester/commons-digester/1.8.1/commons-digester-1.8.1.jar:/Users/vini/.m2/repository/commons-collections/commons-collections/3.2.2/commons-collections-3.2.2.jar:/Users/vini/.m2/repository/org/apache/commons/commons-lang3/3.8/commons-lang3-3.8.jar:/Users/vini/.m2/repository/commons-io/commons-io/2.6/commons-io-2.6.jar:/Users/vini/.m2/repository/org/springframework/spring-context/5.1.0.RELEASE/spring-context-5.1.0.RELEASE.jar:/Users/vini/.m2/repository/org/springframework/spring-aop/5.1.0.RELEASE/spring-aop-5.1.0.RELEASE.jar:/Users/vini/.m2/repository/org/springframework/spring-beans/5.1.0.RELEASE/spring-beans-5.1.0.RELEASE.jar:/Users/vini/.m2/repository/org/springframework/spring-core/5.1.0.RELEASE/spring-core-5.1.0.RELEASE.jar:/Users/vini/.m2/repository/org/springframework/spring-jcl/5.1.0.RELEASE/spring-jcl-5.1.0.RELEASE.jar:/Users/vini/.m2/repository/org/springframework/spring-expression/5.1.0.RELEASE/spring-expression-5.1.0.RELEASE.jar:/Users/vini/.m2/repository/org/aspectj/aspectjweaver/1.9.1/aspectjweaver-1.9.1.jar:/Users/vini/.m2/repository/org/slf4j/slf4j-api/1.7.25/slf4j-api-1.7.25.jar:/Users/vini/.m2/repository/org/testng/testng/6.14.3/testng-6.14.3.jar:/Users/vini/.m2/repository/com/beust/jcommander/1.72/jcommander-1.72.jar:/Users/vini/.m2/repository/org/apache-extras/beanshell/bsh/2.0b6/bsh-2.0b6.jar:/Users/vini/.m2/repository/org/uncommons/reportng/1.1.4/reportng-1.1.4.jar:/Users/vini/.m2/repository/velocity/velocity/1.4/velocity-1.4.jar:/Users/vini/.m2/repository/velocity/velocity-dep/1.4/velocity-dep-1.4.jar:/Users/vini/.m2/repository/com/google/inject/guice/5.1.0/guice-5.1.0.jar:/Users/vini/.m2/repository/javax/inject/javax.inject/1/javax.inject-1.jar:/Users/vini/.m2/repository/aopalliance/aopalliance/1.0/aopalliance-1.0.jar:/Users/vini/.m2/repository/com/google/guava/guava/30.1-jre/guava-30.1-jre.jar:/Users/vini/.m2/repository/com/google/guava/failureaccess/1.0.1/failureaccess-1.0.1.jar:/Users/vini/.m2/repository/com/google/guava/listenablefuture/9999.0-empty-to-avoid-conflict-with-guava/listenablefuture-9999.0-empty-to-avoid-conflict-with-guava.jar:/Users/vini/.m2/repository/com/google/code/findbugs/jsr305/3.0.2/jsr305-3.0.2.jar:/Users/vini/.m2/repository/org/checkerframework/checker-qual/3.5.0/checker-qual-3.5.0.jar:/Users/vini/.m2/repository/com/google/errorprone/error_prone_annotations/2.3.4/error_prone_annotations-2.3.4.jar:/Users/vini/.m2/repository/com/google/j2objc/j2objc-annotations/1.3/j2objc-annotations-1.3.jar:/Users/vini/.m2/repository/com/aventstack/extentreports/4.1.7/extentreports-4.1.7.jar:/Users/vini/.m2/repository/org/freemarker/freemarker/2.3.29/freemarker-2.3.29.jar:/Users/vini/.m2/repository/org/apache/httpcomponents/httpmime/4.5.2/httpmime-4.5.2.jar:/Users/vini/.m2/repository/org/mongodb/mongodb-driver/3.12.0/mongodb-driver-3.12.0.jar:/Users/vini/.m2/repository/org/mongodb/mongodb-driver-core/3.12.0/mongodb-driver-core-3.12.0.jar:/Users/vini/.m2/repository/org/mongodb/bson/3.12.0/bson-3.12.0.jar:/Users/vini/.m2/repository/org/apache/poi/poi/5.2.2/poi-5.2.2.jar:/Users/vini/.m2/repository/commons-codec/commons-codec/1.15/commons-codec-1.15.jar:/Users/vini/.m2/repository/org/apache/commons/commons-collections4/4.4/commons-collections4-4.4.jar:/Users/vini/.m2/repository/org/apache/commons/commons-math3/3.6.1/commons-math3-3.6.1.jar:/Users/vini/.m2/repository/com/zaxxer/SparseBitSet/1.2/SparseBitSet-1.2.jar:/Users/vini/.m2/repository/org/apache/logging/log4j/log4j-api/2.17.2/log4j-api-2.17.2.jar:/Users/vini/.m2/repository/org/apache/poi/poi-ooxml/5.2.2/poi-ooxml-5.2.2.jar:/Users/vini/.m2/repository/org/apache/poi/poi-ooxml-lite/5.2.2/poi-ooxml-lite-5.2.2.jar:/Users/vini/.m2/repository/org/apache/xmlbeans/xmlbeans/5.0.3/xmlbeans-5.0.3.jar:/Users/vini/.m2/repository/xml-apis/xml-apis/1.4.01/xml-apis-1.4.01.jar:/Users/vini/.m2/repository/org/apache/commons/commons-compress/1.21/commons-compress-1.21.jar:/Users/vini/.m2/repository/com/github/virtuald/curvesapi/1.07/curvesapi-1.07.jar:/Users/vini/.m2/repository/org/apache/poi/poi-ooxml-schemas/4.1.2/poi-ooxml-schemas-4.1.2.jar:/Users/vini/.m2/repository/log4j/log4j/1.2.17/log4j-1.2.17.jar:/Users/vini/.m2/repository/org/dom4j/dom4j/2.1.3/dom4j-2.1.3.jar:"/>
    <property name="sun.cpu.endian" value="little"/>
    <property name="user.home" value="/Users/vini"/>
    <property name="user.language" value="en"/>
    <property name="java.specification.vendor" value="Oracle Corporation"/>
    <property name="java.home" value="/Library/Java/JavaVirtualMachines/jdk1.8.0_181.jdk/Contents/Home/jre"/>
    <property name="basedir" value="/Users/vini/appiumbatch-workspace/appiumweekendbatch/AppiumFramework"/>
    <property name="file.separator" value="/"/>
    <property name="line.separator" value="&#10;"/>
    <property name="java.vm.specification.vendor" value="Oracle Corporation"/>
    <property name="java.specification.name" value="Java Platform API Specification"/>
    <property name="java.awt.graphicsenv" value="sun.awt.CGraphicsEnvironment"/>
    <property name="surefire.real.class.path" value="/Users/vini/appiumbatch-workspace/appiumweekendbatch/AppiumFramework/target/surefire/surefirebooter1274121091055954806.jar"/>
    <property name="sun.boot.class.path" value="/Library/Java/JavaVirtualMachines/jdk1.8.0_181.jdk/Contents/Home/jre/lib/resources.jar:/Library/Java/JavaVirtualMachines/jdk1.8.0_181.jdk/Contents/Home/jre/lib/rt.jar:/Library/Java/JavaVirtualMachines/jdk1.8.0_181.jdk/Contents/Home/jre/lib/sunrsasign.jar:/Library/Java/JavaVirtualMachines/jdk1.8.0_181.jdk/Contents/Home/jre/lib/jsse.jar:/Library/Java/JavaVirtualMachines/jdk1.8.0_181.jdk/Contents/Home/jre/lib/jce.jar:/Library/Java/JavaVirtualMachines/jdk1.8.0_181.jdk/Contents/Home/jre/lib/charsets.jar:/Library/Java/JavaVirtualMachines/jdk1.8.0_181.jdk/Contents/Home/jre/lib/jfr.jar:/Library/Java/JavaVirtualMachines/jdk1.8.0_181.jdk/Contents/Home/jre/classes"/>
    <property name="sun.management.compiler" value="HotSpot 64-Bit Tiered Compilers"/>
    <property name="ftp.nonProxyHosts" value="local|*.local|169.254/16|*.169.254/16"/>
    <property name="java.runtime.version" value="1.8.0_181-b13"/>
    <property name="user.name" value="vini"/>
    <property name="path.separator" value=":"/>
    <property name="os.version" value="10.13.6"/>
    <property name="java.endorsed.dirs" value="/Library/Java/JavaVirtualMachines/jdk1.8.0_181.jdk/Contents/Home/jre/lib/endorsed"/>
    <property name="java.runtime.name" value="Java(TM) SE Runtime Environment"/>
    <property name="file.encoding" value="UTF-8"/>
    <property name="java.vm.name" value="Java HotSpot(TM) 64-Bit Server VM"/>
    <property name="localRepository" value="/Users/vini/.m2/repository"/>
    <property name="java.vendor.url.bug" value="http://bugreport.sun.com/bugreport/"/>
    <property name="java.io.tmpdir" value="/var/folders/md/s2y3hx7d6dj6190ypwdz5ms40000gp/T/"/>
    <property name="java.version" value="1.8.0_181"/>
    <property name="user.dir" value="/Users/vini/appiumbatch-workspace/appiumweekendbatch/AppiumFramework"/>
    <property name="os.arch" value="x86_64"/>
    <property name="java.vm.specification.name" value="Java Virtual Machine Specification"/>
    <property name="java.awt.printerjob" value="sun.lwawt.macosx.CPrinterJob"/>
    <property name="sun.os.patch.level" value="unknown"/>
    <property name="java.library.path" value="/Users/vini/Library/Java/Extensions:/Library/Java/Extensions:/Network/Library/Java/Extensions:/System/Library/Java/Extensions:/usr/lib/java:."/>
    <property name="java.vm.info" value="mixed mode"/>
    <property name="java.vendor" value="Oracle Corporation"/>
    <property name="java.vm.version" value="25.181-b13"/>
    <property name="java.ext.dirs" value="/Users/vini/Library/Java/Extensions:/Library/Java/JavaVirtualMachines/jdk1.8.0_181.jdk/Contents/Home/jre/lib/ext:/Library/Java/Extensions:/Network/Library/Java/Extensions:/System/Library/Java/Extensions:/usr/lib/java"/>
    <property name="sun.io.unicode.encoding" value="UnicodeBig"/>
    <property name="java.class.version" value="52.0"/>
    <property name="socksNonProxyHosts" value="local|*.local|169.254/16|*.169.254/16"/>
  </properties>
  <testcase name="validateGetStartedButton" classname="com.automation.framework.testcases.LoginTest" time="2.561">
    <system-out><![CDATA[&amp#27;[35m[Appium]&amp#27;[39m Welcome to Appium v1.19.1
&amp#27;[35m[Appium]&amp#27;[39m Non-default server args:
&amp#27;[35m[Appium]&amp#27;[39m   logFile: /Users/vini/appiumbatch-workspace/appiumweekendbatch/AppiumFramework/src/test/resources/logs/appiumlogs.txt
&amp#27;[35m[Appium]&amp#27;[39m   localTimezone: true
&amp#27;[35m[Appium]&amp#27;[39m Appium REST http interface listener started on 0.0.0.0:4723
&amp#27;[35m[HTTP]&amp#27;[39m &amp#27;[37m-->&amp#27;[39m &amp#27;[37mGET&amp#27;[39m &amp#27;[37m/wd/hub/status&amp#27;[39m
&amp#27;[35m[HTTP]&amp#27;[39m &amp#27;[90m{}&amp#27;[39m
[debug] &amp#27;[35m[GENERIC]&amp#27;[39m Calling AppiumDriver.getStatus() with args: []
[debug] &amp#27;[35m[GENERIC]&amp#27;[39m Responding to client with driver.getStatus() result: {"build":{"version":"1.19.1"}}
&amp#27;[35m[HTTP]&amp#27;[39m &amp#27;[37m<-- GET /wd/hub/status &amp#27;[39m&amp#27;[32m200&amp#27;[39m &amp#27;[90m10 ms - 68&amp#27;[39m
&amp#27;[35m[HTTP]&amp#27;[39m &amp#27;[90m&amp#27;[39m
04-23-2022 11:57:55 TestBase.java INFO  [main] base.TestBase 31 - Android_Flipboard.properties Propeties file loaded for android.....
&amp#27;[35m[HTTP]&amp#27;[39m &amp#27;[37m-->&amp#27;[39m &amp#27;[37mPOST&amp#27;[39m &amp#27;[37m/wd/hub/session&amp#27;[39m
&amp#27;[35m[HTTP]&amp#27;[39m &amp#27;[90m{"desiredCapabilities":{"appActivity":"flipboard.activities.LaunchActivity","appPackage":"flipboard.app","platformVersion":"9","automationName":"UIAutomator2","platformName":"Android","deviceName":"Nexus:5554"},"capabilities":{"firstMatch":[{"appium:appActivity":"flipboard.activities.LaunchActivity","appium:appPackage":"flipboard.app","appium:automationName":"UIAutomator2","appium:deviceName":"Nexus:5554","platformName":"android","appium:platformVersion":"9"}]}}&amp#27;[39m
[debug] &amp#27;[35m[W3C]&amp#27;[39m Calling AppiumDriver.createSession() with args: [{"appActivity":"flipboard.activities.LaunchActivity","appPackage":"flipboard.app","platformVersion":"9","automationName":"UIAutomator2","platformName":"Android","deviceName":"Nexus:5554"},null,{"firstMatch":[{"appium:appActivity":"flipboard.activities.LaunchActivity","appium:appPackage":"flipboard.app","appium:automationName":"UIAutomator2","appium:deviceName":"Nexus:5554","platformName":"android","appium:platformVersion":"9"}]}]
[debug] &amp#27;[35m[BaseDriver]&amp#27;[39m Event 'newSessionRequested' logged at 1650695275958 (11:57:55 GMT+0530 (India Standard Time))
&amp#27;[35m[Appium]&amp#27;[39m Appium v1.19.1 creating new AndroidUiautomator2Driver (v1.59.0) session
[debug] &amp#27;[35m[BaseDriver]&amp#27;[39m W3C capabilities and MJSONWP desired capabilities were provided
[debug] &amp#27;[35m[BaseDriver]&amp#27;[39m Creating session with W3C capabilities: {
[debug] &amp#27;[35m[BaseDriver]&amp#27;[39m   "alwaysMatch": {
[debug] &amp#27;[35m[BaseDriver]&amp#27;[39m     "platformName": "android",
[debug] &amp#27;[35m[BaseDriver]&amp#27;[39m     "appium:appActivity": "flipboard.activities.LaunchActivity",
[debug] &amp#27;[35m[BaseDriver]&amp#27;[39m     "appium:appPackage": "flipboard.app",
[debug] &amp#27;[35m[BaseDriver]&amp#27;[39m     "appium:automationName": "UIAutomator2",
[debug] &amp#27;[35m[BaseDriver]&amp#27;[39m     "appium:deviceName": "Nexus:5554",
[debug] &amp#27;[35m[BaseDriver]&amp#27;[39m     "appium:platformVersion": "9"
[debug] &amp#27;[35m[BaseDriver]&amp#27;[39m   },
[debug] &amp#27;[35m[BaseDriver]&amp#27;[39m   "firstMatch": [
[debug] &amp#27;[35m[BaseDriver]&amp#27;[39m     {}
[debug] &amp#27;[35m[BaseDriver]&amp#27;[39m   ]
[debug] &amp#27;[35m[BaseDriver]&amp#27;[39m }
&amp#27;[35m[BaseDriver]&amp#27;[39m Session created with session id: 6c027153-de14-4360-bf21-330fdfd2de91
&amp#27;[35m[UiAutomator2]&amp#27;[39m Starting 'flipboard.app' directly on the device
&amp#27;[35m[ADB]&amp#27;[39m Found 3 'build-tools' folders under '/Users/vini/Library/Android/sdk/' (newest first):
&amp#27;[35m[ADB]&amp#27;[39m     /Users/vini/Library/Android/sdk/build-tools/30.0.2
&amp#27;[35m[ADB]&amp#27;[39m     /Users/vini/Library/Android/sdk/build-tools/28.0.1
&amp#27;[35m[ADB]&amp#27;[39m     /Users/vini/Library/Android/sdk/build-tools/27.0.3
&amp#27;[35m[ADB]&amp#27;[39m Using 'adb' from '/Users/vini/Library/Android/sdk/platform-tools/adb'
[debug] &amp#27;[35m[ADB]&amp#27;[39m Running '/Users/vini/Library/Android/sdk/platform-tools/adb -P 5037 start-server'
&amp#27;[35m[AndroidDriver]&amp#27;[39m Retrieving device list
[debug] &amp#27;[35m[ADB]&amp#27;[39m Trying to find a connected android device
[debug] &amp#27;[35m[ADB]&amp#27;[39m Getting connected devices
[debug] &amp#27;[35m[ADB]&amp#27;[39m Connected devices: [{"udid":"emulator-5554","state":"device"}]
&amp#27;[35m[AndroidDriver]&amp#27;[39m Looking for a device with Android '9.0.0'
[debug] &amp#27;[35m[ADB]&amp#27;[39m Setting device id to emulator-5554
&amp#27;[35m[ADB]&amp#27;[39m Getting device platform version
[debug] &amp#27;[35m[ADB]&amp#27;[39m Running '/Users/vini/Library/Android/sdk/platform-tools/adb -P 5037 -s emulator-5554 shell getprop ro.build.version.release'
[debug] &amp#27;[35m[ADB]&amp#27;[39m Current device property 'ro.build.version.release': 9
&amp#27;[35m[AndroidDriver]&amp#27;[39m Using device: emulator-5554
&amp#27;[35m[ADB]&amp#27;[39m Using 'adb' from '/Users/vini/Library/Android/sdk/platform-tools/adb'
[debug] &amp#27;[35m[ADB]&amp#27;[39m Running '/Users/vini/Library/Android/sdk/platform-tools/adb -P 5037 start-server'
[debug] &amp#27;[35m[ADB]&amp#27;[39m Setting device id to emulator-5554
[debug] &amp#27;[35m[ADB]&amp#27;[39m Running '/Users/vini/Library/Android/sdk/platform-tools/adb -P 5037 -s emulator-5554 shell getprop ro.build.version.sdk'
[debug] &amp#27;[35m[ADB]&amp#27;[39m Current device property 'ro.build.version.sdk': 28
&amp#27;[35m[ADB]&amp#27;[39m Getting device platform version
[debug] &amp#27;[35m[ADB]&amp#27;[39m Running '/Users/vini/Library/Android/sdk/platform-tools/adb -P 5037 -s emulator-5554 shell getprop ro.build.version.release'
[debug] &amp#27;[35m[ADB]&amp#27;[39m Current device property 'ro.build.version.release': 9
[debug] &amp#27;[35m[ADB]&amp#27;[39m Device API level: 28
&amp#27;[35m[UiAutomator2]&amp#27;[39m Relaxing hidden api policy
[debug] &amp#27;[35m[ADB]&amp#27;[39m Running '/Users/vini/Library/Android/sdk/platform-tools/adb -P 5037 -s emulator-5554 shell 'settings put global hidden_api_policy_pre_p_apps 1;settings put global hidden_api_policy_p_apps 1;settings put global hidden_api_policy 1''
&amp#27;[35m[AndroidDriver]&amp#27;[39m No app sent in, not parsing package/activity
[debug] &amp#27;[35m[ADB]&amp#27;[39m Running '/Users/vini/Library/Android/sdk/platform-tools/adb -P 5037 -s emulator-5554 wait-for-device'
[debug] &amp#27;[35m[ADB]&amp#27;[39m Running '/Users/vini/Library/Android/sdk/platform-tools/adb -P 5037 -s emulator-5554 shell echo ping'
[debug] &amp#27;[35m[AndroidDriver]&amp#27;[39m Pushing settings apk to device...
[debug] &amp#27;[35m[ADB]&amp#27;[39m Getting install status for io.appium.settings
[debug] &amp#27;[35m[ADB]&amp#27;[39m Running '/Users/vini/Library/Android/sdk/platform-tools/adb -P 5037 -s emulator-5554 shell dumpsys package io.appium.settings'
[debug] &amp#27;[35m[ADB]&amp#27;[39m 'io.appium.settings' is installed
[debug] &amp#27;[35m[ADB]&amp#27;[39m Getting package info for 'io.appium.settings'
[debug] &amp#27;[35m[ADB]&amp#27;[39m Running '/Users/vini/Library/Android/sdk/platform-tools/adb -P 5037 -s emulator-5554 shell dumpsys package io.appium.settings'
[debug] &amp#27;[35m[ADB]&amp#27;[39m The version name of the installed 'io.appium.settings' is greater or equal to the application version name ('3.2.1' >= '3.2.1')
[debug] &amp#27;[35m[ADB]&amp#27;[39m There is no need to install/upgrade '/Applications/Appium.app/Contents/Resources/app/node_modules/appium/node_modules/io.appium.settings/apks/settings_apk-debug.apk'
[debug] &amp#27;[35m[ADB]&amp#27;[39m Getting IDs of all 'io.appium.settings' processes
[debug] &amp#27;[35m[ADB]&amp#27;[39m Running '/Users/vini/Library/Android/sdk/platform-tools/adb -P 5037 -s emulator-5554 shell 'pgrep --help; echo $?''
[debug] &amp#27;[35m[ADB]&amp#27;[39m Running '/Users/vini/Library/Android/sdk/platform-tools/adb -P 5037 -s emulator-5554 shell pgrep -f \(\[\[:blank:\]\]\|\^\)io\.appium\.settings\(\[\[:blank:\]\]\|\$\)'
[debug] &amp#27;[35m[AndroidDriver]&amp#27;[39m io.appium.settings is already running. There is no need to reset its permissions.
[debug] &amp#27;[35m[Logcat]&amp#27;[39m Starting logs capture with command: /Users/vini/Library/Android/sdk/platform-tools/adb -P 5037 -s emulator-5554 logcat -v threadtime
[debug] &amp#27;[35m[UiAutomator2]&amp#27;[39m Forwarding UiAutomator2 Server port 6790 to local port 8200
[debug] &amp#27;[35m[ADB]&amp#27;[39m Forwarding system: 8200 to device: 6790
[debug] &amp#27;[35m[ADB]&amp#27;[39m Running '/Users/vini/Library/Android/sdk/platform-tools/adb -P 5037 -s emulator-5554 forward tcp:8200 tcp:6790'
[debug] &amp#27;[35m[ADB]&amp#27;[39m Getting install status for io.appium.uiautomator2.server
[debug] &amp#27;[35m[ADB]&amp#27;[39m Running '/Users/vini/Library/Android/sdk/platform-tools/adb -P 5037 -s emulator-5554 shell dumpsys package io.appium.uiautomator2.server'
[debug] &amp#27;[35m[ADB]&amp#27;[39m 'io.appium.uiautomator2.server' is installed
[debug] &amp#27;[35m[ADB]&amp#27;[39m Getting package info for 'io.appium.uiautomator2.server'
[debug] &amp#27;[35m[ADB]&amp#27;[39m Running '/Users/vini/Library/Android/sdk/platform-tools/adb -P 5037 -s emulator-5554 shell dumpsys package io.appium.uiautomator2.server'
[debug] &amp#27;[35m[ADB]&amp#27;[39m The version name of the installed 'io.appium.uiautomator2.server' is greater or equal to the application version name ('4.15.0' >= '4.15.0')
[debug] &amp#27;[35m[UiAutomator2]&amp#27;[39m io.appium.uiautomator2.server installation state: sameVersionInstalled
[debug] &amp#27;[35m[ADB]&amp#27;[39m Checking app cert for /Applications/Appium.app/Contents/Resources/app/node_modules/appium/node_modules/appium-uiautomator2-server/apks/appium-uiautomator2-server-v4.15.0.apk
&amp#27;[35m[ADB]&amp#27;[39m Using 'apksigner.jar' from '/Users/vini/Library/Android/sdk/build-tools/30.0.2/lib/apksigner.jar'
[debug] &amp#27;[35m[ADB]&amp#27;[39m Starting apksigner: /Library/Java/JavaVirtualMachines/jdk1.8.0_181.jdk/Contents/Home/bin/java -Xmx1024M -Xss1m -jar /Users/vini/Library/Android/sdk/build-tools/30.0.2/lib/apksigner.jar verify --print-certs /Applications/Appium.app/Contents/Resources/app/node_modules/appium/node_modules/appium-uiautomator2-server/apks/appium-uiautomator2-server-v4.15.0.apk
[debug] &amp#27;[35m[ADB]&amp#27;[39m apksigner stdout: Signer #1 certificate DN: EMAILADDRESS=android@android.com, CN=Android, OU=Android, O=Android, L=Mountain View, ST=California, C=US
[debug] &amp#27;[35m[ADB]&amp#27;[39m Signer #1 certificate SHA-256 digest: a40da80a59d170caa950cf15c18c454d47a39b26989d8b640ecd745ba71bf5dc
[debug] &amp#27;[35m[ADB]&amp#27;[39m Signer #1 certificate SHA-1 digest: 61ed377e85d386a8dfee6b864bd85b0bfaa5af81
[debug] &amp#27;[35m[ADB]&amp#27;[39m Signer #1 certificate MD5 digest: e89b158e4bcf988ebd09eb83f5378e87
[debug] &amp#27;[35m[ADB]&amp#27;[39m 
[debug] &amp#27;[35m[ADB]&amp#27;[39m sha256 hash did match for 'appium-uiautomator2-server-v4.15.0.apk'
&amp#27;[35m[ADB]&amp#27;[39m '/Applications/Appium.app/Contents/Resources/app/node_modules/appium/node_modules/appium-uiautomator2-server/apks/appium-uiautomator2-server-v4.15.0.apk' is signed with the default certificate
[debug] &amp#27;[35m[ADB]&amp#27;[39m Getting install status for io.appium.uiautomator2.server.test
[debug] &amp#27;[35m[ADB]&amp#27;[39m Running '/Users/vini/Library/Android/sdk/platform-tools/adb -P 5037 -s emulator-5554 shell dumpsys package io.appium.uiautomator2.server.test'
[debug] &amp#27;[35m[ADB]&amp#27;[39m 'io.appium.uiautomator2.server.test' is installed
[debug] &amp#27;[35m[ADB]&amp#27;[39m Checking app cert for /Applications/Appium.app/Contents/Resources/app/node_modules/appium/node_modules/appium-uiautomator2-server/apks/appium-uiautomator2-server-debug-androidTest.apk
[debug] &amp#27;[35m[ADB]&amp#27;[39m Starting apksigner: /Library/Java/JavaVirtualMachines/jdk1.8.0_181.jdk/Contents/Home/bin/java -Xmx1024M -Xss1m -jar /Users/vini/Library/Android/sdk/build-tools/30.0.2/lib/apksigner.jar verify --print-certs /Applications/Appium.app/Contents/Resources/app/node_modules/appium/node_modules/appium-uiautomator2-server/apks/appium-uiautomator2-server-debug-androidTest.apk
[debug] &amp#27;[35m[ADB]&amp#27;[39m apksigner stdout: Signer #1 certificate DN: EMAILADDRESS=android@android.com, CN=Android, OU=Android, O=Android, L=Mountain View, ST=California, C=US
[debug] &amp#27;[35m[ADB]&amp#27;[39m Signer #1 certificate SHA-256 digest: a40da80a59d170caa950cf15c18c454d47a39b26989d8b640ecd745ba71bf5dc
[debug] &amp#27;[35m[ADB]&amp#27;[39m Signer #1 certificate SHA-1 digest: 61ed377e85d386a8dfee6b864bd85b0bfaa5af81
[debug] &amp#27;[35m[ADB]&amp#27;[39m Signer #1 certificate MD5 digest: e89b158e4bcf988ebd09eb83f5378e87
[debug] &amp#27;[35m[ADB]&amp#27;[39m 
[debug] &amp#27;[35m[ADB]&amp#27;[39m sha256 hash did match for 'appium-uiautomator2-server-debug-androidTest.apk'
&amp#27;[35m[ADB]&amp#27;[39m '/Applications/Appium.app/Contents/Resources/app/node_modules/appium/node_modules/appium-uiautomator2-server/apks/appium-uiautomator2-server-debug-androidTest.apk' is signed with the default certificate
&amp#27;[35m[UiAutomator2]&amp#27;[39m Server packages are not going to be (re)installed
[debug] &amp#27;[35m[UiAutomator2]&amp#27;[39m Waiting up to 30000ms for services to be available
[debug] &amp#27;[35m[ADB]&amp#27;[39m Running '/Users/vini/Library/Android/sdk/platform-tools/adb -P 5037 -s emulator-5554 shell pm list instrumentation'
[debug] &amp#27;[35m[UiAutomator2]&amp#27;[39m Instrumentation target 'io.appium.uiautomator2.server.test/androidx.test.runner.AndroidJUnitRunner' is available
[debug] &amp#27;[35m[UiAutomator2]&amp#27;[39m No app capability. Assuming it is already on the device
[debug] &amp#27;[35m[ADB]&amp#27;[39m Getting install status for flipboard.app
[debug] &amp#27;[35m[ADB]&amp#27;[39m Running '/Users/vini/Library/Android/sdk/platform-tools/adb -P 5037 -s emulator-5554 shell dumpsys package flipboard.app'
[debug] &amp#27;[35m[ADB]&amp#27;[39m 'flipboard.app' is installed
[debug] &amp#27;[35m[ADB]&amp#27;[39m Running '/Users/vini/Library/Android/sdk/platform-tools/adb -P 5037 -s emulator-5554 shell am force-stop flipboard.app'
[debug] &amp#27;[35m[ADB]&amp#27;[39m Running '/Users/vini/Library/Android/sdk/platform-tools/adb -P 5037 -s emulator-5554 shell pm clear flipboard.app'
[debug] &amp#27;[35m[AndroidDriver]&amp#27;[39m Performed fast reset on the installed 'flipboard.app' application (stop and clear)
[debug] &amp#27;[35m[UiAutomator2]&amp#27;[39m Performing shallow cleanup of automation leftovers
[debug] &amp#27;[35m[UiAutomator2]&amp#27;[39m No obsolete sessions have been detected (socket hang up)
[debug] &amp#27;[35m[ADB]&amp#27;[39m Running '/Users/vini/Library/Android/sdk/platform-tools/adb -P 5037 -s emulator-5554 shell am force-stop io.appium.uiautomator2.server.test'
&amp#27;[35m[UiAutomator2]&amp#27;[39m Starting UIAutomator2 server 4.15.0
&amp#27;[35m[UiAutomator2]&amp#27;[39m Using UIAutomator2 server from '/Applications/Appium.app/Contents/Resources/app/node_modules/appium/node_modules/appium-uiautomator2-server/apks/appium-uiautomator2-server-v4.15.0.apk' and test from '/Applications/Appium.app/Contents/Resources/app/node_modules/appium/node_modules/appium-uiautomator2-server/apks/appium-uiautomator2-server-debug-androidTest.apk'
&amp#27;[35m[UiAutomator2]&amp#27;[39m Waiting up to 30000ms for UiAutomator2 to be online...
[debug] &amp#27;[35m[ADB]&amp#27;[39m Creating ADB subprocess with args: ["-P",5037,"-s","emulator-5554","shell","am","instrument","-w","io.appium.uiautomator2.server.test/androidx.test.runner.AndroidJUnitRunner"]
[debug] &amp#27;[35m[WD Proxy]&amp#27;[39m Matched '/status' to command name 'getStatus'
[debug] &amp#27;[35m[WD Proxy]&amp#27;[39m Proxying [GET /status] to [GET http://127.0.0.1:8200/wd/hub/status] with no body
&amp#27;[35m[WD Proxy]&amp#27;[39m socket hang up
[debug] &amp#27;[35m[Instrumentation]&amp#27;[39m io.appium.uiautomator2.server.test.AppiumUiAutomator2Server:
[debug] &amp#27;[35m[WD Proxy]&amp#27;[39m Matched '/status' to command name 'getStatus'
[debug] &amp#27;[35m[WD Proxy]&amp#27;[39m Proxying [GET /status] to [GET http://127.0.0.1:8200/wd/hub/status] with no body
&amp#27;[35m[WD Proxy]&amp#27;[39m socket hang up
[debug] &amp#27;[35m[WD Proxy]&amp#27;[39m Matched '/status' to command name 'getStatus'
[debug] &amp#27;[35m[WD Proxy]&amp#27;[39m Proxying [GET /status] to [GET http://127.0.0.1:8200/wd/hub/status] with no body
[debug] &amp#27;[35m[WD Proxy]&amp#27;[39m Got response with status 200: {"sessionId":"None","value":{"message":"UiAutomator2 Server is ready to accept commands","ready":true}}
[debug] &amp#27;[35m[UiAutomator2]&amp#27;[39m The initialization of the instrumentation process took 3239ms
[debug] &amp#27;[35m[WD Proxy]&amp#27;[39m Matched '/session' to command name 'createSession'
[debug] &amp#27;[35m[WD Proxy]&amp#27;[39m Proxying [POST /session] to [POST http://127.0.0.1:8200/wd/hub/session] with body: {"capabilities":{"firstMatch":[{"platform":"LINUX","webStorageEnabled":false,"takesScreenshot":true,"javascriptEnabled":true,"databaseEnabled":false,"networkConnectionEnabled":true,"locationContextEnabled":false,"warnings":{},"desired":{"platformName":"android","appActivity":"flipboard.activities.LaunchActivity","appPackage":"flipboard.app","automationName":"UIAutomator2","deviceName":"Nexus:5554","platformVersion":"9"},"platformName":"android","appActivity":"flipboard.activities.LaunchActivity","appPackage":"flipboard.app","automationName":"UIAutomator2","deviceName":"emulator-5554","platformVersion":"9","deviceUDID":"emulator-5554"}],"alwaysMatch":{}}}
[debug] &amp#27;[35m[WD Proxy]&amp#27;[39m Got response with status 200: {"sessionId":"b01b9567-541d-483f-ac26-a8bce9d5c12b","value":{"capabilities":{"firstMatch":[{"platform":"LINUX","webStorageEnabled":false,"takesScreenshot":true,"javascriptEnabled":true,"databaseEnabled":false,"networkConnectionEnabled":true,"locationContextEnabled":false,"warnings":{},"desired":{"platformName":"android","appActivity":"flipboard.activities.LaunchActivity","appPackage":"flipboard.app","automationName":"UIAutomator2","deviceName":"Nexus:5554","platformVersion":"9"},"platformName":"android","appActivity":"flipboard.activities.LaunchActivity","appPackage":"flipboard.app","automationName":"UIAutomator2","deviceName":"emulator-5554","platformVersion":"9","deviceUDID":"emulator-5554"}],"alwaysMatch":{}},"sessionId":"b01b9567-541d-483f-ac26-a8bce9d5c12b"}}
&amp#27;[35m[WD Proxy]&amp#27;[39m Determined the downstream protocol as 'W3C'
[debug] &amp#27;[35m[WD Proxy]&amp#27;[39m Proxying [GET /appium/device/info] to [GET http://127.0.0.1:8200/wd/hub/session/b01b9567-541d-483f-ac26-a8bce9d5c12b/appium/device/info] with no body
[debug] &amp#27;[35m[WD Proxy]&amp#27;[39m Got response with status 200: {"sessionId":"b01b9567-541d-483f-ac26-a8bce9d5c12b","value":{"androidId":"b21e6ec596b895fc","apiVersion":"28","bluetooth":null,"brand":"google","carrierName":"Android","displayDensity":240,"locale":"en_US","manufacturer":"Google","model":"Android SDK built for x86","networks":[{"capabilities":{"SSID":null,"linkDownBandwidthKbps":1048576,"linkUpstreamBandwidthKbps":1048576,"networkCapabilities":"NET_CAPABILITY_NOT_METERED,NET_CAPABILITY_INTERNET,NET_CAPABILITY_NOT_RESTRICTED,NET_CAPABILITY_TRUSTED,NET_CAPABILITY_NOT_VPN,NET_CAPABILITY_VALIDATED,NET_CAPABILITY_NOT_ROAMING,NET_CAPABILITY_FOREGROUND,NET_CAPABILITY_NOT_CONGESTED,NET_CAPABILITY_NOT_SUSPENDED","signalStrength":-50,"transportTypes":"TRANSPORT_WIFI"},"detailedState":"CONNECTED","extraInfo":null,"isAvailable":true,"isConnected":true,"isFailover":false,"isRoaming":false,"state":"CONNECTED","subtype":0,"subtypeName":"","type":1,"typeName":"WIFI"},{"capabilities":{"SSID":null,"linkDownBandwidthKbps":102400,"linkUpstreamBandwidthKbps":51200,"networkCapa...
[debug] &amp#27;[35m[ADB]&amp#27;[39m Running '/Users/vini/Library/Android/sdk/platform-tools/adb -P 5037 -s emulator-5554 shell dumpsys window'
&amp#27;[35m[AndroidDriver]&amp#27;[39m Screen already unlocked, doing nothing
&amp#27;[35m[UiAutomator2]&amp#27;[39m Starting 'flipboard.app/flipboard.activities.LaunchActivity and waiting for 'flipboard.app/flipboard.activities.LaunchActivity'
[debug] &amp#27;[35m[ADB]&amp#27;[39m Running '/Users/vini/Library/Android/sdk/platform-tools/adb -P 5037 -s emulator-5554 shell am start -W -n flipboard.app/flipboard.activities.LaunchActivity -S -a android.intent.action.MAIN -c android.intent.category.LAUNCHER -f 0x10200000'
[debug] &amp#27;[35m[WD Proxy]&amp#27;[39m Proxying [GET /appium/device/pixel_ratio] to [GET http://127.0.0.1:8200/wd/hub/session/b01b9567-541d-483f-ac26-a8bce9d5c12b/appium/device/pixel_ratio] with no body
[debug] &amp#27;[35m[WD Proxy]&amp#27;[39m Got response with status 200: {"sessionId":"b01b9567-541d-483f-ac26-a8bce9d5c12b","value":1.5}
[debug] &amp#27;[35m[WD Proxy]&amp#27;[39m Matched '/appium/device/system_bars' to command name 'getSystemBars'
[debug] &amp#27;[35m[WD Proxy]&amp#27;[39m Proxying [GET /appium/device/system_bars] to [GET http://127.0.0.1:8200/wd/hub/session/b01b9567-541d-483f-ac26-a8bce9d5c12b/appium/device/system_bars] with no body
[debug] &amp#27;[35m[WD Proxy]&amp#27;[39m Got response with status 200: {"sessionId":"b01b9567-541d-483f-ac26-a8bce9d5c12b","value":{"statusBar":36}}
[debug] &amp#27;[35m[WD Proxy]&amp#27;[39m Matched '/window/current/size' to command name 'getWindowSize'
[debug] &amp#27;[35m[WD Proxy]&amp#27;[39m Proxying [GET /window/current/size] to [GET http://127.0.0.1:8200/wd/hub/session/b01b9567-541d-483f-ac26-a8bce9d5c12b/window/current/size] with no body
[debug] &amp#27;[35m[WD Proxy]&amp#27;[39m Got response with status 200: {"sessionId":"b01b9567-541d-483f-ac26-a8bce9d5c12b","value":{"height":800,"width":480}}
&amp#27;[35m[Appium]&amp#27;[39m New AndroidUiautomator2Driver session created successfully, session 6c027153-de14-4360-bf21-330fdfd2de91 added to master session list
[debug] &amp#27;[35m[BaseDriver]&amp#27;[39m Event 'newSessionStarted' logged at 1650695290331 (11:58:10 GMT+0530 (India Standard Time))
[debug] &amp#27;[35m[W3C (6c027153)]&amp#27;[39m Cached the protocol value 'W3C' for the new session 6c027153-de14-4360-bf21-330fdfd2de91
[debug] &amp#27;[35m[W3C (6c027153)]&amp#27;[39m Responding to client with driver.createSession() result: {"capabilities":{"platform":"LINUX","webStorageEnabled":false,"takesScreenshot":true,"javascriptEnabled":true,"databaseEnabled":false,"networkConnectionEnabled":true,"locationContextEnabled":false,"warnings":{},"desired":{"platformName":"android","appActivity":"flipboard.activities.LaunchActivity","appPackage":"flipboard.app","automationName":"UIAutomator2","deviceName":"Nexus:5554","platformVersion":"9"},"platformName":"android","appActivity":"flipboard.activities.LaunchActivity","appPackage":"flipboard.app","automationName":"UIAutomator2","deviceName":"emulator-5554","platformVersion":"9","deviceUDID":"emulator-5554","deviceApiLevel":28,"deviceScreenSize":"480x800","deviceScreenDensity":240,"deviceModel":"Android SDK built for x86","deviceManufacturer":"Google","pixelRatio":1.5,"statBarHeight":36,"viewportRect":{"left":0,"top":36,"width":480,"height":764}}}
&amp#27;[35m[HTTP]&amp#27;[39m &amp#27;[37m<-- POST /wd/hub/session &amp#27;[39m&amp#27;[32m200&amp#27;[39m &amp#27;[90m14379 ms - 932&amp#27;[39m
&amp#27;[35m[HTTP]&amp#27;[39m &amp#27;[90m&amp#27;[39m
&amp#27;[35m[HTTP]&amp#27;[39m &amp#27;[37m-->&amp#27;[39m &amp#27;[37mGET&amp#27;[39m &amp#27;[37m/wd/hub/session/6c027153-de14-4360-bf21-330fdfd2de91&amp#27;[39m
&amp#27;[35m[HTTP]&amp#27;[39m &amp#27;[90m{}&amp#27;[39m
[debug] &amp#27;[35m[W3C (6c027153)]&amp#27;[39m Calling AppiumDriver.getSession() with args: ["6c027153-de14-4360-bf21-330fdfd2de91"]
[debug] &amp#27;[35m[UiAutomator2]&amp#27;[39m Getting session details from server to mix in
[debug] &amp#27;[35m[WD Proxy]&amp#27;[39m Matched '/' to command name 'getSession'
[debug] &amp#27;[35m[WD Proxy]&amp#27;[39m Proxying [GET /] to [GET http://127.0.0.1:8200/wd/hub/session/b01b9567-541d-483f-ac26-a8bce9d5c12b] with no body
[debug] &amp#27;[35m[WD Proxy]&amp#27;[39m Got response with status 200: {"sessionId":"b01b9567-541d-483f-ac26-a8bce9d5c12b","value":{"lastScrollData":null}}
[debug] &amp#27;[35m[W3C (6c027153)]&amp#27;[39m Responding to client with driver.getSession() result: {"platform":"LINUX","webStorageEnabled":false,"takesScreenshot":true,"javascriptEnabled":true,"databaseEnabled":false,"networkConnectionEnabled":true,"locationContextEnabled":false,"warnings":{},"desired":{"platformName":"android","appActivity":"flipboard.activities.LaunchActivity","appPackage":"flipboard.app","automationName":"UIAutomator2","deviceName":"Nexus:5554","platformVersion":"9"},"platformName":"android","appActivity":"flipboard.activities.LaunchActivity","appPackage":"flipboard.app","automationName":"UIAutomator2","deviceName":"emulator-5554","platformVersion":"9","deviceUDID":"emulator-5554","deviceApiLevel":28,"deviceScreenSize":"480x800","deviceScreenDensity":240,"deviceModel":"Android SDK built for x86","deviceManufacturer":"Google","pixelRatio":1.5,"statBarHeight":36,"viewportRect":{"left":0,"top":36,"width":480,"height":764},"lastScrollData":null}
&amp#27;[35m[HTTP]&amp#27;[39m &amp#27;[37m<-- GET /wd/hub/session/6c027153-de14-4360-bf21-330fdfd2de91 &amp#27;[39m&amp#27;[32m200&amp#27;[39m &amp#27;[90m116 ms - 886&amp#27;[39m
&amp#27;[35m[HTTP]&amp#27;[39m &amp#27;[90m&amp#27;[39m
&amp#27;[35m[HTTP]&amp#27;[39m &amp#27;[37m-->&amp#27;[39m &amp#27;[37mGET&amp#27;[39m &amp#27;[37m/wd/hub/session/6c027153-de14-4360-bf21-330fdfd2de91&amp#27;[39m
&amp#27;[35m[HTTP]&amp#27;[39m &amp#27;[90m{}&amp#27;[39m
[debug] &amp#27;[35m[W3C (6c027153)]&amp#27;[39m Calling AppiumDriver.getSession() with args: ["6c027153-de14-4360-bf21-330fdfd2de91"]
[debug] &amp#27;[35m[UiAutomator2]&amp#27;[39m Getting session details from server to mix in
[debug] &amp#27;[35m[WD Proxy]&amp#27;[39m Matched '/' to command name 'getSession'
[debug] &amp#27;[35m[WD Proxy]&amp#27;[39m Proxying [GET /] to [GET http://127.0.0.1:8200/wd/hub/session/b01b9567-541d-483f-ac26-a8bce9d5c12b] with no body
[debug] &amp#27;[35m[WD Proxy]&amp#27;[39m Got response with status 200: {"sessionId":"b01b9567-541d-483f-ac26-a8bce9d5c12b","value":{"lastScrollData":null}}
[debug] &amp#27;[35m[W3C (6c027153)]&amp#27;[39m Responding to client with driver.getSession() result: {"platform":"LINUX","webStorageEnabled":false,"takesScreenshot":true,"javascriptEnabled":true,"databaseEnabled":false,"networkConnectionEnabled":true,"locationContextEnabled":false,"warnings":{},"desired":{"platformName":"android","appActivity":"flipboard.activities.LaunchActivity","appPackage":"flipboard.app","automationName":"UIAutomator2","deviceName":"Nexus:5554","platformVersion":"9"},"platformName":"android","appActivity":"flipboard.activities.LaunchActivity","appPackage":"flipboard.app","automationName":"UIAutomator2","deviceName":"emulator-5554","platformVersion":"9","deviceUDID":"emulator-5554","deviceApiLevel":28,"deviceScreenSize":"480x800","deviceScreenDensity":240,"deviceModel":"Android SDK built for x86","deviceManufacturer":"Google","pixelRatio":1.5,"statBarHeight":36,"viewportRect":{"left":0,"top":36,"width":480,"height":764},"lastScrollData":null}
&amp#27;[35m[HTTP]&amp#27;[39m &amp#27;[37m<-- GET /wd/hub/session/6c027153-de14-4360-bf21-330fdfd2de91 &amp#27;[39m&amp#27;[32m200&amp#27;[39m &amp#27;[90m194 ms - 886&amp#27;[39m
&amp#27;[35m[HTTP]&amp#27;[39m &amp#27;[90m&amp#27;[39m
&amp#27;[35m[HTTP]&amp#27;[39m &amp#27;[37m-->&amp#27;[39m &amp#27;[37mPOST&amp#27;[39m &amp#27;[37m/wd/hub/session/6c027153-de14-4360-bf21-330fdfd2de91/timeouts&amp#27;[39m
&amp#27;[35m[HTTP]&amp#27;[39m &amp#27;[90m{"implicit":10}&amp#27;[39m
[debug] &amp#27;[35m[W3C (6c027153)]&amp#27;[39m Calling AppiumDriver.timeouts() with args: [null,null,null,null,10,"6c027153-de14-4360-bf21-330fdfd2de91"]
[debug] &amp#27;[35m[BaseDriver]&amp#27;[39m W3C timeout argument: {"implicit":10}}
[debug] &amp#27;[35m[BaseDriver]&amp#27;[39m Set implicit wait to 10ms
[debug] &amp#27;[35m[W3C (6c027153)]&amp#27;[39m Responding to client with driver.timeouts() result: null
&amp#27;[35m[HTTP]&amp#27;[39m &amp#27;[37m<-- POST /wd/hub/session/6c027153-de14-4360-bf21-330fdfd2de91/timeouts &amp#27;[39m&amp#27;[32m200&amp#27;[39m &amp#27;[90m59 ms - 14&amp#27;[39m
&amp#27;[35m[HTTP]&amp#27;[39m &amp#27;[90m&amp#27;[39m
&amp#27;[35m[HTTP]&amp#27;[39m &amp#27;[37m-->&amp#27;[39m &amp#27;[37mGET&amp#27;[39m &amp#27;[37m/wd/hub/session/6c027153-de14-4360-bf21-330fdfd2de91&amp#27;[39m
&amp#27;[35m[HTTP]&amp#27;[39m &amp#27;[90m{}&amp#27;[39m
[debug] &amp#27;[35m[W3C (6c027153)]&amp#27;[39m Calling AppiumDriver.getSession() with args: ["6c027153-de14-4360-bf21-330fdfd2de91"]
[debug] &amp#27;[35m[UiAutomator2]&amp#27;[39m Getting session details from server to mix in
[debug] &amp#27;[35m[WD Proxy]&amp#27;[39m Matched '/' to command name 'getSession'
[debug] &amp#27;[35m[WD Proxy]&amp#27;[39m Proxying [GET /] to [GET http://127.0.0.1:8200/wd/hub/session/b01b9567-541d-483f-ac26-a8bce9d5c12b] with no body
[debug] &amp#27;[35m[WD Proxy]&amp#27;[39m Got response with status 200: {"sessionId":"b01b9567-541d-483f-ac26-a8bce9d5c12b","value":{"lastScrollData":null}}
[debug] &amp#27;[35m[W3C (6c027153)]&amp#27;[39m Responding to client with driver.getSession() result: {"platform":"LINUX","webStorageEnabled":false,"takesScreenshot":true,"javascriptEnabled":true,"databaseEnabled":false,"networkConnectionEnabled":true,"locationContextEnabled":false,"warnings":{},"desired":{"platformName":"android","appActivity":"flipboard.activities.LaunchActivity","appPackage":"flipboard.app","automationName":"UIAutomator2","deviceName":"Nexus:5554","platformVersion":"9"},"platformName":"android","appActivity":"flipboard.activities.LaunchActivity","appPackage":"flipboard.app","automationName":"UIAutomator2","deviceName":"emulator-5554","platformVersion":"9","deviceUDID":"emulator-5554","deviceApiLevel":28,"deviceScreenSize":"480x800","deviceScreenDensity":240,"deviceModel":"Android SDK built for x86","deviceManufacturer":"Google","pixelRatio":1.5,"statBarHeight":36,"viewportRect":{"left":0,"top":36,"width":480,"height":764},"lastScrollData":null}
&amp#27;[35m[HTTP]&amp#27;[39m &amp#27;[37m<-- GET /wd/hub/session/6c027153-de14-4360-bf21-330fdfd2de91 &amp#27;[39m&amp#27;[32m200&amp#27;[39m &amp#27;[90m136 ms - 886&amp#27;[39m
&amp#27;[35m[HTTP]&amp#27;[39m &amp#27;[90m&amp#27;[39m
&amp#27;[35m[HTTP]&amp#27;[39m &amp#27;[37m-->&amp#27;[39m &amp#27;[37mGET&amp#27;[39m &amp#27;[37m/wd/hub/session/6c027153-de14-4360-bf21-330fdfd2de91&amp#27;[39m
&amp#27;[35m[HTTP]&amp#27;[39m &amp#27;[90m{}&amp#27;[39m
[debug] &amp#27;[35m[W3C (6c027153)]&amp#27;[39m Calling AppiumDriver.getSession() with args: ["6c027153-de14-4360-bf21-330fdfd2de91"]
[debug] &amp#27;[35m[UiAutomator2]&amp#27;[39m Getting session details from server to mix in
[debug] &amp#27;[35m[WD Proxy]&amp#27;[39m Matched '/' to command name 'getSession'
[debug] &amp#27;[35m[WD Proxy]&amp#27;[39m Proxying [GET /] to [GET http://127.0.0.1:8200/wd/hub/session/b01b9567-541d-483f-ac26-a8bce9d5c12b] with no body
[debug] &amp#27;[35m[WD Proxy]&amp#27;[39m Got response with status 200: {"sessionId":"b01b9567-541d-483f-ac26-a8bce9d5c12b","value":{"lastScrollData":null}}
[debug] &amp#27;[35m[W3C (6c027153)]&amp#27;[39m Responding to client with driver.getSession() result: {"platform":"LINUX","webStorageEnabled":false,"takesScreenshot":true,"javascriptEnabled":true,"databaseEnabled":false,"networkConnectionEnabled":true,"locationContextEnabled":false,"warnings":{},"desired":{"platformName":"android","appActivity":"flipboard.activities.LaunchActivity","appPackage":"flipboard.app","automationName":"UIAutomator2","deviceName":"Nexus:5554","platformVersion":"9"},"platformName":"android","appActivity":"flipboard.activities.LaunchActivity","appPackage":"flipboard.app","automationName":"UIAutomator2","deviceName":"emulator-5554","platformVersion":"9","deviceUDID":"emulator-5554","deviceApiLevel":28,"deviceScreenSize":"480x800","deviceScreenDensity":240,"deviceModel":"Android SDK built for x86","deviceManufacturer":"Google","pixelRatio":1.5,"statBarHeight":36,"viewportRect":{"left":0,"top":36,"width":480,"height":764},"lastScrollData":null}
&amp#27;[35m[HTTP]&amp#27;[39m &amp#27;[37m<-- GET /wd/hub/session/6c027153-de14-4360-bf21-330fdfd2de91 &amp#27;[39m&amp#27;[32m200&amp#27;[39m &amp#27;[90m66 ms - 886&amp#27;[39m
&amp#27;[35m[HTTP]&amp#27;[39m &amp#27;[90m&amp#27;[39m
&amp#27;[35m[HTTP]&amp#27;[39m &amp#27;[37m-->&amp#27;[39m &amp#27;[37mGET&amp#27;[39m &amp#27;[37m/wd/hub/session/6c027153-de14-4360-bf21-330fdfd2de91&amp#27;[39m
&amp#27;[35m[HTTP]&amp#27;[39m &amp#27;[90m{}&amp#27;[39m
[debug] &amp#27;[35m[W3C (6c027153)]&amp#27;[39m Calling AppiumDriver.getSession() with args: ["6c027153-de14-4360-bf21-330fdfd2de91"]
[debug] &amp#27;[35m[UiAutomator2]&amp#27;[39m Getting session details from server to mix in
[debug] &amp#27;[35m[WD Proxy]&amp#27;[39m Matched '/' to command name 'getSession'
[debug] &amp#27;[35m[WD Proxy]&amp#27;[39m Proxying [GET /] to [GET http://127.0.0.1:8200/wd/hub/session/b01b9567-541d-483f-ac26-a8bce9d5c12b] with no body
[debug] &amp#27;[35m[WD Proxy]&amp#27;[39m Got response with status 200: {"sessionId":"b01b9567-541d-483f-ac26-a8bce9d5c12b","value":{"lastScrollData":null}}
[debug] &amp#27;[35m[W3C (6c027153)]&amp#27;[39m Responding to client with driver.getSession() result: {"platform":"LINUX","webStorageEnabled":false,"takesScreenshot":true,"javascriptEnabled":true,"databaseEnabled":false,"networkConnectionEnabled":true,"locationContextEnabled":false,"warnings":{},"desired":{"platformName":"android","appActivity":"flipboard.activities.LaunchActivity","appPackage":"flipboard.app","automationName":"UIAutomator2","deviceName":"Nexus:5554","platformVersion":"9"},"platformName":"android","appActivity":"flipboard.activities.LaunchActivity","appPackage":"flipboard.app","automationName":"UIAutomator2","deviceName":"emulator-5554","platformVersion":"9","deviceUDID":"emulator-5554","deviceApiLevel":28,"deviceScreenSize":"480x800","deviceScreenDensity":240,"deviceModel":"Android SDK built for x86","deviceManufacturer":"Google","pixelRatio":1.5,"statBarHeight":36,"viewportRect":{"left":0,"top":36,"width":480,"height":764},"lastScrollData":null}
&amp#27;[35m[HTTP]&amp#27;[39m &amp#27;[37m<-- GET /wd/hub/session/6c027153-de14-4360-bf21-330fdfd2de91 &amp#27;[39m&amp#27;[32m200&amp#27;[39m &amp#27;[90m102 ms - 886&amp#27;[39m
&amp#27;[35m[HTTP]&amp#27;[39m &amp#27;[90m&amp#27;[39m
&amp#27;[35m[HTTP]&amp#27;[39m &amp#27;[37m-->&amp#27;[39m &amp#27;[37mPOST&amp#27;[39m &amp#27;[37m/wd/hub/session/6c027153-de14-4360-bf21-330fdfd2de91/element&amp#27;[39m
&amp#27;[35m[HTTP]&amp#27;[39m &amp#27;[90m{"using":"id","value":"flipboard.app:id/icon_button_text"}&amp#27;[39m
[debug] &amp#27;[35m[W3C (6c027153)]&amp#27;[39m Calling AppiumDriver.findElement() with args: ["id","flipboard.app:id/icon_button_text","6c027153-de14-4360-bf21-330fdfd2de91"]
[debug] &amp#27;[35m[BaseDriver]&amp#27;[39m Valid locator strategies for this request: xpath, id, class name, accessibility id, css selector, -android uiautomator
[debug] &amp#27;[35m[BaseDriver]&amp#27;[39m Waiting up to 10 ms for condition
[debug] &amp#27;[35m[WD Proxy]&amp#27;[39m Matched '/element' to command name 'findElement'
[debug] &amp#27;[35m[WD Proxy]&amp#27;[39m Proxying [POST /element] to [POST http://127.0.0.1:8200/wd/hub/session/b01b9567-541d-483f-ac26-a8bce9d5c12b/element] with body: {"strategy":"id","selector":"flipboard.app:id/icon_button_text","context":"","multiple":false}
[debug] &amp#27;[35m[WD Proxy]&amp#27;[39m Got response with status 200: {"sessionId":"b01b9567-541d-483f-ac26-a8bce9d5c12b","value":{"ELEMENT":"65749473-0d5f-42c1-be34-74ccaf6dbae5","element-6066-11e4-a52e-4f735466cecf":"65749473-0d5f-42c1-be34-74ccaf6dbae5"}}
[debug] &amp#27;[35m[W3C (6c027153)]&amp#27;[39m Responding to client with driver.findElement() result: {"element-6066-11e4-a52e-4f735466cecf":"65749473-0d5f-42c1-be34-74ccaf6dbae5","ELEMENT":"65749473-0d5f-42c1-be34-74ccaf6dbae5"}
&amp#27;[35m[HTTP]&amp#27;[39m &amp#27;[37m<-- POST /wd/hub/session/6c027153-de14-4360-bf21-330fdfd2de91/element &amp#27;[39m&amp#27;[32m200&amp#27;[39m &amp#27;[90m959 ms - 137&amp#27;[39m
&amp#27;[35m[HTTP]&amp#27;[39m &amp#27;[90m&amp#27;[39m
&amp#27;[35m[HTTP]&amp#27;[39m &amp#27;[37m-->&amp#27;[39m &amp#27;[37mPOST&amp#27;[39m &amp#27;[37m/wd/hub/session/6c027153-de14-4360-bf21-330fdfd2de91/element/65749473-0d5f-42c1-be34-74ccaf6dbae5/click&amp#27;[39m
&amp#27;[35m[HTTP]&amp#27;[39m &amp#27;[90m{"id":"65749473-0d5f-42c1-be34-74ccaf6dbae5"}&amp#27;[39m
[debug] &amp#27;[35m[W3C (6c027153)]&amp#27;[39m Calling AppiumDriver.click() with args: ["65749473-0d5f-42c1-be34-74ccaf6dbae5","6c027153-de14-4360-bf21-330fdfd2de91"]
[debug] &amp#27;[35m[WD Proxy]&amp#27;[39m Matched '/element/65749473-0d5f-42c1-be34-74ccaf6dbae5/click' to command name 'click'
[debug] &amp#27;[35m[WD Proxy]&amp#27;[39m Proxying [POST /element/65749473-0d5f-42c1-be34-74ccaf6dbae5/click] to [POST http://127.0.0.1:8200/wd/hub/session/b01b9567-541d-483f-ac26-a8bce9d5c12b/element/65749473-0d5f-42c1-be34-74ccaf6dbae5/click] with body: {"element":"65749473-0d5f-42c1-be34-74ccaf6dbae5"}
[debug] &amp#27;[35m[WD Proxy]&amp#27;[39m Got response with status 200: {"sessionId":"b01b9567-541d-483f-ac26-a8bce9d5c12b","value":null}
[debug] &amp#27;[35m[W3C (6c027153)]&amp#27;[39m Responding to client with driver.click() result: null
&amp#27;[35m[HTTP]&amp#27;[39m &amp#27;[37m<-- POST /wd/hub/session/6c027153-de14-4360-bf21-330fdfd2de91/element/65749473-0d5f-42c1-be34-74ccaf6dbae5/click &amp#27;[39m&amp#27;[32m200&amp#27;[39m &amp#27;[90m454 ms - 14&amp#27;[39m
&amp#27;[35m[HTTP]&amp#27;[39m &amp#27;[90m&amp#27;[39m
&amp#27;[35m[HTTP]&amp#27;[39m &amp#27;[37m-->&amp#27;[39m &amp#27;[37mGET&amp#27;[39m &amp#27;[37m/wd/hub/session/6c027153-de14-4360-bf21-330fdfd2de91&amp#27;[39m
&amp#27;[35m[HTTP]&amp#27;[39m &amp#27;[90m{}&amp#27;[39m
[debug] &amp#27;[35m[W3C (6c027153)]&amp#27;[39m Calling AppiumDriver.getSession() with args: ["6c027153-de14-4360-bf21-330fdfd2de91"]
[debug] &amp#27;[35m[UiAutomator2]&amp#27;[39m Getting session details from server to mix in
[debug] &amp#27;[35m[WD Proxy]&amp#27;[39m Matched '/' to command name 'getSession'
[debug] &amp#27;[35m[WD Proxy]&amp#27;[39m Proxying [GET /] to [GET http://127.0.0.1:8200/wd/hub/session/b01b9567-541d-483f-ac26-a8bce9d5c12b] with no body
[debug] &amp#27;[35m[WD Proxy]&amp#27;[39m Got response with status 200: {"sessionId":"b01b9567-541d-483f-ac26-a8bce9d5c12b","value":{"lastScrollData":null}}
[debug] &amp#27;[35m[W3C (6c027153)]&amp#27;[39m Responding to client with driver.getSession() result: {"platform":"LINUX","webStorageEnabled":false,"takesScreenshot":true,"javascriptEnabled":true,"databaseEnabled":false,"networkConnectionEnabled":true,"locationContextEnabled":false,"warnings":{},"desired":{"platformName":"android","appActivity":"flipboard.activities.LaunchActivity","appPackage":"flipboard.app","automationName":"UIAutomator2","deviceName":"Nexus:5554","platformVersion":"9"},"platformName":"android","appActivity":"flipboard.activities.LaunchActivity","appPackage":"flipboard.app","automationName":"UIAutomator2","deviceName":"emulator-5554","platformVersion":"9","deviceUDID":"emulator-5554","deviceApiLevel":28,"deviceScreenSize":"480x800","deviceScreenDensity":240,"deviceModel":"Android SDK built for x86","deviceManufacturer":"Google","pixelRatio":1.5,"statBarHeight":36,"viewportRect":{"left":0,"top":36,"width":480,"height":764},"lastScrollData":null}
&amp#27;[35m[HTTP]&amp#27;[39m &amp#27;[37m<-- GET /wd/hub/session/6c027153-de14-4360-bf21-330fdfd2de91 &amp#27;[39m&amp#27;[32m200&amp#27;[39m &amp#27;[90m68 ms - 886&amp#27;[39m
&amp#27;[35m[HTTP]&amp#27;[39m &amp#27;[90m&amp#27;[39m
&amp#27;[35m[HTTP]&amp#27;[39m &amp#27;[37m-->&amp#27;[39m &amp#27;[37mGET&amp#27;[39m &amp#27;[37m/wd/hub/session/6c027153-de14-4360-bf21-330fdfd2de91&amp#27;[39m
&amp#27;[35m[HTTP]&amp#27;[39m &amp#27;[90m{}&amp#27;[39m
[debug] &amp#27;[35m[W3C (6c027153)]&amp#27;[39m Calling AppiumDriver.getSession() with args: ["6c027153-de14-4360-bf21-330fdfd2de91"]
[debug] &amp#27;[35m[UiAutomator2]&amp#27;[39m Getting session details from server to mix in
[debug] &amp#27;[35m[WD Proxy]&amp#27;[39m Matched '/' to command name 'getSession'
[debug] &amp#27;[35m[WD Proxy]&amp#27;[39m Proxying [GET /] to [GET http://127.0.0.1:8200/wd/hub/session/b01b9567-541d-483f-ac26-a8bce9d5c12b] with no body
[debug] &amp#27;[35m[WD Proxy]&amp#27;[39m Got response with status 200: {"sessionId":"b01b9567-541d-483f-ac26-a8bce9d5c12b","value":{"lastScrollData":null}}
[debug] &amp#27;[35m[W3C (6c027153)]&amp#27;[39m Responding to client with driver.getSession() result: {"platform":"LINUX","webStorageEnabled":false,"takesScreenshot":true,"javascriptEnabled":true,"databaseEnabled":false,"networkConnectionEnabled":true,"locationContextEnabled":false,"warnings":{},"desired":{"platformName":"android","appActivity":"flipboard.activities.LaunchActivity","appPackage":"flipboard.app","automationName":"UIAutomator2","deviceName":"Nexus:5554","platformVersion":"9"},"platformName":"android","appActivity":"flipboard.activities.LaunchActivity","appPackage":"flipboard.app","automationName":"UIAutomator2","deviceName":"emulator-5554","platformVersion":"9","deviceUDID":"emulator-5554","deviceApiLevel":28,"deviceScreenSize":"480x800","deviceScreenDensity":240,"deviceModel":"Android SDK built for x86","deviceManufacturer":"Google","pixelRatio":1.5,"statBarHeight":36,"viewportRect":{"left":0,"top":36,"width":480,"height":764},"lastScrollData":null}
&amp#27;[35m[HTTP]&amp#27;[39m &amp#27;[37m<-- GET /wd/hub/session/6c027153-de14-4360-bf21-330fdfd2de91 &amp#27;[39m&amp#27;[32m200&amp#27;[39m &amp#27;[90m576 ms - 886&amp#27;[39m
&amp#27;[35m[HTTP]&amp#27;[39m &amp#27;[90m&amp#27;[39m
]]></system-out>
    <system-err><![CDATA[SLF4J: Failed to load class "org.slf4j.impl.StaticLoggerBinder".
SLF4J: Defaulting to no-operation (NOP) logger implementation
SLF4J: See http://www.slf4j.org/codes.html#StaticLoggerBinder for further details.
Apr 23, 2022 11:58:10 AM io.appium.java_client.remote.AppiumCommandExecutor$1 lambda$0
INFO: Detected dialect: W3C
]]></system-err>
  </testcase>
  <testcase name="tearDown" classname="com.automation.framework.testcases.LoginTest" time="2.697">
    <failure type="java.lang.StackOverflowError"><![CDATA[java.lang.StackOverflowError
	at com.automation.framework.testcases.LoginTest.tearDown(LoginTest.java:25)
	at com.automation.framework.testcases.LoginTest.tearDown(LoginTest.java:25)
	at com.automation.framework.testcases.LoginTest.tearDown(LoginTest.java:25)
	at com.automation.framework.testcases.LoginTest.tearDown(LoginTest.java:25)
	at com.automation.framework.testcases.LoginTest.tearDown(LoginTest.java:25)
	at com.automation.framework.testcases.LoginTest.tearDown(LoginTest.java:25)
	at com.automation.framework.testcases.LoginTest.tearDown(LoginTest.java:25)
	at com.automation.framework.testcases.LoginTest.tearDown(LoginTest.java:25)
	at com.automation.framework.testcases.LoginTest.tearDown(LoginTest.java:25)
	at com.automation.framework.testcases.LoginTest.tearDown(LoginTest.java:25)
	at com.automation.framework.testcases.LoginTest.tearDown(LoginTest.java:25)
	at com.automation.framework.testcases.LoginTest.tearDown(LoginTest.java:25)
	at com.automation.framework.testcases.LoginTest.tearDown(LoginTest.java:25)
	at com.automation.framework.testcases.LoginTest.tearDown(LoginTest.java:25)
	at com.automation.framework.testcases.LoginTest.tearDown(LoginTest.java:25)
	at com.automation.framework.testcases.LoginTest.tearDown(LoginTest.java:25)
	at com.automation.framework.testcases.LoginTest.tearDown(LoginTest.java:25)
	at com.automation.framework.testcases.LoginTest.tearDown(LoginTest.java:25)
	at com.automation.framework.testcases.LoginTest.tearDown(LoginTest.java:25)
	at com.automation.framework.testcases.LoginTest.tearDown(LoginTest.java:25)
	at com.automation.framework.testcases.LoginTest.tearDown(LoginTest.java:25)
	at com.automation.framework.testcases.LoginTest.tearDown(LoginTest.java:25)
	at com.automation.framework.testcases.LoginTest.tearDown(LoginTest.java:25)
	at com.automation.framework.testcases.LoginTest.tearDown(LoginTest.java:25)
	at com.automation.framework.testcases.LoginTest.tearDown(LoginTest.java:25)
	at com.automation.framework.testcases.LoginTest.tearDown(LoginTest.java:25)
	at com.automation.framework.testcases.LoginTest.tearDown(LoginTest.java:25)
	at com.automation.framework.testcases.LoginTest.tearDown(LoginTest.java:25)
	at com.automation.framework.testcases.LoginTest.tearDown(LoginTest.java:25)
	at com.automation.framework.testcases.LoginTest.tearDown(LoginTest.java:25)
	at com.automation.framework.testcases.LoginTest.tearDown(LoginTest.java:25)
	at com.automation.framework.testcases.LoginTest.tearDown(LoginTest.java:25)
	at com.automation.framework.testcases.LoginTest.tearDown(LoginTest.java:25)
	at com.automation.framework.testcases.LoginTest.tearDown(LoginTest.java:25)
	at com.automation.framework.testcases.LoginTest.tearDown(LoginTest.java:25)
	at com.automation.framework.testcases.LoginTest.tearDown(LoginTest.java:25)
	at com.automation.framework.testcases.LoginTest.tearDown(LoginTest.java:25)
	at com.automation.framework.testcases.LoginTest.tearDown(LoginTest.java:25)
	at com.automation.framework.testcases.LoginTest.tearDown(LoginTest.java:25)
	at com.automation.framework.testcases.LoginTest.tearDown(LoginTest.java:25)
	at com.automation.framework.testcases.LoginTest.tearDown(LoginTest.java:25)
	at com.automation.framework.testcases.LoginTest.tearDown(LoginTest.java:25)
	at com.automation.framework.testcases.LoginTest.tearDown(LoginTest.java:25)
	at com.automation.framework.testcases.LoginTest.tearDown(LoginTest.java:25)
	at com.automation.framework.testcases.LoginTest.tearDown(LoginTest.java:25)
	at com.automation.framework.testcases.LoginTest.tearDown(LoginTest.java:25)
	at com.automation.framework.testcases.LoginTest.tearDown(LoginTest.java:25)
	at com.automation.framework.testcases.LoginTest.tearDown(LoginTest.java:25)
	at com.automation.framework.testcases.LoginTest.tearDown(LoginTest.java:25)
	at com.automation.framework.testcases.LoginTest.tearDown(LoginTest.java:25)
	at com.automation.framework.testcases.LoginTest.tearDown(LoginTest.java:25)
	at com.automation.framework.testcases.LoginTest.tearDown(LoginTest.java:25)
	at com.automation.framework.testcases.LoginTest.tearDown(LoginTest.java:25)
	at com.automation.framework.testcases.LoginTest.tearDown(LoginTest.java:25)
	at com.automation.framework.testcases.LoginTest.tearDown(LoginTest.java:25)
	at com.automation.framework.testcases.LoginTest.tearDown(LoginTest.java:25)
	at com.automation.framework.testcases.LoginTest.tearDown(LoginTest.java:25)
	at com.automation.framework.testcases.LoginTest.tearDown(LoginTest.java:25)
	at com.automation.framework.testcases.LoginTest.tearDown(LoginTest.java:25)
	at com.automation.framework.testcases.LoginTest.tearDown(LoginTest.java:25)
	at com.automation.framework.testcases.LoginTest.tearDown(LoginTest.java:25)
	at com.automation.framework.testcases.LoginTest.tearDown(LoginTest.java:25)
	at com.automation.framework.testcases.LoginTest.tearDown(LoginTest.java:25)
	at com.automation.framework.testcases.LoginTest.tearDown(LoginTest.java:25)
	at com.automation.framework.testcases.LoginTest.tearDown(LoginTest.java:25)
	at com.automation.framework.testcases.LoginTest.tearDown(LoginTest.java:25)
	at com.automation.framework.testcases.LoginTest.tearDown(LoginTest.java:25)
	at com.automation.framework.testcases.LoginTest.tearDown(LoginTest.java:25)
	at com.automation.framework.testcases.LoginTest.tearDown(LoginTest.java:25)
	at com.automation.framework.testcases.LoginTest.tearDown(LoginTest.java:25)
	at com.automation.framework.testcases.LoginTest.tearDown(LoginTest.java:25)
	at com.automation.framework.testcases.LoginTest.tearDown(LoginTest.java:25)
	at com.automation.framework.testcases.LoginTest.tearDown(LoginTest.java:25)
	at com.automation.framework.testcases.LoginTest.tearDown(LoginTest.java:25)
	at com.automation.framework.testcases.LoginTest.tearDown(LoginTest.java:25)
	at com.automation.framework.testcases.LoginTest.tearDown(LoginTest.java:25)
	at com.automation.framework.testcases.LoginTest.tearDown(LoginTest.java:25)
	at com.automation.framework.testcases.LoginTest.tearDown(LoginTest.java:25)
	at com.automation.framework.testcases.LoginTest.tearDown(LoginTest.java:25)
	at com.automation.framework.testcases.LoginTest.tearDown(LoginTest.java:25)
	at com.automation.framework.testcases.LoginTest.tearDown(LoginTest.java:25)
	at com.automation.framework.testcases.LoginTest.tearDown(LoginTest.java:25)
	at com.automation.framework.testcases.LoginTest.tearDown(LoginTest.java:25)
	at com.automation.framework.testcases.LoginTest.tearDown(LoginTest.java:25)
	at com.automation.framework.testcases.LoginTest.tearDown(LoginTest.java:25)
	at com.automation.framework.testcases.LoginTest.tearDown(LoginTest.java:25)
	at com.automation.framework.testcases.LoginTest.tearDown(LoginTest.java:25)
	at com.automation.framework.testcases.LoginTest.tearDown(LoginTest.java:25)
	at com.automation.framework.testcases.LoginTest.tearDown(LoginTest.java:25)
	at com.automation.framework.testcases.LoginTest.tearDown(LoginTest.java:25)
	at com.automation.framework.testcases.LoginTest.tearDown(LoginTest.java:25)
	at com.automation.framework.testcases.LoginTest.tearDown(LoginTest.java:25)
	at com.automation.framework.testcases.LoginTest.tearDown(LoginTest.java:25)
	at com.automation.framework.testcases.LoginTest.tearDown(LoginTest.java:25)
	at com.automation.framework.testcases.LoginTest.tearDown(LoginTest.java:25)
	at com.automation.framework.testcases.LoginTest.tearDown(LoginTest.java:25)
	at com.automation.framework.testcases.LoginTest.tearDown(LoginTest.java:25)
	at com.automation.framework.testcases.LoginTest.tearDown(LoginTest.java:25)
	at com.automation.framework.testcases.LoginTest.tearDown(LoginTest.java:25)
	at com.automation.framework.testcases.LoginTest.tearDown(LoginTest.java:25)
	at com.automation.framework.testcases.LoginTest.tearDown(LoginTest.java:25)
	at com.automation.framework.testcases.LoginTest.tearDown(LoginTest.java:25)
	at com.automation.framework.testcases.LoginTest.tearDown(LoginTest.java:25)
	at com.automation.framework.testcases.LoginTest.tearDown(LoginTest.java:25)
	at com.automation.framework.testcases.LoginTest.tearDown(LoginTest.java:25)
	at com.automation.framework.testcases.LoginTest.tearDown(LoginTest.java:25)
	at com.automation.framework.testcases.LoginTest.tearDown(LoginTest.java:25)
	at com.automation.framework.testcases.LoginTest.tearDown(LoginTest.java:25)
	at com.automation.framework.testcases.LoginTest.tearDown(LoginTest.java:25)
	at com.automation.framework.testcases.LoginTest.tearDown(LoginTest.java:25)
	at com.automation.framework.testcases.LoginTest.tearDown(LoginTest.java:25)
	at com.automation.framework.testcases.LoginTest.tearDown(LoginTest.java:25)
	at com.automation.framework.testcases.LoginTest.tearDown(LoginTest.java:25)
	at com.automation.framework.testcases.LoginTest.tearDown(LoginTest.java:25)
	at com.automation.framework.testcases.LoginTest.tearDown(LoginTest.java:25)
	at com.automation.framework.testcases.LoginTest.tearDown(LoginTest.java:25)
	at com.automation.framework.testcases.LoginTest.tearDown(LoginTest.java:25)
	at com.automation.framework.testcases.LoginTest.tearDown(LoginTest.java:25)
	at com.automation.framework.testcases.LoginTest.tearDown(LoginTest.java:25)
	at com.automation.framework.testcases.LoginTest.tearDown(LoginTest.java:25)
	at com.automation.framework.testcases.LoginTest.tearDown(LoginTest.java:25)
	at com.automation.framework.testcases.LoginTest.tearDown(LoginTest.java:25)
	at com.automation.framework.testcases.LoginTest.tearDown(LoginTest.java:25)
	at com.automation.framework.testcases.LoginTest.tearDown(LoginTest.java:25)
	at com.automation.framework.testcases.LoginTest.tearDown(LoginTest.java:25)
	at com.automation.framework.testcases.LoginTest.tearDown(LoginTest.java:25)
	at com.automation.framework.testcases.LoginTest.tearDown(LoginTest.java:25)
	at com.automation.framework.testcases.LoginTest.tearDown(LoginTest.java:25)
	at com.automation.framework.testcases.LoginTest.tearDown(LoginTest.java:25)
	at com.automation.framework.testcases.LoginTest.tearDown(LoginTest.java:25)
	at com.automation.framework.testcases.LoginTest.tearDown(LoginTest.java:25)
	at com.automation.framework.testcases.LoginTest.tearDown(LoginTest.java:25)
	at com.automation.framework.testcases.LoginTest.tearDown(LoginTest.java:25)
	at com.automation.framework.testcases.LoginTest.tearDown(LoginTest.java:25)
	at com.automation.framework.testcases.LoginTest.tearDown(LoginTest.java:25)
	at com.automation.framework.testcases.LoginTest.tearDown(LoginTest.java:25)
	at com.automation.framework.testcases.LoginTest.tearDown(LoginTest.java:25)
	at com.automation.framework.testcases.LoginTest.tearDown(LoginTest.java:25)
	at com.automation.framework.testcases.LoginTest.tearDown(LoginTest.java:25)
	at com.automation.framework.testcases.LoginTest.tearDown(LoginTest.java:25)
	at com.automation.framework.testcases.LoginTest.tearDown(LoginTest.java:25)
	at com.automation.framework.testcases.LoginTest.tearDown(LoginTest.java:25)
	at com.automation.framework.testcases.LoginTest.tearDown(LoginTest.java:25)
	at com.automation.framework.testcases.LoginTest.tearDown(LoginTest.java:25)
	at com.automation.framework.testcases.LoginTest.tearDown(LoginTest.java:25)
	at com.automation.framework.testcases.LoginTest.tearDown(LoginTest.java:25)
	at com.automation.framework.testcases.LoginTest.tearDown(LoginTest.java:25)
	at com.automation.framework.testcases.LoginTest.tearDown(LoginTest.java:25)
	at com.automation.framework.testcases.LoginTest.tearDown(LoginTest.java:25)
	at com.automation.framework.testcases.LoginTest.tearDown(LoginTest.java:25)
	at com.automation.framework.testcases.LoginTest.tearDown(LoginTest.java:25)
	at com.automation.framework.testcases.LoginTest.tearDown(LoginTest.java:25)
	at com.automation.framework.testcases.LoginTest.tearDown(LoginTest.java:25)
	at com.automation.framework.testcases.LoginTest.tearDown(LoginTest.java:25)
	at com.automation.framework.testcases.LoginTest.tearDown(LoginTest.java:25)
	at com.automation.framework.testcases.LoginTest.tearDown(LoginTest.java:25)
	at com.automation.framework.testcases.LoginTest.tearDown(LoginTest.java:25)
	at com.automation.framework.testcases.LoginTest.tearDown(LoginTest.java:25)
	at com.automation.framework.testcases.LoginTest.tearDown(LoginTest.java:25)
	at com.automation.framework.testcases.LoginTest.tearDown(LoginTest.java:25)
	at com.automation.framework.testcases.LoginTest.tearDown(LoginTest.java:25)
	at com.automation.framework.testcases.LoginTest.tearDown(LoginTest.java:25)
	at com.automation.framework.testcases.LoginTest.tearDown(LoginTest.java:25)
	at com.automation.framework.testcases.LoginTest.tearDown(LoginTest.java:25)
	at com.automation.framework.testcases.LoginTest.tearDown(LoginTest.java:25)
	at com.automation.framework.testcases.LoginTest.tearDown(LoginTest.java:25)
	at com.automation.framework.testcases.LoginTest.tearDown(LoginTest.java:25)
	at com.automation.framework.testcases.LoginTest.tearDown(LoginTest.java:25)
	at com.automation.framework.testcases.LoginTest.tearDown(LoginTest.java:25)
	at com.automation.framework.testcases.LoginTest.tearDown(LoginTest.java:25)
	at com.automation.framework.testcases.LoginTest.tearDown(LoginTest.java:25)
	at com.automation.framework.testcases.LoginTest.tearDown(LoginTest.java:25)
	at com.automation.framework.testcases.LoginTest.tearDown(LoginTest.java:25)
	at com.automation.framework.testcases.LoginTest.tearDown(LoginTest.java:25)
	at com.automation.framework.testcases.LoginTest.tearDown(LoginTest.java:25)
	at com.automation.framework.testcases.LoginTest.tearDown(LoginTest.java:25)
	at com.automation.framework.testcases.LoginTest.tearDown(LoginTest.java:25)
	at com.automation.framework.testcases.LoginTest.tearDown(LoginTest.java:25)
	at com.automation.framework.testcases.LoginTest.tearDown(LoginTest.java:25)
	at com.automation.framework.testcases.LoginTest.tearDown(LoginTest.java:25)
	at com.automation.framework.testcases.LoginTest.tearDown(LoginTest.java:25)
	at com.automation.framework.testcases.LoginTest.tearDown(LoginTest.java:25)
	at com.automation.framework.testcases.LoginTest.tearDown(LoginTest.java:25)
	at com.automation.framework.testcases.LoginTest.tearDown(LoginTest.java:25)
	at com.automation.framework.testcases.LoginTest.tearDown(LoginTest.java:25)
	at com.automation.framework.testcases.LoginTest.tearDown(LoginTest.java:25)
	at com.automation.framework.testcases.LoginTest.tearDown(LoginTest.java:25)
	at com.automation.framework.testcases.LoginTest.tearDown(LoginTest.java:25)
	at com.automation.framework.testcases.LoginTest.tearDown(LoginTest.java:25)
	at com.automation.framework.testcases.LoginTest.tearDown(LoginTest.java:25)
	at com.automation.framework.testcases.LoginTest.tearDown(LoginTest.java:25)
	at com.automation.framework.testcases.LoginTest.tearDown(LoginTest.java:25)
	at com.automation.framework.testcases.LoginTest.tearDown(LoginTest.java:25)
	at com.automation.framework.testcases.LoginTest.tearDown(LoginTest.java:25)
	at com.automation.framework.testcases.LoginTest.tearDown(LoginTest.java:25)
	at com.automation.framework.testcases.LoginTest.tearDown(LoginTest.java:25)
	at com.automation.framework.testcases.LoginTest.tearDown(LoginTest.java:25)
	at com.automation.framework.testcases.LoginTest.tearDown(LoginTest.java:25)
	at com.automation.framework.testcases.LoginTest.tearDown(LoginTest.java:25)
	at com.automation.framework.testcases.LoginTest.tearDown(LoginTest.java:25)
	at com.automation.framework.testcases.LoginTest.tearDown(LoginTest.java:25)
	at com.automation.framework.testcases.LoginTest.tearDown(LoginTest.java:25)
	at com.automation.framework.testcases.LoginTest.tearDown(LoginTest.java:25)
	at com.automation.framework.testcases.LoginTest.tearDown(LoginTest.java:25)
	at com.automation.framework.testcases.LoginTest.tearDown(LoginTest.java:25)
	at com.automation.framework.testcases.LoginTest.tearDown(LoginTest.java:25)
	at com.automation.framework.testcases.LoginTest.tearDown(LoginTest.java:25)
	at com.automation.framework.testcases.LoginTest.tearDown(LoginTest.java:25)
	at com.automation.framework.testcases.LoginTest.tearDown(LoginTest.java:25)
	at com.automation.framework.testcases.LoginTest.tearDown(LoginTest.java:25)
	at com.automation.framework.testcases.LoginTest.tearDown(LoginTest.java:25)
	at com.automation.framework.testcases.LoginTest.tearDown(LoginTest.java:25)
	at com.automation.framework.testcases.LoginTest.tearDown(LoginTest.java:25)
	at com.automation.framework.testcases.LoginTest.tearDown(LoginTest.java:25)
	at com.automation.framework.testcases.LoginTest.tearDown(LoginTest.java:25)
	at com.automation.framework.testcases.LoginTest.tearDown(LoginTest.java:25)
	at com.automation.framework.testcases.LoginTest.tearDown(LoginTest.java:25)
	at com.automation.framework.testcases.LoginTest.tearDown(LoginTest.java:25)
	at com.automation.framework.testcases.LoginTest.tearDown(LoginTest.java:25)
	at com.automation.framework.testcases.LoginTest.tearDown(LoginTest.java:25)
	at com.automation.framework.testcases.LoginTest.tearDown(LoginTest.java:25)
	at com.automation.framework.testcases.LoginTest.tearDown(LoginTest.java:25)
	at com.automation.framework.testcases.LoginTest.tearDown(LoginTest.java:25)
	at com.automation.framework.testcases.LoginTest.tearDown(LoginTest.java:25)
	at com.automation.framework.testcases.LoginTest.tearDown(LoginTest.java:25)
	at com.automation.framework.testcases.LoginTest.tearDown(LoginTest.java:25)
	at com.automation.framework.testcases.LoginTest.tearDown(LoginTest.java:25)
	at com.automation.framework.testcases.LoginTest.tearDown(LoginTest.java:25)
	at com.automation.framework.testcases.LoginTest.tearDown(LoginTest.java:25)
	at com.automation.framework.testcases.LoginTest.tearDown(LoginTest.java:25)
	at com.automation.framework.testcases.LoginTest.tearDown(LoginTest.java:25)
	at com.automation.framework.testcases.LoginTest.tearDown(LoginTest.java:25)
	at com.automation.framework.testcases.LoginTest.tearDown(LoginTest.java:25)
	at com.automation.framework.testcases.LoginTest.tearDown(LoginTest.java:25)
	at com.automation.framework.testcases.LoginTest.tearDown(LoginTest.java:25)
	at com.automation.framework.testcases.LoginTest.tearDown(LoginTest.java:25)
	at com.automation.framework.testcases.LoginTest.tearDown(LoginTest.java:25)
	at com.automation.framework.testcases.LoginTest.tearDown(LoginTest.java:25)
	at com.automation.framework.testcases.LoginTest.tearDown(LoginTest.java:25)
	at com.automation.framework.testcases.LoginTest.tearDown(LoginTest.java:25)
	at com.automation.framework.testcases.LoginTest.tearDown(LoginTest.java:25)
	at com.automation.framework.testcases.LoginTest.tearDown(LoginTest.java:25)
	at com.automation.framework.testcases.LoginTest.tearDown(LoginTest.java:25)
	at com.automation.framework.testcases.LoginTest.tearDown(LoginTest.java:25)
	at com.automation.framework.testcases.LoginTest.tearDown(LoginTest.java:25)
	at com.automation.framework.testcases.LoginTest.tearDown(LoginTest.java:25)
	at com.automation.framework.testcases.LoginTest.tearDown(LoginTest.java:25)
	at com.automation.framework.testcases.LoginTest.tearDown(LoginTest.java:25)
	at com.automation.framework.testcases.LoginTest.tearDown(LoginTest.java:25)
	at com.automation.framework.testcases.LoginTest.tearDown(LoginTest.java:25)
	at com.automation.framework.testcases.LoginTest.tearDown(LoginTest.java:25)
	at com.automation.framework.testcases.LoginTest.tearDown(LoginTest.java:25)
	at com.automation.framework.testcases.LoginTest.tearDown(LoginTest.java:25)
	at com.automation.framework.testcases.LoginTest.tearDown(LoginTest.java:25)
	at com.automation.framework.testcases.LoginTest.tearDown(LoginTest.java:25)
	at com.automation.framework.testcases.LoginTest.tearDown(LoginTest.java:25)
	at com.automation.framework.testcases.LoginTest.tearDown(LoginTest.java:25)
	at com.automation.framework.testcases.LoginTest.tearDown(LoginTest.java:25)
	at com.automation.framework.testcases.LoginTest.tearDown(LoginTest.java:25)
	at com.automation.framework.testcases.LoginTest.tearDown(LoginTest.java:25)
	at com.automation.framework.testcases.LoginTest.tearDown(LoginTest.java:25)
	at com.automation.framework.testcases.LoginTest.tearDown(LoginTest.java:25)
	at com.automation.framework.testcases.LoginTest.tearDown(LoginTest.java:25)
	at com.automation.framework.testcases.LoginTest.tearDown(LoginTest.java:25)
	at com.automation.framework.testcases.LoginTest.tearDown(LoginTest.java:25)
	at com.automation.framework.testcases.LoginTest.tearDown(LoginTest.java:25)
	at com.automation.framework.testcases.LoginTest.tearDown(LoginTest.java:25)
	at com.automation.framework.testcases.LoginTest.tearDown(LoginTest.java:25)
	at com.automation.framework.testcases.LoginTest.tearDown(LoginTest.java:25)
	at com.automation.framework.testcases.LoginTest.tearDown(LoginTest.java:25)
	at com.automation.framework.testcases.LoginTest.tearDown(LoginTest.java:25)
	at com.automation.framework.testcases.LoginTest.tearDown(LoginTest.java:25)
	at com.automation.framework.testcases.LoginTest.tearDown(LoginTest.java:25)
	at com.automation.framework.testcases.LoginTest.tearDown(LoginTest.java:25)
	at com.automation.framework.testcases.LoginTest.tearDown(LoginTest.java:25)
	at com.automation.framework.testcases.LoginTest.tearDown(LoginTest.java:25)
	at com.automation.framework.testcases.LoginTest.tearDown(LoginTest.java:25)
	at com.automation.framework.testcases.LoginTest.tearDown(LoginTest.java:25)
	at com.automation.framework.testcases.LoginTest.tearDown(LoginTest.java:25)
	at com.automation.framework.testcases.LoginTest.tearDown(LoginTest.java:25)
	at com.automation.framework.testcases.LoginTest.tearDown(LoginTest.java:25)
	at com.automation.framework.testcases.LoginTest.tearDown(LoginTest.java:25)
	at com.automation.framework.testcases.LoginTest.tearDown(LoginTest.java:25)
	at com.automation.framework.testcases.LoginTest.tearDown(LoginTest.java:25)
	at com.automation.framework.testcases.LoginTest.tearDown(LoginTest.java:25)
	at com.automation.framework.testcases.LoginTest.tearDown(LoginTest.java:25)
	at com.automation.framework.testcases.LoginTest.tearDown(LoginTest.java:25)
	at com.automation.framework.testcases.LoginTest.tearDown(LoginTest.java:25)
	at com.automation.framework.testcases.LoginTest.tearDown(LoginTest.java:25)
	at com.automation.framework.testcases.LoginTest.tearDown(LoginTest.java:25)
	at com.automation.framework.testcases.LoginTest.tearDown(LoginTest.java:25)
	at com.automation.framework.testcases.LoginTest.tearDown(LoginTest.java:25)
	at com.automation.framework.testcases.LoginTest.tearDown(LoginTest.java:25)
	at com.automation.framework.testcases.LoginTest.tearDown(LoginTest.java:25)
	at com.automation.framework.testcases.LoginTest.tearDown(LoginTest.java:25)
	at com.automation.framework.testcases.LoginTest.tearDown(LoginTest.java:25)
	at com.automation.framework.testcases.LoginTest.tearDown(LoginTest.java:25)
	at com.automation.framework.testcases.LoginTest.tearDown(LoginTest.java:25)
	at com.automation.framework.testcases.LoginTest.tearDown(LoginTest.java:25)
	at com.automation.framework.testcases.LoginTest.tearDown(LoginTest.java:25)
	at com.automation.framework.testcases.LoginTest.tearDown(LoginTest.java:25)
	at com.automation.framework.testcases.LoginTest.tearDown(LoginTest.java:25)
	at com.automation.framework.testcases.LoginTest.tearDown(LoginTest.java:25)
	at com.automation.framework.testcases.LoginTest.tearDown(LoginTest.java:25)
	at com.automation.framework.testcases.LoginTest.tearDown(LoginTest.java:25)
	at com.automation.framework.testcases.LoginTest.tearDown(LoginTest.java:25)
	at com.automation.framework.testcases.LoginTest.tearDown(LoginTest.java:25)
	at com.automation.framework.testcases.LoginTest.tearDown(LoginTest.java:25)
	at com.automation.framework.testcases.LoginTest.tearDown(LoginTest.java:25)
	at com.automation.framework.testcases.LoginTest.tearDown(LoginTest.java:25)
	at com.automation.framework.testcases.LoginTest.tearDown(LoginTest.java:25)
	at com.automation.framework.testcases.LoginTest.tearDown(LoginTest.java:25)
	at com.automation.framework.testcases.LoginTest.tearDown(LoginTest.java:25)
	at com.automation.framework.testcases.LoginTest.tearDown(LoginTest.java:25)
	at com.automation.framework.testcases.LoginTest.tearDown(LoginTest.java:25)
	at com.automation.framework.testcases.LoginTest.tearDown(LoginTest.java:25)
	at com.automation.framework.testcases.LoginTest.tearDown(LoginTest.java:25)
	at com.automation.framework.testcases.LoginTest.tearDown(LoginTest.java:25)
	at com.automation.framework.testcases.LoginTest.tearDown(LoginTest.java:25)
	at com.automation.framework.testcases.LoginTest.tearDown(LoginTest.java:25)
	at com.automation.framework.testcases.LoginTest.tearDown(LoginTest.java:25)
	at com.automation.framework.testcases.LoginTest.tearDown(LoginTest.java:25)
	at com.automation.framework.testcases.LoginTest.tearDown(LoginTest.java:25)
	at com.automation.framework.testcases.LoginTest.tearDown(LoginTest.java:25)
	at com.automation.framework.testcases.LoginTest.tearDown(LoginTest.java:25)
	at com.automation.framework.testcases.LoginTest.tearDown(LoginTest.java:25)
	at com.automation.framework.testcases.LoginTest.tearDown(LoginTest.java:25)
	at com.automation.framework.testcases.LoginTest.tearDown(LoginTest.java:25)
	at com.automation.framework.testcases.LoginTest.tearDown(LoginTest.java:25)
	at com.automation.framework.testcases.LoginTest.tearDown(LoginTest.java:25)
	at com.automation.framework.testcases.LoginTest.tearDown(LoginTest.java:25)
	at com.automation.framework.testcases.LoginTest.tearDown(LoginTest.java:25)
	at com.automation.framework.testcases.LoginTest.tearDown(LoginTest.java:25)
	at com.automation.framework.testcases.LoginTest.tearDown(LoginTest.java:25)
	at com.automation.framework.testcases.LoginTest.tearDown(LoginTest.java:25)
	at com.automation.framework.testcases.LoginTest.tearDown(LoginTest.java:25)
	at com.automation.framework.testcases.LoginTest.tearDown(LoginTest.java:25)
	at com.automation.framework.testcases.LoginTest.tearDown(LoginTest.java:25)
	at com.automation.framework.testcases.LoginTest.tearDown(LoginTest.java:25)
	at com.automation.framework.testcases.LoginTest.tearDown(LoginTest.java:25)
	at com.automation.framework.testcases.LoginTest.tearDown(LoginTest.java:25)
	at com.automation.framework.testcases.LoginTest.tearDown(LoginTest.java:25)
	at com.automation.framework.testcases.LoginTest.tearDown(LoginTest.java:25)
	at com.automation.framework.testcases.LoginTest.tearDown(LoginTest.java:25)
	at com.automation.framework.testcases.LoginTest.tearDown(LoginTest.java:25)
	at com.automation.framework.testcases.LoginTest.tearDown(LoginTest.java:25)
	at com.automation.framework.testcases.LoginTest.tearDown(LoginTest.java:25)
	at com.automation.framework.testcases.LoginTest.tearDown(LoginTest.java:25)
	at com.automation.framework.testcases.LoginTest.tearDown(LoginTest.java:25)
	at com.automation.framework.testcases.LoginTest.tearDown(LoginTest.java:25)
	at com.automation.framework.testcases.LoginTest.tearDown(LoginTest.java:25)
	at com.automation.framework.testcases.LoginTest.tearDown(LoginTest.java:25)
	at com.automation.framework.testcases.LoginTest.tearDown(LoginTest.java:25)
	at com.automation.framework.testcases.LoginTest.tearDown(LoginTest.java:25)
	at com.automation.framework.testcases.LoginTest.tearDown(LoginTest.java:25)
	at com.automation.framework.testcases.LoginTest.tearDown(LoginTest.java:25)
	at com.automation.framework.testcases.LoginTest.tearDown(LoginTest.java:25)
	at com.automation.framework.testcases.LoginTest.tearDown(LoginTest.java:25)
	at com.automation.framework.testcases.LoginTest.tearDown(LoginTest.java:25)
	at com.automation.framework.testcases.LoginTest.tearDown(LoginTest.java:25)
	at com.automation.framework.testcases.LoginTest.tearDown(LoginTest.java:25)
	at com.automation.framework.testcases.LoginTest.tearDown(LoginTest.java:25)
	at com.automation.framework.testcases.LoginTest.tearDown(LoginTest.java:25)
	at com.automation.framework.testcases.LoginTest.tearDown(LoginTest.java:25)
	at com.automation.framework.testcases.LoginTest.tearDown(LoginTest.java:25)
	at com.automation.framework.testcases.LoginTest.tearDown(LoginTest.java:25)
	at com.automation.framework.testcases.LoginTest.tearDown(LoginTest.java:25)
	at com.automation.framework.testcases.LoginTest.tearDown(LoginTest.java:25)
	at com.automation.framework.testcases.LoginTest.tearDown(LoginTest.java:25)
	at com.automation.framework.testcases.LoginTest.tearDown(LoginTest.java:25)
	at com.automation.framework.testcases.LoginTest.tearDown(LoginTest.java:25)
	at com.automation.framework.testcases.LoginTest.tearDown(LoginTest.java:25)
	at com.automation.framework.testcases.LoginTest.tearDown(LoginTest.java:25)
	at com.automation.framework.testcases.LoginTest.tearDown(LoginTest.java:25)
	at com.automation.framework.testcases.LoginTest.tearDown(LoginTest.java:25)
	at com.automation.framework.testcases.LoginTest.tearDown(LoginTest.java:25)
	at com.automation.framework.testcases.LoginTest.tearDown(LoginTest.java:25)
	at com.automation.framework.testcases.LoginTest.tearDown(LoginTest.java:25)
	at com.automation.framework.testcases.LoginTest.tearDown(LoginTest.java:25)
	at com.automation.framework.testcases.LoginTest.tearDown(LoginTest.java:25)
	at com.automation.framework.testcases.LoginTest.tearDown(LoginTest.java:25)
	at com.automation.framework.testcases.LoginTest.tearDown(LoginTest.java:25)
	at com.automation.framework.testcases.LoginTest.tearDown(LoginTest.java:25)
	at com.automation.framework.testcases.LoginTest.tearDown(LoginTest.java:25)
	at com.automation.framework.testcases.LoginTest.tearDown(LoginTest.java:25)
	at com.automation.framework.testcases.LoginTest.tearDown(LoginTest.java:25)
	at com.automation.framework.testcases.LoginTest.tearDown(LoginTest.java:25)
	at com.automation.framework.testcases.LoginTest.tearDown(LoginTest.java:25)
	at com.automation.framework.testcases.LoginTest.tearDown(LoginTest.java:25)
	at com.automation.framework.testcases.LoginTest.tearDown(LoginTest.java:25)
	at com.automation.framework.testcases.LoginTest.tearDown(LoginTest.java:25)
	at com.automation.framework.testcases.LoginTest.tearDown(LoginTest.java:25)
	at com.automation.framework.testcases.LoginTest.tearDown(LoginTest.java:25)
	at com.automation.framework.testcases.LoginTest.tearDown(LoginTest.java:25)
	at com.automation.framework.testcases.LoginTest.tearDown(LoginTest.java:25)
	at com.automation.framework.testcases.LoginTest.tearDown(LoginTest.java:25)
	at com.automation.framework.testcases.LoginTest.tearDown(LoginTest.java:25)
	at com.automation.framework.testcases.LoginTest.tearDown(LoginTest.java:25)
	at com.automation.framework.testcases.LoginTest.tearDown(LoginTest.java:25)
	at com.automation.framework.testcases.LoginTest.tearDown(LoginTest.java:25)
	at com.automation.framework.testcases.LoginTest.tearDown(LoginTest.java:25)
	at com.automation.framework.testcases.LoginTest.tearDown(LoginTest.java:25)
	at com.automation.framework.testcases.LoginTest.tearDown(LoginTest.java:25)
	at com.automation.framework.testcases.LoginTest.tearDown(LoginTest.java:25)
	at com.automation.framework.testcases.LoginTest.tearDown(LoginTest.java:25)
	at com.automation.framework.testcases.LoginTest.tearDown(LoginTest.java:25)
	at com.automation.framework.testcases.LoginTest.tearDown(LoginTest.java:25)
	at com.automation.framework.testcases.LoginTest.tearDown(LoginTest.java:25)
	at com.automation.framework.testcases.LoginTest.tearDown(LoginTest.java:25)
	at com.automation.framework.testcases.LoginTest.tearDown(LoginTest.java:25)
	at com.automation.framework.testcases.LoginTest.tearDown(LoginTest.java:25)
	at com.automation.framework.testcases.LoginTest.tearDown(LoginTest.java:25)
	at com.automation.framework.testcases.LoginTest.tearDown(LoginTest.java:25)
	at com.automation.framework.testcases.LoginTest.tearDown(LoginTest.java:25)
	at com.automation.framework.testcases.LoginTest.tearDown(LoginTest.java:25)
	at com.automation.framework.testcases.LoginTest.tearDown(LoginTest.java:25)
	at com.automation.framework.testcases.LoginTest.tearDown(LoginTest.java:25)
	at com.automation.framework.testcases.LoginTest.tearDown(LoginTest.java:25)
	at com.automation.framework.testcases.LoginTest.tearDown(LoginTest.java:25)
	at com.automation.framework.testcases.LoginTest.tearDown(LoginTest.java:25)
	at com.automation.framework.testcases.LoginTest.tearDown(LoginTest.java:25)
	at com.automation.framework.testcases.LoginTest.tearDown(LoginTest.java:25)
	at com.automation.framework.testcases.LoginTest.tearDown(LoginTest.java:25)
	at com.automation.framework.testcases.LoginTest.tearDown(LoginTest.java:25)
	at com.automation.framework.testcases.LoginTest.tearDown(LoginTest.java:25)
	at com.automation.framework.testcases.LoginTest.tearDown(LoginTest.java:25)
	at com.automation.framework.testcases.LoginTest.tearDown(LoginTest.java:25)
	at com.automation.framework.testcases.LoginTest.tearDown(LoginTest.java:25)
	at com.automation.framework.testcases.LoginTest.tearDown(LoginTest.java:25)
	at com.automation.framework.testcases.LoginTest.tearDown(LoginTest.java:25)
	at com.automation.framework.testcases.LoginTest.tearDown(LoginTest.java:25)
	at com.automation.framework.testcases.LoginTest.tearDown(LoginTest.java:25)
	at com.automation.framework.testcases.LoginTest.tearDown(LoginTest.java:25)
	at com.automation.framework.testcases.LoginTest.tearDown(LoginTest.java:25)
	at com.automation.framework.testcases.LoginTest.tearDown(LoginTest.java:25)
	at com.automation.framework.testcases.LoginTest.tearDown(LoginTest.java:25)
	at com.automation.framework.testcases.LoginTest.tearDown(LoginTest.java:25)
	at com.automation.framework.testcases.LoginTest.tearDown(LoginTest.java:25)
	at com.automation.framework.testcases.LoginTest.tearDown(LoginTest.java:25)
	at com.automation.framework.testcases.LoginTest.tearDown(LoginTest.java:25)
	at com.automation.framework.testcases.LoginTest.tearDown(LoginTest.java:25)
	at com.automation.framework.testcases.LoginTest.tearDown(LoginTest.java:25)
	at com.automation.framework.testcases.LoginTest.tearDown(LoginTest.java:25)
	at com.automation.framework.testcases.LoginTest.tearDown(LoginTest.java:25)
	at com.automation.framework.testcases.LoginTest.tearDown(LoginTest.java:25)
	at com.automation.framework.testcases.LoginTest.tearDown(LoginTest.java:25)
	at com.automation.framework.testcases.LoginTest.tearDown(LoginTest.java:25)
	at com.automation.framework.testcases.LoginTest.tearDown(LoginTest.java:25)
	at com.automation.framework.testcases.LoginTest.tearDown(LoginTest.java:25)
	at com.automation.framework.testcases.LoginTest.tearDown(LoginTest.java:25)
	at com.automation.framework.testcases.LoginTest.tearDown(LoginTest.java:25)
	at com.automation.framework.testcases.LoginTest.tearDown(LoginTest.java:25)
	at com.automation.framework.testcases.LoginTest.tearDown(LoginTest.java:25)
	at com.automation.framework.testcases.LoginTest.tearDown(LoginTest.java:25)
	at com.automation.framework.testcases.LoginTest.tearDown(LoginTest.java:25)
	at com.automation.framework.testcases.LoginTest.tearDown(LoginTest.java:25)
	at com.automation.framework.testcases.LoginTest.tearDown(LoginTest.java:25)
	at com.automation.framework.testcases.LoginTest.tearDown(LoginTest.java:25)
	at com.automation.framework.testcases.LoginTest.tearDown(LoginTest.java:25)
	at com.automation.framework.testcases.LoginTest.tearDown(LoginTest.java:25)
	at com.automation.framework.testcases.LoginTest.tearDown(LoginTest.java:25)
	at com.automation.framework.testcases.LoginTest.tearDown(LoginTest.java:25)
	at com.automation.framework.testcases.LoginTest.tearDown(LoginTest.java:25)
	at com.automation.framework.testcases.LoginTest.tearDown(LoginTest.java:25)
	at com.automation.framework.testcases.LoginTest.tearDown(LoginTest.java:25)
	at com.automation.framework.testcases.LoginTest.tearDown(LoginTest.java:25)
	at com.automation.framework.testcases.LoginTest.tearDown(LoginTest.java:25)
	at com.automation.framework.testcases.LoginTest.tearDown(LoginTest.java:25)
	at com.automation.framework.testcases.LoginTest.tearDown(LoginTest.java:25)
	at com.automation.framework.testcases.LoginTest.tearDown(LoginTest.java:25)
	at com.automation.framework.testcases.LoginTest.tearDown(LoginTest.java:25)
	at com.automation.framework.testcases.LoginTest.tearDown(LoginTest.java:25)
	at com.automation.framework.testcases.LoginTest.tearDown(LoginTest.java:25)
	at com.automation.framework.testcases.LoginTest.tearDown(LoginTest.java:25)
	at com.automation.framework.testcases.LoginTest.tearDown(LoginTest.java:25)
	at com.automation.framework.testcases.LoginTest.tearDown(LoginTest.java:25)
	at com.automation.framework.testcases.LoginTest.tearDown(LoginTest.java:25)
	at com.automation.framework.testcases.LoginTest.tearDown(LoginTest.java:25)
	at com.automation.framework.testcases.LoginTest.tearDown(LoginTest.java:25)
	at com.automation.framework.testcases.LoginTest.tearDown(LoginTest.java:25)
	at com.automation.framework.testcases.LoginTest.tearDown(LoginTest.java:25)
	at com.automation.framework.testcases.LoginTest.tearDown(LoginTest.java:25)
	at com.automation.framework.testcases.LoginTest.tearDown(LoginTest.java:25)
	at com.automation.framework.testcases.LoginTest.tearDown(LoginTest.java:25)
	at com.automation.framework.testcases.LoginTest.tearDown(LoginTest.java:25)
	at com.automation.framework.testcases.LoginTest.tearDown(LoginTest.java:25)
	at com.automation.framework.testcases.LoginTest.tearDown(LoginTest.java:25)
	at com.automation.framework.testcases.LoginTest.tearDown(LoginTest.java:25)
	at com.automation.framework.testcases.LoginTest.tearDown(LoginTest.java:25)
	at com.automation.framework.testcases.LoginTest.tearDown(LoginTest.java:25)
	at com.automation.framework.testcases.LoginTest.tearDown(LoginTest.java:25)
	at com.automation.framework.testcases.LoginTest.tearDown(LoginTest.java:25)
	at com.automation.framework.testcases.LoginTest.tearDown(LoginTest.java:25)
	at com.automation.framework.testcases.LoginTest.tearDown(LoginTest.java:25)
	at com.automation.framework.testcases.LoginTest.tearDown(LoginTest.java:25)
	at com.automation.framework.testcases.LoginTest.tearDown(LoginTest.java:25)
	at com.automation.framework.testcases.LoginTest.tearDown(LoginTest.java:25)
	at com.automation.framework.testcases.LoginTest.tearDown(LoginTest.java:25)
	at com.automation.framework.testcases.LoginTest.tearDown(LoginTest.java:25)
	at com.automation.framework.testcases.LoginTest.tearDown(LoginTest.java:25)
	at com.automation.framework.testcases.LoginTest.tearDown(LoginTest.java:25)
	at com.automation.framework.testcases.LoginTest.tearDown(LoginTest.java:25)
	at com.automation.framework.testcases.LoginTest.tearDown(LoginTest.java:25)
	at com.automation.framework.testcases.LoginTest.tearDown(LoginTest.java:25)
	at com.automation.framework.testcases.LoginTest.tearDown(LoginTest.java:25)
	at com.automation.framework.testcases.LoginTest.tearDown(LoginTest.java:25)
	at com.automation.framework.testcases.LoginTest.tearDown(LoginTest.java:25)
	at com.automation.framework.testcases.LoginTest.tearDown(LoginTest.java:25)
	at com.automation.framework.testcases.LoginTest.tearDown(LoginTest.java:25)
	at com.automation.framework.testcases.LoginTest.tearDown(LoginTest.java:25)
	at com.automation.framework.testcases.LoginTest.tearDown(LoginTest.java:25)
	at com.automation.framework.testcases.LoginTest.tearDown(LoginTest.java:25)
	at com.automation.framework.testcases.LoginTest.tearDown(LoginTest.java:25)
	at com.automation.framework.testcases.LoginTest.tearDown(LoginTest.java:25)
	at com.automation.framework.testcases.LoginTest.tearDown(LoginTest.java:25)
	at com.automation.framework.testcases.LoginTest.tearDown(LoginTest.java:25)
	at com.automation.framework.testcases.LoginTest.tearDown(LoginTest.java:25)
	at com.automation.framework.testcases.LoginTest.tearDown(LoginTest.java:25)
	at com.automation.framework.testcases.LoginTest.tearDown(LoginTest.java:25)
	at com.automation.framework.testcases.LoginTest.tearDown(LoginTest.java:25)
	at com.automation.framework.testcases.LoginTest.tearDown(LoginTest.java:25)
	at com.automation.framework.testcases.LoginTest.tearDown(LoginTest.java:25)
	at com.automation.framework.testcases.LoginTest.tearDown(LoginTest.java:25)
	at com.automation.framework.testcases.LoginTest.tearDown(LoginTest.java:25)
	at com.automation.framework.testcases.LoginTest.tearDown(LoginTest.java:25)
	at com.automation.framework.testcases.LoginTest.tearDown(LoginTest.java:25)
	at com.automation.framework.testcases.LoginTest.tearDown(LoginTest.java:25)
	at com.automation.framework.testcases.LoginTest.tearDown(LoginTest.java:25)
	at com.automation.framework.testcases.LoginTest.tearDown(LoginTest.java:25)
	at com.automation.framework.testcases.LoginTest.tearDown(LoginTest.java:25)
	at com.automation.framework.testcases.LoginTest.tearDown(LoginTest.java:25)
	at com.automation.framework.testcases.LoginTest.tearDown(LoginTest.java:25)
	at com.automation.framework.testcases.LoginTest.tearDown(LoginTest.java:25)
	at com.automation.framework.testcases.LoginTest.tearDown(LoginTest.java:25)
	at com.automation.framework.testcases.LoginTest.tearDown(LoginTest.java:25)
	at com.automation.framework.testcases.LoginTest.tearDown(LoginTest.java:25)
	at com.automation.framework.testcases.LoginTest.tearDown(LoginTest.java:25)
	at com.automation.framework.testcases.LoginTest.tearDown(LoginTest.java:25)
	at com.automation.framework.testcases.LoginTest.tearDown(LoginTest.java:25)
	at com.automation.framework.testcases.LoginTest.tearDown(LoginTest.java:25)
	at com.automation.framework.testcases.LoginTest.tearDown(LoginTest.java:25)
	at com.automation.framework.testcases.LoginTest.tearDown(LoginTest.java:25)
	at com.automation.framework.testcases.LoginTest.tearDown(LoginTest.java:25)
	at com.automation.framework.testcases.LoginTest.tearDown(LoginTest.java:25)
	at com.automation.framework.testcases.LoginTest.tearDown(LoginTest.java:25)
	at com.automation.framework.testcases.LoginTest.tearDown(LoginTest.java:25)
	at com.automation.framework.testcases.LoginTest.tearDown(LoginTest.java:25)
	at com.automation.framework.testcases.LoginTest.tearDown(LoginTest.java:25)
	at com.automation.framework.testcases.LoginTest.tearDown(LoginTest.java:25)
	at com.automation.framework.testcases.LoginTest.tearDown(LoginTest.java:25)
	at com.automation.framework.testcases.LoginTest.tearDown(LoginTest.java:25)
	at com.automation.framework.testcases.LoginTest.tearDown(LoginTest.java:25)
	at com.automation.framework.testcases.LoginTest.tearDown(LoginTest.java:25)
	at com.automation.framework.testcases.LoginTest.tearDown(LoginTest.java:25)
	at com.automation.framework.testcases.LoginTest.tearDown(LoginTest.java:25)
	at com.automation.framework.testcases.LoginTest.tearDown(LoginTest.java:25)
	at com.automation.framework.testcases.LoginTest.tearDown(LoginTest.java:25)
	at com.automation.framework.testcases.LoginTest.tearDown(LoginTest.java:25)
	at com.automation.framework.testcases.LoginTest.tearDown(LoginTest.java:25)
	at com.automation.framework.testcases.LoginTest.tearDown(LoginTest.java:25)
	at com.automation.framework.testcases.LoginTest.tearDown(LoginTest.java:25)
	at com.automation.framework.testcases.LoginTest.tearDown(LoginTest.java:25)
	at com.automation.framework.testcases.LoginTest.tearDown(LoginTest.java:25)
	at com.automation.framework.testcases.LoginTest.tearDown(LoginTest.java:25)
	at com.automation.framework.testcases.LoginTest.tearDown(LoginTest.java:25)
	at com.automation.framework.testcases.LoginTest.tearDown(LoginTest.java:25)
	at com.automation.framework.testcases.LoginTest.tearDown(LoginTest.java:25)
	at com.automation.framework.testcases.LoginTest.tearDown(LoginTest.java:25)
	at com.automation.framework.testcases.LoginTest.tearDown(LoginTest.java:25)
	at com.automation.framework.testcases.LoginTest.tearDown(LoginTest.java:25)
	at com.automation.framework.testcases.LoginTest.tearDown(LoginTest.java:25)
	at com.automation.framework.testcases.LoginTest.tearDown(LoginTest.java:25)
	at com.automation.framework.testcases.LoginTest.tearDown(LoginTest.java:25)
	at com.automation.framework.testcases.LoginTest.tearDown(LoginTest.java:25)
	at com.automation.framework.testcases.LoginTest.tearDown(LoginTest.java:25)
	at com.automation.framework.testcases.LoginTest.tearDown(LoginTest.java:25)
	at com.automation.framework.testcases.LoginTest.tearDown(LoginTest.java:25)
	at com.automation.framework.testcases.LoginTest.tearDown(LoginTest.java:25)
	at com.automation.framework.testcases.LoginTest.tearDown(LoginTest.java:25)
	at com.automation.framework.testcases.LoginTest.tearDown(LoginTest.java:25)
	at com.automation.framework.testcases.LoginTest.tearDown(LoginTest.java:25)
	at com.automation.framework.testcases.LoginTest.tearDown(LoginTest.java:25)
	at com.automation.framework.testcases.LoginTest.tearDown(LoginTest.java:25)
	at com.automation.framework.testcases.LoginTest.tearDown(LoginTest.java:25)
	at com.automation.framework.testcases.LoginTest.tearDown(LoginTest.java:25)
	at com.automation.framework.testcases.LoginTest.tearDown(LoginTest.java:25)
	at com.automation.framework.testcases.LoginTest.tearDown(LoginTest.java:25)
	at com.automation.framework.testcases.LoginTest.tearDown(LoginTest.java:25)
	at com.automation.framework.testcases.LoginTest.tearDown(LoginTest.java:25)
	at com.automation.framework.testcases.LoginTest.tearDown(LoginTest.java:25)
	at com.automation.framework.testcases.LoginTest.tearDown(LoginTest.java:25)
	at com.automation.framework.testcases.LoginTest.tearDown(LoginTest.java:25)
	at com.automation.framework.testcases.LoginTest.tearDown(LoginTest.java:25)
	at com.automation.framework.testcases.LoginTest.tearDown(LoginTest.java:25)
	at com.automation.framework.testcases.LoginTest.tearDown(LoginTest.java:25)
	at com.automation.framework.testcases.LoginTest.tearDown(LoginTest.java:25)
	at com.automation.framework.testcases.LoginTest.tearDown(LoginTest.java:25)
	at com.automation.framework.testcases.LoginTest.tearDown(LoginTest.java:25)
	at com.automation.framework.testcases.LoginTest.tearDown(LoginTest.java:25)
	at com.automation.framework.testcases.LoginTest.tearDown(LoginTest.java:25)
	at com.automation.framework.testcases.LoginTest.tearDown(LoginTest.java:25)
	at com.automation.framework.testcases.LoginTest.tearDown(LoginTest.java:25)
	at com.automation.framework.testcases.LoginTest.tearDown(LoginTest.java:25)
	at com.automation.framework.testcases.LoginTest.tearDown(LoginTest.java:25)
	at com.automation.framework.testcases.LoginTest.tearDown(LoginTest.java:25)
	at com.automation.framework.testcases.LoginTest.tearDown(LoginTest.java:25)
	at com.automation.framework.testcases.LoginTest.tearDown(LoginTest.java:25)
	at com.automation.framework.testcases.LoginTest.tearDown(LoginTest.java:25)
	at com.automation.framework.testcases.LoginTest.tearDown(LoginTest.java:25)
	at com.automation.framework.testcases.LoginTest.tearDown(LoginTest.java:25)
	at com.automation.framework.testcases.LoginTest.tearDown(LoginTest.java:25)
	at com.automation.framework.testcases.LoginTest.tearDown(LoginTest.java:25)
	at com.automation.framework.testcases.LoginTest.tearDown(LoginTest.java:25)
	at com.automation.framework.testcases.LoginTest.tearDown(LoginTest.java:25)
	at com.automation.framework.testcases.LoginTest.tearDown(LoginTest.java:25)
	at com.automation.framework.testcases.LoginTest.tearDown(LoginTest.java:25)
	at com.automation.framework.testcases.LoginTest.tearDown(LoginTest.java:25)
	at com.automation.framework.testcases.LoginTest.tearDown(LoginTest.java:25)
	at com.automation.framework.testcases.LoginTest.tearDown(LoginTest.java:25)
	at com.automation.framework.testcases.LoginTest.tearDown(LoginTest.java:25)
	at com.automation.framework.testcases.LoginTest.tearDown(LoginTest.java:25)
	at com.automation.framework.testcases.LoginTest.tearDown(LoginTest.java:25)
	at com.automation.framework.testcases.LoginTest.tearDown(LoginTest.java:25)
	at com.automation.framework.testcases.LoginTest.tearDown(LoginTest.java:25)
	at com.automation.framework.testcases.LoginTest.tearDown(LoginTest.java:25)
	at com.automation.framework.testcases.LoginTest.tearDown(LoginTest.java:25)
	at com.automation.framework.testcases.LoginTest.tearDown(LoginTest.java:25)
	at com.automation.framework.testcases.LoginTest.tearDown(LoginTest.java:25)
	at com.automation.framework.testcases.LoginTest.tearDown(LoginTest.java:25)
	at com.automation.framework.testcases.LoginTest.tearDown(LoginTest.java:25)
	at com.automation.framework.testcases.LoginTest.tearDown(LoginTest.java:25)
	at com.automation.framework.testcases.LoginTest.tearDown(LoginTest.java:25)
	at com.automation.framework.testcases.LoginTest.tearDown(LoginTest.java:25)
	at com.automation.framework.testcases.LoginTest.tearDown(LoginTest.java:25)
	at com.automation.framework.testcases.LoginTest.tearDown(LoginTest.java:25)
	at com.automation.framework.testcases.LoginTest.tearDown(LoginTest.java:25)
	at com.automation.framework.testcases.LoginTest.tearDown(LoginTest.java:25)
	at com.automation.framework.testcases.LoginTest.tearDown(LoginTest.java:25)
	at com.automation.framework.testcases.LoginTest.tearDown(LoginTest.java:25)
	at com.automation.framework.testcases.LoginTest.tearDown(LoginTest.java:25)
	at com.automation.framework.testcases.LoginTest.tearDown(LoginTest.java:25)
	at com.automation.framework.testcases.LoginTest.tearDown(LoginTest.java:25)
	at com.automation.framework.testcases.LoginTest.tearDown(LoginTest.java:25)
	at com.automation.framework.testcases.LoginTest.tearDown(LoginTest.java:25)
	at com.automation.framework.testcases.LoginTest.tearDown(LoginTest.java:25)
	at com.automation.framework.testcases.LoginTest.tearDown(LoginTest.java:25)
	at com.automation.framework.testcases.LoginTest.tearDown(LoginTest.java:25)
	at com.automation.framework.testcases.LoginTest.tearDown(LoginTest.java:25)
	at com.automation.framework.testcases.LoginTest.tearDown(LoginTest.java:25)
	at com.automation.framework.testcases.LoginTest.tearDown(LoginTest.java:25)
	at com.automation.framework.testcases.LoginTest.tearDown(LoginTest.java:25)
	at com.automation.framework.testcases.LoginTest.tearDown(LoginTest.java:25)
	at com.automation.framework.testcases.LoginTest.tearDown(LoginTest.java:25)
	at com.automation.framework.testcases.LoginTest.tearDown(LoginTest.java:25)
	at com.automation.framework.testcases.LoginTest.tearDown(LoginTest.java:25)
	at com.automation.framework.testcases.LoginTest.tearDown(LoginTest.java:25)
	at com.automation.framework.testcases.LoginTest.tearDown(LoginTest.java:25)
	at com.automation.framework.testcases.LoginTest.tearDown(LoginTest.java:25)
	at com.automation.framework.testcases.LoginTest.tearDown(LoginTest.java:25)
	at com.automation.framework.testcases.LoginTest.tearDown(LoginTest.java:25)
	at com.automation.framework.testcases.LoginTest.tearDown(LoginTest.java:25)
	at com.automation.framework.testcases.LoginTest.tearDown(LoginTest.java:25)
	at com.automation.framework.testcases.LoginTest.tearDown(LoginTest.java:25)
	at com.automation.framework.testcases.LoginTest.tearDown(LoginTest.java:25)
	at com.automation.framework.testcases.LoginTest.tearDown(LoginTest.java:25)
	at com.automation.framework.testcases.LoginTest.tearDown(LoginTest.java:25)
	at com.automation.framework.testcases.LoginTest.tearDown(LoginTest.java:25)
	at com.automation.framework.testcases.LoginTest.tearDown(LoginTest.java:25)
	at com.automation.framework.testcases.LoginTest.tearDown(LoginTest.java:25)
	at com.automation.framework.testcases.LoginTest.tearDown(LoginTest.java:25)
	at com.automation.framework.testcases.LoginTest.tearDown(LoginTest.java:25)
	at com.automation.framework.testcases.LoginTest.tearDown(LoginTest.java:25)
	at com.automation.framework.testcases.LoginTest.tearDown(LoginTest.java:25)
	at com.automation.framework.testcases.LoginTest.tearDown(LoginTest.java:25)
	at com.automation.framework.testcases.LoginTest.tearDown(LoginTest.java:25)
	at com.automation.framework.testcases.LoginTest.tearDown(LoginTest.java:25)
	at com.automation.framework.testcases.LoginTest.tearDown(LoginTest.java:25)
	at com.automation.framework.testcases.LoginTest.tearDown(LoginTest.java:25)
	at com.automation.framework.testcases.LoginTest.tearDown(LoginTest.java:25)
	at com.automation.framework.testcases.LoginTest.tearDown(LoginTest.java:25)
	at com.automation.framework.testcases.LoginTest.tearDown(LoginTest.java:25)
	at com.automation.framework.testcases.LoginTest.tearDown(LoginTest.java:25)
	at com.automation.framework.testcases.LoginTest.tearDown(LoginTest.java:25)
	at com.automation.framework.testcases.LoginTest.tearDown(LoginTest.java:25)
	at com.automation.framework.testcases.LoginTest.tearDown(LoginTest.java:25)
	at com.automation.framework.testcases.LoginTest.tearDown(LoginTest.java:25)
	at com.automation.framework.testcases.LoginTest.tearDown(LoginTest.java:25)
	at com.automation.framework.testcases.LoginTest.tearDown(LoginTest.java:25)
	at com.automation.framework.testcases.LoginTest.tearDown(LoginTest.java:25)
	at com.automation.framework.testcases.LoginTest.tearDown(LoginTest.java:25)
	at com.automation.framework.testcases.LoginTest.tearDown(LoginTest.java:25)
	at com.automation.framework.testcases.LoginTest.tearDown(LoginTest.java:25)
	at com.automation.framework.testcases.LoginTest.tearDown(LoginTest.java:25)
	at com.automation.framework.testcases.LoginTest.tearDown(LoginTest.java:25)
	at com.automation.framework.testcases.LoginTest.tearDown(LoginTest.java:25)
	at com.automation.framework.testcases.LoginTest.tearDown(LoginTest.java:25)
	at com.automation.framework.testcases.LoginTest.tearDown(LoginTest.java:25)
	at com.automation.framework.testcases.LoginTest.tearDown(LoginTest.java:25)
	at com.automation.framework.testcases.LoginTest.tearDown(LoginTest.java:25)
	at com.automation.framework.testcases.LoginTest.tearDown(LoginTest.java:25)
	at com.automation.framework.testcases.LoginTest.tearDown(LoginTest.java:25)
	at com.automation.framework.testcases.LoginTest.tearDown(LoginTest.java:25)
	at com.automation.framework.testcases.LoginTest.tearDown(LoginTest.java:25)
	at com.automation.framework.testcases.LoginTest.tearDown(LoginTest.java:25)
	at com.automation.framework.testcases.LoginTest.tearDown(LoginTest.java:25)
	at com.automation.framework.testcases.LoginTest.tearDown(LoginTest.java:25)
	at com.automation.framework.testcases.LoginTest.tearDown(LoginTest.java:25)
	at com.automation.framework.testcases.LoginTest.tearDown(LoginTest.java:25)
	at com.automation.framework.testcases.LoginTest.tearDown(LoginTest.java:25)
	at com.automation.framework.testcases.LoginTest.tearDown(LoginTest.java:25)
	at com.automation.framework.testcases.LoginTest.tearDown(LoginTest.java:25)
	at com.automation.framework.testcases.LoginTest.tearDown(LoginTest.java:25)
	at com.automation.framework.testcases.LoginTest.tearDown(LoginTest.java:25)
	at com.automation.framework.testcases.LoginTest.tearDown(LoginTest.java:25)
	at com.automation.framework.testcases.LoginTest.tearDown(LoginTest.java:25)
	at com.automation.framework.testcases.LoginTest.tearDown(LoginTest.java:25)
	at com.automation.framework.testcases.LoginTest.tearDown(LoginTest.java:25)
	at com.automation.framework.testcases.LoginTest.tearDown(LoginTest.java:25)
	at com.automation.framework.testcases.LoginTest.tearDown(LoginTest.java:25)
	at com.automation.framework.testcases.LoginTest.tearDown(LoginTest.java:25)
	at com.automation.framework.testcases.LoginTest.tearDown(LoginTest.java:25)
	at com.automation.framework.testcases.LoginTest.tearDown(LoginTest.java:25)
	at com.automation.framework.testcases.LoginTest.tearDown(LoginTest.java:25)
	at com.automation.framework.testcases.LoginTest.tearDown(LoginTest.java:25)
	at com.automation.framework.testcases.LoginTest.tearDown(LoginTest.java:25)
	at com.automation.framework.testcases.LoginTest.tearDown(LoginTest.java:25)
	at com.automation.framework.testcases.LoginTest.tearDown(LoginTest.java:25)
	at com.automation.framework.testcases.LoginTest.tearDown(LoginTest.java:25)
	at com.automation.framework.testcases.LoginTest.tearDown(LoginTest.java:25)
	at com.automation.framework.testcases.LoginTest.tearDown(LoginTest.java:25)
	at com.automation.framework.testcases.LoginTest.tearDown(LoginTest.java:25)
	at com.automation.framework.testcases.LoginTest.tearDown(LoginTest.java:25)
	at com.automation.framework.testcases.LoginTest.tearDown(LoginTest.java:25)
	at com.automation.framework.testcases.LoginTest.tearDown(LoginTest.java:25)
	at com.automation.framework.testcases.LoginTest.tearDown(LoginTest.java:25)
	at com.automation.framework.testcases.LoginTest.tearDown(LoginTest.java:25)
	at com.automation.framework.testcases.LoginTest.tearDown(LoginTest.java:25)
	at com.automation.framework.testcases.LoginTest.tearDown(LoginTest.java:25)
	at com.automation.framework.testcases.LoginTest.tearDown(LoginTest.java:25)
	at com.automation.framework.testcases.LoginTest.tearDown(LoginTest.java:25)
	at com.automation.framework.testcases.LoginTest.tearDown(LoginTest.java:25)
	at com.automation.framework.testcases.LoginTest.tearDown(LoginTest.java:25)
	at com.automation.framework.testcases.LoginTest.tearDown(LoginTest.java:25)
	at com.automation.framework.testcases.LoginTest.tearDown(LoginTest.java:25)
	at com.automation.framework.testcases.LoginTest.tearDown(LoginTest.java:25)
	at com.automation.framework.testcases.LoginTest.tearDown(LoginTest.java:25)
	at com.automation.framework.testcases.LoginTest.tearDown(LoginTest.java:25)
	at com.automation.framework.testcases.LoginTest.tearDown(LoginTest.java:25)
	at com.automation.framework.testcases.LoginTest.tearDown(LoginTest.java:25)
	at com.automation.framework.testcases.LoginTest.tearDown(LoginTest.java:25)
	at com.automation.framework.testcases.LoginTest.tearDown(LoginTest.java:25)
	at com.automation.framework.testcases.LoginTest.tearDown(LoginTest.java:25)
	at com.automation.framework.testcases.LoginTest.tearDown(LoginTest.java:25)
	at com.automation.framework.testcases.LoginTest.tearDown(LoginTest.java:25)
	at com.automation.framework.testcases.LoginTest.tearDown(LoginTest.java:25)
	at com.automation.framework.testcases.LoginTest.tearDown(LoginTest.java:25)
	at com.automation.framework.testcases.LoginTest.tearDown(LoginTest.java:25)
	at com.automation.framework.testcases.LoginTest.tearDown(LoginTest.java:25)
	at com.automation.framework.testcases.LoginTest.tearDown(LoginTest.java:25)
	at com.automation.framework.testcases.LoginTest.tearDown(LoginTest.java:25)
	at com.automation.framework.testcases.LoginTest.tearDown(LoginTest.java:25)
	at com.automation.framework.testcases.LoginTest.tearDown(LoginTest.java:25)
	at com.automation.framework.testcases.LoginTest.tearDown(LoginTest.java:25)
	at com.automation.framework.testcases.LoginTest.tearDown(LoginTest.java:25)
	at com.automation.framework.testcases.LoginTest.tearDown(LoginTest.java:25)
	at com.automation.framework.testcases.LoginTest.tearDown(LoginTest.java:25)
	at com.automation.framework.testcases.LoginTest.tearDown(LoginTest.java:25)
	at com.automation.framework.testcases.LoginTest.tearDown(LoginTest.java:25)
	at com.automation.framework.testcases.LoginTest.tearDown(LoginTest.java:25)
	at com.automation.framework.testcases.LoginTest.tearDown(LoginTest.java:25)
	at com.automation.framework.testcases.LoginTest.tearDown(LoginTest.java:25)
	at com.automation.framework.testcases.LoginTest.tearDown(LoginTest.java:25)
	at com.automation.framework.testcases.LoginTest.tearDown(LoginTest.java:25)
	at com.automation.framework.testcases.LoginTest.tearDown(LoginTest.java:25)
	at com.automation.framework.testcases.LoginTest.tearDown(LoginTest.java:25)
	at com.automation.framework.testcases.LoginTest.tearDown(LoginTest.java:25)
	at com.automation.framework.testcases.LoginTest.tearDown(LoginTest.java:25)
	at com.automation.framework.testcases.LoginTest.tearDown(LoginTest.java:25)
	at com.automation.framework.testcases.LoginTest.tearDown(LoginTest.java:25)
	at com.automation.framework.testcases.LoginTest.tearDown(LoginTest.java:25)
	at com.automation.framework.testcases.LoginTest.tearDown(LoginTest.java:25)
	at com.automation.framework.testcases.LoginTest.tearDown(LoginTest.java:25)
	at com.automation.framework.testcases.LoginTest.tearDown(LoginTest.java:25)
	at com.automation.framework.testcases.LoginTest.tearDown(LoginTest.java:25)
	at com.automation.framework.testcases.LoginTest.tearDown(LoginTest.java:25)
	at com.automation.framework.testcases.LoginTest.tearDown(LoginTest.java:25)
	at com.automation.framework.testcases.LoginTest.tearDown(LoginTest.java:25)
	at com.automation.framework.testcases.LoginTest.tearDown(LoginTest.java:25)
	at com.automation.framework.testcases.LoginTest.tearDown(LoginTest.java:25)
	at com.automation.framework.testcases.LoginTest.tearDown(LoginTest.java:25)
	at com.automation.framework.testcases.LoginTest.tearDown(LoginTest.java:25)
	at com.automation.framework.testcases.LoginTest.tearDown(LoginTest.java:25)
	at com.automation.framework.testcases.LoginTest.tearDown(LoginTest.java:25)
	at com.automation.framework.testcases.LoginTest.tearDown(LoginTest.java:25)
	at com.automation.framework.testcases.LoginTest.tearDown(LoginTest.java:25)
	at com.automation.framework.testcases.LoginTest.tearDown(LoginTest.java:25)
	at com.automation.framework.testcases.LoginTest.tearDown(LoginTest.java:25)
	at com.automation.framework.testcases.LoginTest.tearDown(LoginTest.java:25)
	at com.automation.framework.testcases.LoginTest.tearDown(LoginTest.java:25)
	at com.automation.framework.testcases.LoginTest.tearDown(LoginTest.java:25)
	at com.automation.framework.testcases.LoginTest.tearDown(LoginTest.java:25)
	at com.automation.framework.testcases.LoginTest.tearDown(LoginTest.java:25)
	at com.automation.framework.testcases.LoginTest.tearDown(LoginTest.java:25)
	at com.automation.framework.testcases.LoginTest.tearDown(LoginTest.java:25)
	at com.automation.framework.testcases.LoginTest.tearDown(LoginTest.java:25)
	at com.automation.framework.testcases.LoginTest.tearDown(LoginTest.java:25)
	at com.automation.framework.testcases.LoginTest.tearDown(LoginTest.java:25)
	at com.automation.framework.testcases.LoginTest.tearDown(LoginTest.java:25)
	at com.automation.framework.testcases.LoginTest.tearDown(LoginTest.java:25)
	at com.automation.framework.testcases.LoginTest.tearDown(LoginTest.java:25)
	at com.automation.framework.testcases.LoginTest.tearDown(LoginTest.java:25)
	at com.automation.framework.testcases.LoginTest.tearDown(LoginTest.java:25)
	at com.automation.framework.testcases.LoginTest.tearDown(LoginTest.java:25)
	at com.automation.framework.testcases.LoginTest.tearDown(LoginTest.java:25)
	at com.automation.framework.testcases.LoginTest.tearDown(LoginTest.java:25)
	at com.automation.framework.testcases.LoginTest.tearDown(LoginTest.java:25)
	at com.automation.framework.testcases.LoginTest.tearDown(LoginTest.java:25)
	at com.automation.framework.testcases.LoginTest.tearDown(LoginTest.java:25)
	at com.automation.framework.testcases.LoginTest.tearDown(LoginTest.java:25)
	at com.automation.framework.testcases.LoginTest.tearDown(LoginTest.java:25)
	at com.automation.framework.testcases.LoginTest.tearDown(LoginTest.java:25)
	at com.automation.framework.testcases.LoginTest.tearDown(LoginTest.java:25)
	at com.automation.framework.testcases.LoginTest.tearDown(LoginTest.java:25)
	at com.automation.framework.testcases.LoginTest.tearDown(LoginTest.java:25)
	at com.automation.framework.testcases.LoginTest.tearDown(LoginTest.java:25)
	at com.automation.framework.testcases.LoginTest.tearDown(LoginTest.java:25)
	at com.automation.framework.testcases.LoginTest.tearDown(LoginTest.java:25)
	at com.automation.framework.testcases.LoginTest.tearDown(LoginTest.java:25)
	at com.automation.framework.testcases.LoginTest.tearDown(LoginTest.java:25)
	at com.automation.framework.testcases.LoginTest.tearDown(LoginTest.java:25)
	at com.automation.framework.testcases.LoginTest.tearDown(LoginTest.java:25)
	at com.automation.framework.testcases.LoginTest.tearDown(LoginTest.java:25)
	at com.automation.framework.testcases.LoginTest.tearDown(LoginTest.java:25)
	at com.automation.framework.testcases.LoginTest.tearDown(LoginTest.java:25)
	at com.automation.framework.testcases.LoginTest.tearDown(LoginTest.java:25)
	at com.automation.framework.testcases.LoginTest.tearDown(LoginTest.java:25)
	at com.automation.framework.testcases.LoginTest.tearDown(LoginTest.java:25)
	at com.automation.framework.testcases.LoginTest.tearDown(LoginTest.java:25)
	at com.automation.framework.testcases.LoginTest.tearDown(LoginTest.java:25)
	at com.automation.framework.testcases.LoginTest.tearDown(LoginTest.java:25)
	at com.automation.framework.testcases.LoginTest.tearDown(LoginTest.java:25)
	at com.automation.framework.testcases.LoginTest.tearDown(LoginTest.java:25)
	at com.automation.framework.testcases.LoginTest.tearDown(LoginTest.java:25)
	at com.automation.framework.testcases.LoginTest.tearDown(LoginTest.java:25)
	at com.automation.framework.testcases.LoginTest.tearDown(LoginTest.java:25)
	at com.automation.framework.testcases.LoginTest.tearDown(LoginTest.java:25)
	at com.automation.framework.testcases.LoginTest.tearDown(LoginTest.java:25)
	at com.automation.framework.testcases.LoginTest.tearDown(LoginTest.java:25)
	at com.automation.framework.testcases.LoginTest.tearDown(LoginTest.java:25)
	at com.automation.framework.testcases.LoginTest.tearDown(LoginTest.java:25)
	at com.automation.framework.testcases.LoginTest.tearDown(LoginTest.java:25)
	at com.automation.framework.testcases.LoginTest.tearDown(LoginTest.java:25)
	at com.automation.framework.testcases.LoginTest.tearDown(LoginTest.java:25)
	at com.automation.framework.testcases.LoginTest.tearDown(LoginTest.java:25)
	at com.automation.framework.testcases.LoginTest.tearDown(LoginTest.java:25)
	at com.automation.framework.testcases.LoginTest.tearDown(LoginTest.java:25)
	at com.automation.framework.testcases.LoginTest.tearDown(LoginTest.java:25)
	at com.automation.framework.testcases.LoginTest.tearDown(LoginTest.java:25)
	at com.automation.framework.testcases.LoginTest.tearDown(LoginTest.java:25)
	at com.automation.framework.testcases.LoginTest.tearDown(LoginTest.java:25)
	at com.automation.framework.testcases.LoginTest.tearDown(LoginTest.java:25)
	at com.automation.framework.testcases.LoginTest.tearDown(LoginTest.java:25)
	at com.automation.framework.testcases.LoginTest.tearDown(LoginTest.java:25)
	at com.automation.framework.testcases.LoginTest.tearDown(LoginTest.java:25)
	at com.automation.framework.testcases.LoginTest.tearDown(LoginTest.java:25)
	at com.automation.framework.testcases.LoginTest.tearDown(LoginTest.java:25)
	at com.automation.framework.testcases.LoginTest.tearDown(LoginTest.java:25)
	at com.automation.framework.testcases.LoginTest.tearDown(LoginTest.java:25)
	at com.automation.framework.testcases.LoginTest.tearDown(LoginTest.java:25)
	at com.automation.framework.testcases.LoginTest.tearDown(LoginTest.java:25)
	at com.automation.framework.testcases.LoginTest.tearDown(LoginTest.java:25)
	at com.automation.framework.testcases.LoginTest.tearDown(LoginTest.java:25)
	at com.automation.framework.testcases.LoginTest.tearDown(LoginTest.java:25)
	at com.automation.framework.testcases.LoginTest.tearDown(LoginTest.java:25)
	at com.automation.framework.testcases.LoginTest.tearDown(LoginTest.java:25)
	at com.automation.framework.testcases.LoginTest.tearDown(LoginTest.java:25)
	at com.automation.framework.testcases.LoginTest.tearDown(LoginTest.java:25)
	at com.automation.framework.testcases.LoginTest.tearDown(LoginTest.java:25)
	at com.automation.framework.testcases.LoginTest.tearDown(LoginTest.java:25)
	at com.automation.framework.testcases.LoginTest.tearDown(LoginTest.java:25)
	at com.automation.framework.testcases.LoginTest.tearDown(LoginTest.java:25)
	at com.automation.framework.testcases.LoginTest.tearDown(LoginTest.java:25)
	at com.automation.framework.testcases.LoginTest.tearDown(LoginTest.java:25)
	at com.automation.framework.testcases.LoginTest.tearDown(LoginTest.java:25)
	at com.automation.framework.testcases.LoginTest.tearDown(LoginTest.java:25)
	at com.automation.framework.testcases.LoginTest.tearDown(LoginTest.java:25)
	at com.automation.framework.testcases.LoginTest.tearDown(LoginTest.java:25)
	at com.automation.framework.testcases.LoginTest.tearDown(LoginTest.java:25)
	at com.automation.framework.testcases.LoginTest.tearDown(LoginTest.java:25)
	at com.automation.framework.testcases.LoginTest.tearDown(LoginTest.java:25)
	at com.automation.framework.testcases.LoginTest.tearDown(LoginTest.java:25)
	at com.automation.framework.testcases.LoginTest.tearDown(LoginTest.java:25)
	at com.automation.framework.testcases.LoginTest.tearDown(LoginTest.java:25)
	at com.automation.framework.testcases.LoginTest.tearDown(LoginTest.java:25)
	at com.automation.framework.testcases.LoginTest.tearDown(LoginTest.java:25)
	at com.automation.framework.testcases.LoginTest.tearDown(LoginTest.java:25)
	at com.automation.framework.testcases.LoginTest.tearDown(LoginTest.java:25)
	at com.automation.framework.testcases.LoginTest.tearDown(LoginTest.java:25)
	at com.automation.framework.testcases.LoginTest.tearDown(LoginTest.java:25)
	at com.automation.framework.testcases.LoginTest.tearDown(LoginTest.java:25)
	at com.automation.framework.testcases.LoginTest.tearDown(LoginTest.java:25)
	at com.automation.framework.testcases.LoginTest.tearDown(LoginTest.java:25)
	at com.automation.framework.testcases.LoginTest.tearDown(LoginTest.java:25)
	at com.automation.framework.testcases.LoginTest.tearDown(LoginTest.java:25)
	at com.automation.framework.testcases.LoginTest.tearDown(LoginTest.java:25)
	at com.automation.framework.testcases.LoginTest.tearDown(LoginTest.java:25)
	at com.automation.framework.testcases.LoginTest.tearDown(LoginTest.java:25)
	at com.automation.framework.testcases.LoginTest.tearDown(LoginTest.java:25)
	at com.automation.framework.testcases.LoginTest.tearDown(LoginTest.java:25)
	at com.automation.framework.testcases.LoginTest.tearDown(LoginTest.java:25)
	at com.automation.framework.testcases.LoginTest.tearDown(LoginTest.java:25)
	at com.automation.framework.testcases.LoginTest.tearDown(LoginTest.java:25)
	at com.automation.framework.testcases.LoginTest.tearDown(LoginTest.java:25)
	at com.automation.framework.testcases.LoginTest.tearDown(LoginTest.java:25)
	at com.automation.framework.testcases.LoginTest.tearDown(LoginTest.java:25)
	at com.automation.framework.testcases.LoginTest.tearDown(LoginTest.java:25)
	at com.automation.framework.testcases.LoginTest.tearDown(LoginTest.java:25)
	at com.automation.framework.testcases.LoginTest.tearDown(LoginTest.java:25)
	at com.automation.framework.testcases.LoginTest.tearDown(LoginTest.java:25)
	at com.automation.framework.testcases.LoginTest.tearDown(LoginTest.java:25)
	at com.automation.framework.testcases.LoginTest.tearDown(LoginTest.java:25)
	at com.automation.framework.testcases.LoginTest.tearDown(LoginTest.java:25)
	at com.automation.framework.testcases.LoginTest.tearDown(LoginTest.java:25)
	at com.automation.framework.testcases.LoginTest.tearDown(LoginTest.java:25)
	at com.automation.framework.testcases.LoginTest.tearDown(LoginTest.java:25)
	at com.automation.framework.testcases.LoginTest.tearDown(LoginTest.java:25)
	at com.automation.framework.testcases.LoginTest.tearDown(LoginTest.java:25)
	at com.automation.framework.testcases.LoginTest.tearDown(LoginTest.java:25)
	at com.automation.framework.testcases.LoginTest.tearDown(LoginTest.java:25)
	at com.automation.framework.testcases.LoginTest.tearDown(LoginTest.java:25)
	at com.automation.framework.testcases.LoginTest.tearDown(LoginTest.java:25)
	at com.automation.framework.testcases.LoginTest.tearDown(LoginTest.java:25)
	at com.automation.framework.testcases.LoginTest.tearDown(LoginTest.java:25)
	at com.automation.framework.testcases.LoginTest.tearDown(LoginTest.java:25)
	at com.automation.framework.testcases.LoginTest.tearDown(LoginTest.java:25)
	at com.automation.framework.testcases.LoginTest.tearDown(LoginTest.java:25)
	at com.automation.framework.testcases.LoginTest.tearDown(LoginTest.java:25)
	at com.automation.framework.testcases.LoginTest.tearDown(LoginTest.java:25)
	at com.automation.framework.testcases.LoginTest.tearDown(LoginTest.java:25)
	at com.automation.framework.testcases.LoginTest.tearDown(LoginTest.java:25)
	at com.automation.framework.testcases.LoginTest.tearDown(LoginTest.java:25)
	at com.automation.framework.testcases.LoginTest.tearDown(LoginTest.java:25)
	at com.automation.framework.testcases.LoginTest.tearDown(LoginTest.java:25)
	at com.automation.framework.testcases.LoginTest.tearDown(LoginTest.java:25)
	at com.automation.framework.testcases.LoginTest.tearDown(LoginTest.java:25)
	at com.automation.framework.testcases.LoginTest.tearDown(LoginTest.java:25)
	at com.automation.framework.testcases.LoginTest.tearDown(LoginTest.java:25)
	at com.automation.framework.testcases.LoginTest.tearDown(LoginTest.java:25)
	at com.automation.framework.testcases.LoginTest.tearDown(LoginTest.java:25)
	at com.automation.framework.testcases.LoginTest.tearDown(LoginTest.java:25)
	at com.automation.framework.testcases.LoginTest.tearDown(LoginTest.java:25)
	at com.automation.framework.testcases.LoginTest.tearDown(LoginTest.java:25)
	at com.automation.framework.testcases.LoginTest.tearDown(LoginTest.java:25)
	at com.automation.framework.testcases.LoginTest.tearDown(LoginTest.java:25)
	at com.automation.framework.testcases.LoginTest.tearDown(LoginTest.java:25)
	at com.automation.framework.testcases.LoginTest.tearDown(LoginTest.java:25)
	at com.automation.framework.testcases.LoginTest.tearDown(LoginTest.java:25)
	at com.automation.framework.testcases.LoginTest.tearDown(LoginTest.java:25)
	at com.automation.framework.testcases.LoginTest.tearDown(LoginTest.java:25)
	at com.automation.framework.testcases.LoginTest.tearDown(LoginTest.java:25)
	at com.automation.framework.testcases.LoginTest.tearDown(LoginTest.java:25)
	at com.automation.framework.testcases.LoginTest.tearDown(LoginTest.java:25)
	at com.automation.framework.testcases.LoginTest.tearDown(LoginTest.java:25)
	at com.automation.framework.testcases.LoginTest.tearDown(LoginTest.java:25)
	at com.automation.framework.testcases.LoginTest.tearDown(LoginTest.java:25)
	at com.automation.framework.testcases.LoginTest.tearDown(LoginTest.java:25)
	at com.automation.framework.testcases.LoginTest.tearDown(LoginTest.java:25)
	at com.automation.framework.testcases.LoginTest.tearDown(LoginTest.java:25)
	at com.automation.framework.testcases.LoginTest.tearDown(LoginTest.java:25)
	at com.automation.framework.testcases.LoginTest.tearDown(LoginTest.java:25)
	at com.automation.framework.testcases.LoginTest.tearDown(LoginTest.java:25)
	at com.automation.framework.testcases.LoginTest.tearDown(LoginTest.java:25)
	at com.automation.framework.testcases.LoginTest.tearDown(LoginTest.java:25)
	at com.automation.framework.testcases.LoginTest.tearDown(LoginTest.java:25)
	at com.automation.framework.testcases.LoginTest.tearDown(LoginTest.java:25)
	at com.automation.framework.testcases.LoginTest.tearDown(LoginTest.java:25)
	at com.automation.framework.testcases.LoginTest.tearDown(LoginTest.java:25)
	at com.automation.framework.testcases.LoginTest.tearDown(LoginTest.java:25)
	at com.automation.framework.testcases.LoginTest.tearDown(LoginTest.java:25)
	at com.automation.framework.testcases.LoginTest.tearDown(LoginTest.java:25)
	at com.automation.framework.testcases.LoginTest.tearDown(LoginTest.java:25)
	at com.automation.framework.testcases.LoginTest.tearDown(LoginTest.java:25)
	at com.automation.framework.testcases.LoginTest.tearDown(LoginTest.java:25)
	at com.automation.framework.testcases.LoginTest.tearDown(LoginTest.java:25)
	at com.automation.framework.testcases.LoginTest.tearDown(LoginTest.java:25)
	at com.automation.framework.testcases.LoginTest.tearDown(LoginTest.java:25)
	at com.automation.framework.testcases.LoginTest.tearDown(LoginTest.java:25)
	at com.automation.framework.testcases.LoginTest.tearDown(LoginTest.java:25)
	at com.automation.framework.testcases.LoginTest.tearDown(LoginTest.java:25)
	at com.automation.framework.testcases.LoginTest.tearDown(LoginTest.java:25)
	at com.automation.framework.testcases.LoginTest.tearDown(LoginTest.java:25)
	at com.automation.framework.testcases.LoginTest.tearDown(LoginTest.java:25)
	at com.automation.framework.testcases.LoginTest.tearDown(LoginTest.java:25)
	at com.automation.framework.testcases.LoginTest.tearDown(LoginTest.java:25)
	at com.automation.framework.testcases.LoginTest.tearDown(LoginTest.java:25)
	at com.automation.framework.testcases.LoginTest.tearDown(LoginTest.java:25)
	at com.automation.framework.testcases.LoginTest.tearDown(LoginTest.java:25)
	at com.automation.framework.testcases.LoginTest.tearDown(LoginTest.java:25)
	at com.automation.framework.testcases.LoginTest.tearDown(LoginTest.java:25)
	at com.automation.framework.testcases.LoginTest.tearDown(LoginTest.java:25)
	at com.automation.framework.testcases.LoginTest.tearDown(LoginTest.java:25)
	at com.automation.framework.testcases.LoginTest.tearDown(LoginTest.java:25)
	at com.automation.framework.testcases.LoginTest.tearDown(LoginTest.java:25)
	at com.automation.framework.testcases.LoginTest.tearDown(LoginTest.java:25)
	at com.automation.framework.testcases.LoginTest.tearDown(LoginTest.java:25)
	at com.automation.framework.testcases.LoginTest.tearDown(LoginTest.java:25)
	at com.automation.framework.testcases.LoginTest.tearDown(LoginTest.java:25)
	at com.automation.framework.testcases.LoginTest.tearDown(LoginTest.java:25)
	at com.automation.framework.testcases.LoginTest.tearDown(LoginTest.java:25)
	at com.automation.framework.testcases.LoginTest.tearDown(LoginTest.java:25)
	at com.automation.framework.testcases.LoginTest.tearDown(LoginTest.java:25)
	at com.automation.framework.testcases.LoginTest.tearDown(LoginTest.java:25)
	at com.automation.framework.testcases.LoginTest.tearDown(LoginTest.java:25)
	at com.automation.framework.testcases.LoginTest.tearDown(LoginTest.java:25)
	at com.automation.framework.testcases.LoginTest.tearDown(LoginTest.java:25)
	at com.automation.framework.testcases.LoginTest.tearDown(LoginTest.java:25)
	at com.automation.framework.testcases.LoginTest.tearDown(LoginTest.java:25)
	at com.automation.framework.testcases.LoginTest.tearDown(LoginTest.java:25)
	at com.automation.framework.testcases.LoginTest.tearDown(LoginTest.java:25)
	at com.automation.framework.testcases.LoginTest.tearDown(LoginTest.java:25)
	at com.automation.framework.testcases.LoginTest.tearDown(LoginTest.java:25)
	at com.automation.framework.testcases.LoginTest.tearDown(LoginTest.java:25)
	at com.automation.framework.testcases.LoginTest.tearDown(LoginTest.java:25)
	at com.automation.framework.testcases.LoginTest.tearDown(LoginTest.java:25)
]]></failure>
  </testcase>
</testsuite>