<?xml version="1.0" encoding="UTF-8"?>
<!-- Generated by org.testng.reporters.JUnitReportReporter -->
<testsuite skipped="0" hostname="Vinay.local" name="com.automation.framework.testcases.HomeTest" tests="1" failures="0" timestamp="23 Apr 2022 07:22:30 GMT" time="24.017" errors="0">
  <testcase name="selectBottomNav" time="24.017" classname="com.automation.framework.testcases.HomeTest"/>
</testsuite> <!-- com.automation.framework.testcases.HomeTest -->
