<?xml version="1.0" encoding="UTF-8"?>
<!-- Generated by org.testng.reporters.JUnitReportReporter -->
<testsuite skipped="0" hostname="Vinay.local" name="com.automation.framework.testcases.LoginTest" tests="3" failures="0" timestamp="23 Apr 2022 06:57:36 GMT" time="17.054" errors="0">
  <testcase name="validateGetStartedButton" time="1.028" classname="com.automation.framework.testcases.LoginTest"/>
  <testcase name="chooseTopicsTest" time="10.661" classname="com.automation.framework.testcases.LoginTest"/>
  <testcase name="skipLoginTest" time="5.365" classname="com.automation.framework.testcases.LoginTest"/>
</testsuite> <!-- com.automation.framework.testcases.LoginTest -->
