<?xml version="1.0" encoding="UTF-8"?>
<!-- Generated by org.testng.reporters.JUnitReportReporter -->
<testsuite skipped="0" hostname="Vinay.local" name="com.automation.framework.testcases.LoginTest" tests="2" failures="0" timestamp="23 Apr 2022 06:28:16 GMT" time="2.559" errors="1">
  <testcase name="tearDown" time="0.007" classname="com.automation.framework.testcases.LoginTest">
    <error type="java.lang.StackOverflowError">
      <![CDATA[java.lang.StackOverflowError
at com.automation.framework.testcases.LoginTest.tearDown(LoginTest.java:25)
at com.automation.framework.testcases.LoginTest.tearDown(LoginTest.java:25)
at com.automation.framework.testcases.LoginTest.tearDown(LoginTest.java:25)
at com.automation.framework.testcases.LoginTest.tearDown(LoginTest.java:25)
at com.automation.framework.testcases.LoginTest.tearDown(LoginTest.java:25)
at com.automation.framework.testcases.LoginTest.tearDown(LoginTest.java:25)
at com.automation.framework.testcases.LoginTest.tearDown(LoginTest.java:25)
at com.automation.framework.testcases.LoginTest.tearDown(LoginTest.java:25)
at com.automation.framework.testcases.LoginTest.tearDown(LoginTest.java:25)
at com.automation.framework.testcases.LoginTest.tearDown(LoginTest.java:25)
at com.automation.framework.testcases.LoginTest.tearDown(LoginTest.java:25)
at com.automation.framework.testcases.LoginTest.tearDown(LoginTest.java:25)
at com.automation.framework.testcases.LoginTest.tearDown(LoginTest.java:25)
at com.automation.framework.testcases.LoginTest.tearDown(LoginTest.java:25)
at com.automation.framework.testcases.LoginTest.tearDown(LoginTest.java:25)
at com.automation.framework.testcases.LoginTest.tearDown(LoginTest.java:25)
at com.automation.framework.testcases.LoginTest.tearDown(LoginTest.java:25)
at com.automation.framework.testcases.LoginTest.tearDown(LoginTest.java:25)
at com.automation.framework.testcases.LoginTest.tearDown(LoginTest.java:25)
at com.automation.framework.testcases.LoginTest.tearDown(LoginTest.java:25)
at com.automation.framework.testcases.LoginTest.tearDown(LoginTest.java:25)
at com.automation.framework.testcases.LoginTest.tearDown(LoginTest.java:25)
at com.automation.framework.testcases.LoginTest.tearDown(LoginTest.java:25)
at com.automation.framework.testcases.LoginTest.tearDown(LoginTest.java:25)
at com.automation.framework.testcases.LoginTest.tearDown(LoginTest.java:25)
at com.automation.framework.testcases.LoginTest.tearDown(LoginTest.java:25)
at com.automation.framework.testcases.LoginTest.tearDown(LoginTest.java:25)
at com.automation.framework.testcases.LoginTest.tearDown(LoginTest.java:25)
at com.automation.framework.testcases.LoginTest.tearDown(LoginTest.java:25)
at com.automation.framework.testcases.LoginTest.tearDown(LoginTest.java:25)
at com.automation.framework.testcases.LoginTest.tearDown(LoginTest.java:25)
at com.automation.framework.testcases.LoginTest.tearDown(LoginTest.java:25)
at com.automation.framework.testcases.LoginTest.tearDown(LoginTest.java:25)
at com.automation.framework.testcases.LoginTest.tearDown(LoginTest.java:25)
at com.automation.framework.testcases.LoginTest.tearDown(LoginTest.java:25)
at com.automation.framework.testcases.LoginTest.tearDown(LoginTest.java:25)
at com.automation.framework.testcases.LoginTest.tearDown(LoginTest.java:25)
at com.automation.framework.testcases.LoginTest.tearDown(LoginTest.java:25)
at com.automation.framework.testcases.LoginTest.tearDown(LoginTest.java:25)
at com.automation.framework.testcases.LoginTest.tearDown(LoginTest.java:25)
at com.automation.framework.testcases.LoginTest.tearDown(LoginTest.java:25)
at com.automation.framework.testcases.LoginTest.tearDown(LoginTest.java:25)
at com.automation.framework.testcases.LoginTest.tearDown(LoginTest.java:25)
at com.automation.framework.testcases.LoginTest.tearDown(LoginTest.java:25)
at com.automation.framework.testcases.LoginTest.tearDown(LoginTest.java:25)
at com.automation.framework.testcases.LoginTest.tearDown(LoginTest.java:25)
at com.automation.framework.testcases.LoginTest.tearDown(LoginTest.java:25)
at com.automation.framework.testcases.LoginTest.tearDown(LoginTest.java:25)
at com.automation.framework.testcases.LoginTest.tearDown(LoginTest.java:25)
at com.automation.framework.testcases.LoginTest.tearDown(LoginTest.java:25)
at com.automation.framework.testcases.LoginTest.tearDown(LoginTest.java:25)
at com.automation.framework.testcases.LoginTest.tearDown(LoginTest.java:25)
at com.automation.framework.testcases.LoginTest.tearDown(LoginTest.java:25)
at com.automation.framework.testcases.LoginTest.tearDown(LoginTest.java:25)
at com.automation.framework.testcases.LoginTest.tearDown(LoginTest.java:25)
at com.automation.framework.testcases.LoginTest.tearDown(LoginTest.java:25)
at com.automation.framework.testcases.LoginTest.tearDown(LoginTest.java:25)
at com.automation.framework.testcases.LoginTest.tearDown(LoginTest.java:25)
at com.automation.framework.testcases.LoginTest.tearDown(LoginTest.java:25)
at com.automation.framework.testcases.LoginTest.tearDown(LoginTest.java:25)
at com.automation.framework.testcases.LoginTest.tearDown(LoginTest.java:25)
at com.automation.framework.testcases.LoginTest.tearDown(LoginTest.java:25)
at com.automation.framework.testcases.LoginTest.tearDown(LoginTest.java:25)
at com.automation.framework.testcases.LoginTest.tearDown(LoginTest.java:25)
at com.automation.framework.testcases.LoginTest.tearDown(LoginTest.java:25)
at com.automation.framework.testcases.LoginTest.tearDown(LoginTest.java:25)
at com.automation.framework.testcases.LoginTest.tearDown(LoginTest.java:25)
at com.automation.framework.testcases.LoginTest.tearDown(LoginTest.java:25)
at com.automation.framework.testcases.LoginTest.tearDown(LoginTest.java:25)
at com.automation.framework.testcases.LoginTest.tearDown(LoginTest.java:25)
at com.automation.framework.testcases.LoginTest.tearDown(LoginTest.java:25)
at com.automation.framework.testcases.LoginTest.tearDown(LoginTest.java:25)
at com.automation.framework.testcases.LoginTest.tearDown(LoginTest.java:25)
at com.automation.framework.testcases.LoginTest.tearDown(LoginTest.java:25)
at com.automation.framework.testcases.LoginTest.tearDown(LoginTest.java:25)
at com.automation.framework.testcases.LoginTest.tearDown(LoginTest.java:25)
at com.automation.framework.testcases.LoginTest.tearDown(LoginTest.java:25)
at com.automation.framework.testcases.LoginTest.tearDown(LoginTest.java:25)
at com.automation.framework.testcases.LoginTest.tearDown(LoginTest.java:25)
at com.automation.framework.testcases.LoginTest.tearDown(LoginTest.java:25)
at com.automation.framework.testcases.LoginTest.tearDown(LoginTest.java:25)
at com.automation.framework.testcases.LoginTest.tearDown(LoginTest.java:25)
at com.automation.framework.testcases.LoginTest.tearDown(LoginTest.java:25)
at com.automation.framework.testcases.LoginTest.tearDown(LoginTest.java:25)
at com.automation.framework.testcases.LoginTest.tearDown(LoginTest.java:25)
at com.automation.framework.testcases.LoginTest.tearDown(LoginTest.java:25)
at com.automation.framework.testcases.LoginTest.tearDown(LoginTest.java:25)
at com.automation.framework.testcases.LoginTest.tearDown(LoginTest.java:25)
at com.automation.framework.testcases.LoginTest.tearDown(LoginTest.java:25)
at com.automation.framework.testcases.LoginTest.tearDown(LoginTest.java:25)
at com.automation.framework.testcases.LoginTest.tearDown(LoginTest.java:25)
at com.automation.framework.testcases.LoginTest.tearDown(LoginTest.java:25)
at com.automation.framework.testcases.LoginTest.tearDown(LoginTest.java:25)
at com.automation.framework.testcases.LoginTest.tearDown(LoginTest.java:25)
at com.automation.framework.testcases.LoginTest.tearDown(LoginTest.java:25)
at com.automation.framework.testcases.LoginTest.tearDown(LoginTest.java:25)
at com.automation.framework.testcases.LoginTest.tearDown(LoginTest.java:25)
at com.automation.framework.testcases.LoginTest.tearDown(LoginTest.java:25)
at com.automation.framework.testcases.LoginTest.tearDown(LoginTest.java:25)
at com.automation.framework.testcases.LoginTest.tearDown(LoginTest.java:25)
at com.automation.framework.testcases.LoginTest.tearDown(LoginTest.java:25)
at com.automation.framework.testcases.LoginTest.tearDown(LoginTest.java:25)
at com.automation.framework.testcases.LoginTest.tearDown(LoginTest.java:25)
at com.automation.framework.testcases.LoginTest.tearDown(LoginTest.java:25)
at com.automation.framework.testcases.LoginTest.tearDown(LoginTest.java:25)
at com.automation.framework.testcases.LoginTest.tearDown(LoginTest.java:25)
at com.automation.framework.testcases.LoginTest.tearDown(LoginTest.java:25)
at com.automation.framework.testcases.LoginTest.tearDown(LoginTest.java:25)
at com.automation.framework.testcases.LoginTest.tearDown(LoginTest.java:25)
at com.automation.framework.testcases.LoginTest.tearDown(LoginTest.java:25)
at com.automation.framework.testcases.LoginTest.tearDown(LoginTest.java:25)
at com.automation.framework.testcases.LoginTest.tearDown(LoginTest.java:25)
at com.automation.framework.testcases.LoginTest.tearDown(LoginTest.java:25)
at com.automation.framework.testcases.LoginTest.tearDown(LoginTest.java:25)
at com.automation.framework.testcases.LoginTest.tearDown(LoginTest.java:25)
at com.automation.framework.testcases.LoginTest.tearDown(LoginTest.java:25)
at com.automation.framework.testcases.LoginTest.tearDown(LoginTest.java:25)
at com.automation.framework.testcases.LoginTest.tearDown(LoginTest.java:25)
at com.automation.framework.testcases.LoginTest.tearDown(LoginTest.java:25)
at com.automation.framework.testcases.LoginTest.tearDown(LoginTest.java:25)
at com.automation.framework.testcases.LoginTest.tearDown(LoginTest.java:25)
at com.automation.framework.testcases.LoginTest.tearDown(LoginTest.java:25)
at com.automation.framework.testcases.LoginTest.tearDown(LoginTest.java:25)
at com.automation.framework.testcases.LoginTest.tearDown(LoginTest.java:25)
at com.automation.framework.testcases.LoginTest.tearDown(LoginTest.java:25)
at com.automation.framework.testcases.LoginTest.tearDown(LoginTest.java:25)
at com.automation.framework.testcases.LoginTest.tearDown(LoginTest.java:25)
at com.automation.framework.testcases.LoginTest.tearDown(LoginTest.java:25)
at com.automation.framework.testcases.LoginTest.tearDown(LoginTest.java:25)
at com.automation.framework.testcases.LoginTest.tearDown(LoginTest.java:25)
at com.automation.framework.testcases.LoginTest.tearDown(LoginTest.java:25)
at com.automation.framework.testcases.LoginTest.tearDown(LoginTest.java:25)
at com.automation.framework.testcases.LoginTest.tearDown(LoginTest.java:25)
at com.automation.framework.testcases.LoginTest.tearDown(LoginTest.java:25)
at com.automation.framework.testcases.LoginTest.tearDown(LoginTest.java:25)
at com.automation.framework.testcases.LoginTest.tearDown(LoginTest.java:25)
at com.automation.framework.testcases.LoginTest.tearDown(LoginTest.java:25)
at com.automation.framework.testcases.LoginTest.tearDown(LoginTest.java:25)
at com.automation.framework.testcases.LoginTest.tearDown(LoginTest.java:25)
at com.automation.framework.testcases.LoginTest.tearDown(LoginTest.java:25)
at com.automation.framework.testcases.LoginTest.tearDown(LoginTest.java:25)
at com.automation.framework.testcases.LoginTest.tearDown(LoginTest.java:25)
at com.automation.framework.testcases.LoginTest.tearDown(LoginTest.java:25)
at com.automation.framework.testcases.LoginTest.tearDown(LoginTest.java:25)
at com.automation.framework.testcases.LoginTest.tearDown(LoginTest.java:25)
at com.automation.framework.testcases.LoginTest.tearDown(LoginTest.java:25)
at com.automation.framework.testcases.LoginTest.tearDown(LoginTest.java:25)
at com.automation.framework.testcases.LoginTest.tearDown(LoginTest.java:25)
at com.automation.framework.testcases.LoginTest.tearDown(LoginTest.java:25)
at com.automation.framework.testcases.LoginTest.tearDown(LoginTest.java:25)
at com.automation.framework.testcases.LoginTest.tearDown(LoginTest.java:25)
at com.automation.framework.testcases.LoginTest.tearDown(LoginTest.java:25)
at com.automation.framework.testcases.LoginTest.tearDown(LoginTest.java:25)
at com.automation.framework.testcases.LoginTest.tearDown(LoginTest.java:25)
at com.automation.framework.testcases.LoginTest.tearDown(LoginTest.java:25)
at com.automation.framework.testcases.LoginTest.tearDown(LoginTest.java:25)
at com.automation.framework.testcases.LoginTest.tearDown(LoginTest.java:25)
at com.automation.framework.testcases.LoginTest.tearDown(LoginTest.java:25)
at com.automation.framework.testcases.LoginTest.tearDown(LoginTest.java:25)
at com.automation.framework.testcases.LoginTest.tearDown(LoginTest.java:25)
at com.automation.framework.testcases.LoginTest.tearDown(LoginTest.java:25)
at com.automation.framework.testcases.LoginTest.tearDown(LoginTest.java:25)
at com.automation.framework.testcases.LoginTest.tearDown(LoginTest.java:25)
at com.automation.framework.testcases.LoginTest.tearDown(LoginTest.java:25)
at com.automation.framework.testcases.LoginTest.tearDown(LoginTest.java:25)
at com.automation.framework.testcases.LoginTest.tearDown(LoginTest.java:25)
at com.automation.framework.testcases.LoginTest.tearDown(LoginTest.java:25)
at com.automation.framework.testcases.LoginTest.tearDown(LoginTest.java:25)
at com.automation.framework.testcases.LoginTest.tearDown(LoginTest.java:25)
at com.automation.framework.testcases.LoginTest.tearDown(LoginTest.java:25)
at com.automation.framework.testcases.LoginTest.tearDown(LoginTest.java:25)
at com.automation.framework.testcases.LoginTest.tearDown(LoginTest.java:25)
at com.automation.framework.testcases.LoginTest.tearDown(LoginTest.java:25)
at com.automation.framework.testcases.LoginTest.tearDown(LoginTest.java:25)
at com.automation.framework.testcases.LoginTest.tearDown(LoginTest.java:25)
at com.automation.framework.testcases.LoginTest.tearDown(LoginTest.java:25)
at com.automation.framework.testcases.LoginTest.tearDown(LoginTest.java:25)
at com.automation.framework.testcases.LoginTest.tearDown(LoginTest.java:25)
at com.automation.framework.testcases.LoginTest.tearDown(LoginTest.java:25)
at com.automation.framework.testcases.LoginTest.tearDown(LoginTest.java:25)
at com.automation.framework.testcases.LoginTest.tearDown(LoginTest.java:25)
at com.automation.framework.testcases.LoginTest.tearDown(LoginTest.java:25)
at com.automation.framework.testcases.LoginTest.tearDown(LoginTest.java:25)
at com.automation.framework.testcases.LoginTest.tearDown(LoginTest.java:25)
at com.automation.framework.testcases.LoginTest.tearDown(LoginTest.java:25)
at com.automation.framework.testcases.LoginTest.tearDown(LoginTest.java:25)
at com.automation.framework.testcases.LoginTest.tearDown(LoginTest.java:25)
at com.automation.framework.testcases.LoginTest.tearDown(LoginTest.java:25)
at com.automation.framework.testcases.LoginTest.tearDown(LoginTest.java:25)
at com.automation.framework.testcases.LoginTest.tearDown(LoginTest.java:25)
at com.automation.framework.testcases.LoginTest.tearDown(LoginTest.java:25)
at com.automation.framework.testcases.LoginTest.tearDown(LoginTest.java:25)
at com.automation.framework.testcases.LoginTest.tearDown(LoginTest.java:25)
at com.automation.framework.testcases.LoginTest.tearDown(LoginTest.java:25)
at com.automation.framework.testcases.LoginTest.tearDown(LoginTest.java:25)
at com.automation.framework.testcases.LoginTest.tearDown(LoginTest.java:25)
at com.automation.framework.testcases.LoginTest.tearDown(LoginTest.java:25)
at com.automation.framework.testcases.LoginTest.tearDown(LoginTest.java:25)
at com.automation.framework.testcases.LoginTest.tearDown(LoginTest.java:25)
at com.automation.framework.testcases.LoginTest.tearDown(LoginTest.java:25)
at com.automation.framework.testcases.LoginTest.tearDown(LoginTest.java:25)
at com.automation.framework.testcases.LoginTest.tearDown(LoginTest.java:25)
at com.automation.framework.testcases.LoginTest.tearDown(LoginTest.java:25)
at com.automation.framework.testcases.LoginTest.tearDown(LoginTest.java:25)
at com.automation.framework.testcases.LoginTest.tearDown(LoginTest.java:25)
at com.automation.framework.testcases.LoginTest.tearDown(LoginTest.java:25)
at com.automation.framework.testcases.LoginTest.tearDown(LoginTest.java:25)
at com.automation.framework.testcases.LoginTest.tearDown(LoginTest.java:25)
at com.automation.framework.testcases.LoginTest.tearDown(LoginTest.java:25)
at com.automation.framework.testcases.LoginTest.tearDown(LoginTest.java:25)
at com.automation.framework.testcases.LoginTest.tearDown(LoginTest.java:25)
at com.automation.framework.testcases.LoginTest.tearDown(LoginTest.java:25)
at com.automation.framework.testcases.LoginTest.tearDown(LoginTest.java:25)
at com.automation.framework.testcases.LoginTest.tearDown(LoginTest.java:25)
at com.automation.framework.testcases.LoginTest.tearDown(LoginTest.java:25)
at com.automation.framework.testcases.LoginTest.tearDown(LoginTest.java:25)
at com.automation.framework.testcases.LoginTest.tearDown(LoginTest.java:25)
at com.automation.framework.testcases.LoginTest.tearDown(LoginTest.java:25)
at com.automation.framework.testcases.LoginTest.tearDown(LoginTest.java:25)
at com.automation.framework.testcases.LoginTest.tearDown(LoginTest.java:25)
at com.automation.framework.testcases.LoginTest.tearDown(LoginTest.java:25)
at com.automation.framework.testcases.LoginTest.tearDown(LoginTest.java:25)
at com.automation.framework.testcases.LoginTest.tearDown(LoginTest.java:25)
at com.automation.framework.testcases.LoginTest.tearDown(LoginTest.java:25)
at com.automation.framework.testcases.LoginTest.tearDown(LoginTest.java:25)
at com.automation.framework.testcases.LoginTest.tearDown(LoginTest.java:25)
at com.automation.framework.testcases.LoginTest.tearDown(LoginTest.java:25)
at com.automation.framework.testcases.LoginTest.tearDown(LoginTest.java:25)
at com.automation.framework.testcases.LoginTest.tearDown(LoginTest.java:25)
at com.automation.framework.testcases.LoginTest.tearDown(LoginTest.java:25)
at com.automation.framework.testcases.LoginTest.tearDown(LoginTest.java:25)
at com.automation.framework.testcases.LoginTest.tearDown(LoginTest.java:25)
at com.automation.framework.testcases.LoginTest.tearDown(LoginTest.java:25)
at com.automation.framework.testcases.LoginTest.tearDown(LoginTest.java:25)
at com.automation.framework.testcases.LoginTest.tearDown(LoginTest.java:25)
at com.automation.framework.testcases.LoginTest.tearDown(LoginTest.java:25)
at com.automation.framework.testcases.LoginTest.tearDown(LoginTest.java:25)
at com.automation.framework.testcases.LoginTest.tearDown(LoginTest.java:25)
at com.automation.framework.testcases.LoginTest.tearDown(LoginTest.java:25)
at com.automation.framework.testcases.LoginTest.tearDown(LoginTest.java:25)
at com.automation.framework.testcases.LoginTest.tearDown(LoginTest.java:25)
at com.automation.framework.testcases.LoginTest.tearDown(LoginTest.java:25)
at com.automation.framework.testcases.LoginTest.tearDown(LoginTest.java:25)
at com.automation.framework.testcases.LoginTest.tearDown(LoginTest.java:25)
at com.automation.framework.testcases.LoginTest.tearDown(LoginTest.java:25)
at com.automation.framework.testcases.LoginTest.tearDown(LoginTest.java:25)
at com.automation.framework.testcases.LoginTest.tearDown(LoginTest.java:25)
at com.automation.framework.testcases.LoginTest.tearDown(LoginTest.java:25)
at com.automation.framework.testcases.LoginTest.tearDown(LoginTest.java:25)
at com.automation.framework.testcases.LoginTest.tearDown(LoginTest.java:25)
at com.automation.framework.testcases.LoginTest.tearDown(LoginTest.java:25)
at com.automation.framework.testcases.LoginTest.tearDown(LoginTest.java:25)
at com.automation.framework.testcases.LoginTest.tearDown(LoginTest.java:25)
at com.automation.framework.testcases.LoginTest.tearDown(LoginTest.java:25)
at com.automation.framework.testcases.LoginTest.tearDown(LoginTest.java:25)
at com.automation.framework.testcases.LoginTest.tearDown(LoginTest.java:25)
at com.automation.framework.testcases.LoginTest.tearDown(LoginTest.java:25)
at com.automation.framework.testcases.LoginTest.tearDown(LoginTest.java:25)
at com.automation.framework.testcases.LoginTest.tearDown(LoginTest.java:25)
at com.automation.framework.testcases.LoginTest.tearDown(LoginTest.java:25)
at com.automation.framework.testcases.LoginTest.tearDown(LoginTest.java:25)
at com.automation.framework.testcases.LoginTest.tearDown(LoginTest.java:25)
at com.automation.framework.testcases.LoginTest.tearDown(LoginTest.java:25)
at com.automation.framework.testcases.LoginTest.tearDown(LoginTest.java:25)
at com.automation.framework.testcases.LoginTest.tearDown(LoginTest.java:25)
at com.automation.framework.testcases.LoginTest.tearDown(LoginTest.java:25)
at com.automation.framework.testcases.LoginTest.tearDown(LoginTest.java:25)
at com.automation.framework.testcases.LoginTest.tearDown(LoginTest.java:25)
at com.automation.framework.testcases.LoginTest.tearDown(LoginTest.java:25)
at com.automation.framework.testcases.LoginTest.tearDown(LoginTest.java:25)
at com.automation.framework.testcases.LoginTest.tearDown(LoginTest.java:25)
at com.automation.framework.testcases.LoginTest.tearDown(LoginTest.java:25)
at com.automation.framework.testcases.LoginTest.tearDown(LoginTest.java:25)
at com.automation.framework.testcases.LoginTest.tearDown(LoginTest.java:25)
at com.automation.framework.testcases.LoginTest.tearDown(LoginTest.java:25)
at com.automation.framework.testcases.LoginTest.tearDown(LoginTest.java:25)
at com.automation.framework.testcases.LoginTest.tearDown(LoginTest.java:25)
at com.automation.framework.testcases.LoginTest.tearDown(LoginTest.java:25)
at com.automation.framework.testcases.LoginTest.tearDown(LoginTest.java:25)
at com.automation.framework.testcases.LoginTest.tearDown(LoginTest.java:25)
at com.automation.framework.testcases.LoginTest.tearDown(LoginTest.java:25)
at com.automation.framework.testcases.LoginTest.tearDown(LoginTest.java:25)
at com.automation.framework.testcases.LoginTest.tearDown(LoginTest.java:25)
at com.automation.framework.testcases.LoginTest.tearDown(LoginTest.java:25)
at com.automation.framework.testcases.LoginTest.tearDown(LoginTest.java:25)
at com.automation.framework.testcases.LoginTest.tearDown(LoginTest.java:25)
at com.automation.framework.testcases.LoginTest.tearDown(LoginTest.java:25)
at com.automation.framework.testcases.LoginTest.tearDown(LoginTest.java:25)
at com.automation.framework.testcases.LoginTest.tearDown(LoginTest.java:25)
at com.automation.framework.testcases.LoginTest.tearDown(LoginTest.java:25)
at com.automation.framework.testcases.LoginTest.tearDown(LoginTest.java:25)
at com.automation.framework.testcases.LoginTest.tearDown(LoginTest.java:25)
at com.automation.framework.testcases.LoginTest.tearDown(LoginTest.java:25)
at com.automation.framework.testcases.LoginTest.tearDown(LoginTest.java:25)
at com.automation.framework.testcases.LoginTest.tearDown(LoginTest.java:25)
at com.automation.framework.testcases.LoginTest.tearDown(LoginTest.java:25)
at com.automation.framework.testcases.LoginTest.tearDown(LoginTest.java:25)
at com.automation.framework.testcases.LoginTest.tearDown(LoginTest.java:25)
at com.automation.framework.testcases.LoginTest.tearDown(LoginTest.java:25)
at com.automation.framework.testcases.LoginTest.tearDown(LoginTest.java:25)
at com.automation.framework.testcases.LoginTest.tearDown(LoginTest.java:25)
at com.automation.framework.testcases.LoginTest.tearDown(LoginTest.java:25)
at com.automation.framework.testcases.LoginTest.tearDown(LoginTest.java:25)
at com.automation.framework.testcases.LoginTest.tearDown(LoginTest.java:25)
at com.automation.framework.testcases.LoginTest.tearDown(LoginTest.java:25)
at com.automation.framework.testcases.LoginTest.tearDown(LoginTest.java:25)
at com.automation.framework.testcases.LoginTest.tearDown(LoginTest.java:25)
at com.automation.framework.testcases.LoginTest.tearDown(LoginTest.java:25)
at com.automation.framework.testcases.LoginTest.tearDown(LoginTest.java:25)
at com.automation.framework.testcases.LoginTest.tearDown(LoginTest.java:25)
at com.automation.framework.testcases.LoginTest.tearDown(LoginTest.java:25)
at com.automation.framework.testcases.LoginTest.tearDown(LoginTest.java:25)
at com.automation.framework.testcases.LoginTest.tearDown(LoginTest.java:25)
at com.automation.framework.testcases.LoginTest.tearDown(LoginTest.java:25)
at com.automation.framework.testcases.LoginTest.tearDown(LoginTest.java:25)
at com.automation.framework.testcases.LoginTest.tearDown(LoginTest.java:25)
at com.automation.framework.testcases.LoginTest.tearDown(LoginTest.java:25)
at com.automation.framework.testcases.LoginTest.tearDown(LoginTest.java:25)
at com.automation.framework.testcases.LoginTest.tearDown(LoginTest.java:25)
at com.automation.framework.testcases.LoginTest.tearDown(LoginTest.java:25)
at com.automation.framework.testcases.LoginTest.tearDown(LoginTest.java:25)
at com.automation.framework.testcases.LoginTest.tearDown(LoginTest.java:25)
at com.automation.framework.testcases.LoginTest.tearDown(LoginTest.java:25)
at com.automation.framework.testcases.LoginTest.tearDown(LoginTest.java:25)
at com.automation.framework.testcases.LoginTest.tearDown(LoginTest.java:25)
at com.automation.framework.testcases.LoginTest.tearDown(LoginTest.java:25)
at com.automation.framework.testcases.LoginTest.tearDown(LoginTest.java:25)
at com.automation.framework.testcases.LoginTest.tearDown(LoginTest.java:25)
at com.automation.framework.testcases.LoginTest.tearDown(LoginTest.java:25)
at com.automation.framework.testcases.LoginTest.tearDown(LoginTest.java:25)
at com.automation.framework.testcases.LoginTest.tearDown(LoginTest.java:25)
at com.automation.framework.testcases.LoginTest.tearDown(LoginTest.java:25)
at com.automation.framework.testcases.LoginTest.tearDown(LoginTest.java:25)
at com.automation.framework.testcases.LoginTest.tearDown(LoginTest.java:25)
at com.automation.framework.testcases.LoginTest.tearDown(LoginTest.java:25)
at com.automation.framework.testcases.LoginTest.tearDown(LoginTest.java:25)
at com.automation.framework.testcases.LoginTest.tearDown(LoginTest.java:25)
at com.automation.framework.testcases.LoginTest.tearDown(LoginTest.java:25)
at com.automation.framework.testcases.LoginTest.tearDown(LoginTest.java:25)
at com.automation.framework.testcases.LoginTest.tearDown(LoginTest.java:25)
at com.automation.framework.testcases.LoginTest.tearDown(LoginTest.java:25)
at com.automation.framework.testcases.LoginTest.tearDown(LoginTest.java:25)
at com.automation.framework.testcases.LoginTest.tearDown(LoginTest.java:25)
at com.automation.framework.testcases.LoginTest.tearDown(LoginTest.java:25)
at com.automation.framework.testcases.LoginTest.tearDown(LoginTest.java:25)
at com.automation.framework.testcases.LoginTest.tearDown(LoginTest.java:25)
at com.automation.framework.testcases.LoginTest.tearDown(LoginTest.java:25)
at com.automation.framework.testcases.LoginTest.tearDown(LoginTest.java:25)
at com.automation.framework.testcases.LoginTest.tearDown(LoginTest.java:25)
at com.automation.framework.testcases.LoginTest.tearDown(LoginTest.java:25)
at com.automation.framework.testcases.LoginTest.tearDown(LoginTest.java:25)
at com.automation.framework.testcases.LoginTest.tearDown(LoginTest.java:25)
at com.automation.framework.testcases.LoginTest.tearDown(LoginTest.java:25)
at com.automation.framework.testcases.LoginTest.tearDown(LoginTest.java:25)
at com.automation.framework.testcases.LoginTest.tearDown(LoginTest.java:25)
at com.automation.framework.testcases.LoginTest.tearDown(LoginTest.java:25)
at com.automation.framework.testcases.LoginTest.tearDown(LoginTest.java:25)
at com.automation.framework.testcases.LoginTest.tearDown(LoginTest.java:25)
at com.automation.framework.testcases.LoginTest.tearDown(LoginTest.java:25)
at com.automation.framework.testcases.LoginTest.tearDown(LoginTest.java:25)
at com.automation.framework.testcases.LoginTest.tearDown(LoginTest.java:25)
at com.automation.framework.testcases.LoginTest.tearDown(LoginTest.java:25)
at com.automation.framework.testcases.LoginTest.tearDown(LoginTest.java:25)
at com.automation.framework.testcases.LoginTest.tearDown(LoginTest.java:25)
at com.automation.framework.testcases.LoginTest.tearDown(LoginTest.java:25)
at com.automation.framework.testcases.LoginTest.tearDown(LoginTest.java:25)
at com.automation.framework.testcases.LoginTest.tearDown(LoginTest.java:25)
at com.automation.framework.testcases.LoginTest.tearDown(LoginTest.java:25)
at com.automation.framework.testcases.LoginTest.tearDown(LoginTest.java:25)
at com.automation.framework.testcases.LoginTest.tearDown(LoginTest.java:25)
at com.automation.framework.testcases.LoginTest.tearDown(LoginTest.java:25)
at com.automation.framework.testcases.LoginTest.tearDown(LoginTest.java:25)
at com.automation.framework.testcases.LoginTest.tearDown(LoginTest.java:25)
at com.automation.framework.testcases.LoginTest.tearDown(LoginTest.java:25)
at com.automation.framework.testcases.LoginTest.tearDown(LoginTest.java:25)
at com.automation.framework.testcases.LoginTest.tearDown(LoginTest.java:25)
at com.automation.framework.testcases.LoginTest.tearDown(LoginTest.java:25)
at com.automation.framework.testcases.LoginTest.tearDown(LoginTest.java:25)
at com.automation.framework.testcases.LoginTest.tearDown(LoginTest.java:25)
at com.automation.framework.testcases.LoginTest.tearDown(LoginTest.java:25)
at com.automation.framework.testcases.LoginTest.tearDown(LoginTest.java:25)
at com.automation.framework.testcases.LoginTest.tearDown(LoginTest.java:25)
at com.automation.framework.testcases.LoginTest.tearDown(LoginTest.java:25)
at com.automation.framework.testcases.LoginTest.tearDown(LoginTest.java:25)
at com.automation.framework.testcases.LoginTest.tearDown(LoginTest.java:25)
at com.automation.framework.testcases.LoginTest.tearDown(LoginTest.java:25)
at com.automation.framework.testcases.LoginTest.tearDown(LoginTest.java:25)
at com.automation.framework.testcases.LoginTest.tearDown(LoginTest.java:25)
at com.automation.framework.testcases.LoginTest.tearDown(LoginTest.java:25)
at com.automation.framework.testcases.LoginTest.tearDown(LoginTest.java:25)
at com.automation.framework.testcases.LoginTest.tearDown(LoginTest.java:25)
at com.automation.framework.testcases.LoginTest.tearDown(LoginTest.java:25)
at com.automation.framework.testcases.LoginTest.tearDown(LoginTest.java:25)
at com.automation.framework.testcases.LoginTest.tearDown(LoginTest.java:25)
at com.automation.framework.testcases.LoginTest.tearDown(LoginTest.java:25)
at com.automation.framework.testcases.LoginTest.tearDown(LoginTest.java:25)
at com.automation.framework.testcases.LoginTest.tearDown(LoginTest.java:25)
at com.automation.framework.testcases.LoginTest.tearDown(LoginTest.java:25)
at com.automation.framework.testcases.LoginTest.tearDown(LoginTest.java:25)
at com.automation.framework.testcases.LoginTest.tearDown(LoginTest.java:25)
at com.automation.framework.testcases.LoginTest.tearDown(LoginTest.java:25)
at com.automation.framework.testcases.LoginTest.tearDown(LoginTest.java:25)
at com.automation.framework.testcases.LoginTest.tearDown(LoginTest.java:25)
at com.automation.framework.testcases.LoginTest.tearDown(LoginTest.java:25)
at com.automation.framework.testcases.LoginTest.tearDown(LoginTest.java:25)
at com.automation.framework.testcases.LoginTest.tearDown(LoginTest.java:25)
at com.automation.framework.testcases.LoginTest.tearDown(LoginTest.java:25)
at com.automation.framework.testcases.LoginTest.tearDown(LoginTest.java:25)
at com.automation.framework.testcases.LoginTest.tearDown(LoginTest.java:25)
at com.automation.framework.testcases.LoginTest.tearDown(LoginTest.java:25)
at com.automation.framework.testcases.LoginTest.tearDown(LoginTest.java:25)
at com.automation.framework.testcases.LoginTest.tearDown(LoginTest.java:25)
at com.automation.framework.testcases.LoginTest.tearDown(LoginTest.java:25)
at com.automation.framework.testcases.LoginTest.tearDown(LoginTest.java:25)
at com.automation.framework.testcases.LoginTest.tearDown(LoginTest.java:25)
at com.automation.framework.testcases.LoginTest.tearDown(LoginTest.java:25)
at com.automation.framework.testcases.LoginTest.tearDown(LoginTest.java:25)
at com.automation.framework.testcases.LoginTest.tearDown(LoginTest.java:25)
at com.automation.framework.testcases.LoginTest.tearDown(LoginTest.java:25)
at com.automation.framework.testcases.LoginTest.tearDown(LoginTest.java:25)
at com.automation.framework.testcases.LoginTest.tearDown(LoginTest.java:25)
at com.automation.framework.testcases.LoginTest.tearDown(LoginTest.java:25)
at com.automation.framework.testcases.LoginTest.tearDown(LoginTest.java:25)
at com.automation.framework.testcases.LoginTest.tearDown(LoginTest.java:25)
at com.automation.framework.testcases.LoginTest.tearDown(LoginTest.java:25)
at com.automation.framework.testcases.LoginTest.tearDown(LoginTest.java:25)
at com.automation.framework.testcases.LoginTest.tearDown(LoginTest.java:25)
at com.automation.framework.testcases.LoginTest.tearDown(LoginTest.java:25)
at com.automation.framework.testcases.LoginTest.tearDown(LoginTest.java:25)
at com.automation.framework.testcases.LoginTest.tearDown(LoginTest.java:25)
at com.automation.framework.testcases.LoginTest.tearDown(LoginTest.java:25)
at com.automation.framework.testcases.LoginTest.tearDown(LoginTest.java:25)
at com.automation.framework.testcases.LoginTest.tearDown(LoginTest.java:25)
at com.automation.framework.testcases.LoginTest.tearDown(LoginTest.java:25)
at com.automation.framework.testcases.LoginTest.tearDown(LoginTest.java:25)
at com.automation.framework.testcases.LoginTest.tearDown(LoginTest.java:25)
at com.automation.framework.testcases.LoginTest.tearDown(LoginTest.java:25)
at com.automation.framework.testcases.LoginTest.tearDown(LoginTest.java:25)
at com.automation.framework.testcases.LoginTest.tearDown(LoginTest.java:25)
at com.automation.framework.testcases.LoginTest.tearDown(LoginTest.java:25)
at com.automation.framework.testcases.LoginTest.tearDown(LoginTest.java:25)
at com.automation.framework.testcases.LoginTest.tearDown(LoginTest.java:25)
at com.automation.framework.testcases.LoginTest.tearDown(LoginTest.java:25)
at com.automation.framework.testcases.LoginTest.tearDown(LoginTest.java:25)
at com.automation.framework.testcases.LoginTest.tearDown(LoginTest.java:25)
at com.automation.framework.testcases.LoginTest.tearDown(LoginTest.java:25)
at com.automation.framework.testcases.LoginTest.tearDown(LoginTest.java:25)
at com.automation.framework.testcases.LoginTest.tearDown(LoginTest.java:25)
at com.automation.framework.testcases.LoginTest.tearDown(LoginTest.java:25)
at com.automation.framework.testcases.LoginTest.tearDown(LoginTest.java:25)
at com.automation.framework.testcases.LoginTest.tearDown(LoginTest.java:25)
at com.automation.framework.testcases.LoginTest.tearDown(LoginTest.java:25)
at com.automation.framework.testcases.LoginTest.tearDown(LoginTest.java:25)
at com.automation.framework.testcases.LoginTest.tearDown(LoginTest.java:25)
at com.automation.framework.testcases.LoginTest.tearDown(LoginTest.java:25)
at com.automation.framework.testcases.LoginTest.tearDown(LoginTest.java:25)
at com.automation.framework.testcases.LoginTest.tearDown(LoginTest.java:25)
at com.automation.framework.testcases.LoginTest.tearDown(LoginTest.java:25)
at com.automation.framework.testcases.LoginTest.tearDown(LoginTest.java:25)
at com.automation.framework.testcases.LoginTest.tearDown(LoginTest.java:25)
at com.automation.framework.testcases.LoginTest.tearDown(LoginTest.java:25)
at com.automation.framework.testcases.LoginTest.tearDown(LoginTest.java:25)
at com.automation.framework.testcases.LoginTest.tearDown(LoginTest.java:25)
at com.automation.framework.testcases.LoginTest.tearDown(LoginTest.java:25)
at com.automation.framework.testcases.LoginTest.tearDown(LoginTest.java:25)
at com.automation.framework.testcases.LoginTest.tearDown(LoginTest.java:25)
at com.automation.framework.testcases.LoginTest.tearDown(LoginTest.java:25)
at com.automation.framework.testcases.LoginTest.tearDown(LoginTest.java:25)
at com.automation.framework.testcases.LoginTest.tearDown(LoginTest.java:25)
at com.automation.framework.testcases.LoginTest.tearDown(LoginTest.java:25)
at com.automation.framework.testcases.LoginTest.tearDown(LoginTest.java:25)
at com.automation.framework.testcases.LoginTest.tearDown(LoginTest.java:25)
at com.automation.framework.testcases.LoginTest.tearDown(LoginTest.java:25)
at com.automation.framework.testcases.LoginTest.tearDown(LoginTest.java:25)
at com.automation.framework.testcases.LoginTest.tearDown(LoginTest.java:25)
at com.automation.framework.testcases.LoginTest.tearDown(LoginTest.java:25)
at com.automation.framework.testcases.LoginTest.tearDown(LoginTest.java:25)
at com.automation.framework.testcases.LoginTest.tearDown(LoginTest.java:25)
at com.automation.framework.testcases.LoginTest.tearDown(LoginTest.java:25)
at com.automation.framework.testcases.LoginTest.tearDown(LoginTest.java:25)
at com.automation.framework.testcases.LoginTest.tearDown(LoginTest.java:25)
at com.automation.framework.testcases.LoginTest.tearDown(LoginTest.java:25)
at com.automation.framework.testcases.LoginTest.tearDown(LoginTest.java:25)
at com.automation.framework.testcases.LoginTest.tearDown(LoginTest.java:25)
at com.automation.framework.testcases.LoginTest.tearDown(LoginTest.java:25)
at com.automation.framework.testcases.LoginTest.tearDown(LoginTest.java:25)
at com.automation.framework.testcases.LoginTest.tearDown(LoginTest.java:25)
at com.automation.framework.testcases.LoginTest.tearDown(LoginTest.java:25)
at com.automation.framework.testcases.LoginTest.tearDown(LoginTest.java:25)
at com.automation.framework.testcases.LoginTest.tearDown(LoginTest.java:25)
at com.automation.framework.testcases.LoginTest.tearDown(LoginTest.java:25)
at com.automation.framework.testcases.LoginTest.tearDown(LoginTest.java:25)
at com.automation.framework.testcases.LoginTest.tearDown(LoginTest.java:25)
at com.automation.framework.testcases.LoginTest.tearDown(LoginTest.java:25)
at com.automation.framework.testcases.LoginTest.tearDown(LoginTest.java:25)
at com.automation.framework.testcases.LoginTest.tearDown(LoginTest.java:25)
at com.automation.framework.testcases.LoginTest.tearDown(LoginTest.java:25)
at com.automation.framework.testcases.LoginTest.tearDown(LoginTest.java:25)
at com.automation.framework.testcases.LoginTest.tearDown(LoginTest.java:25)
at com.automation.framework.testcases.LoginTest.tearDown(LoginTest.java:25)
at com.automation.framework.testcases.LoginTest.tearDown(LoginTest.java:25)
at com.automation.framework.testcases.LoginTest.tearDown(LoginTest.java:25)
at com.automation.framework.testcases.LoginTest.tearDown(LoginTest.java:25)
at com.automation.framework.testcases.LoginTest.tearDown(LoginTest.java:25)
at com.automation.framework.testcases.LoginTest.tearDown(LoginTest.java:25)
at com.automation.framework.testcases.LoginTest.tearDown(LoginTest.java:25)
at com.automation.framework.testcases.LoginTest.tearDown(LoginTest.java:25)
at com.automation.framework.testcases.LoginTest.tearDown(LoginTest.java:25)
at com.automation.framework.testcases.LoginTest.tearDown(LoginTest.java:25)
at com.automation.framework.testcases.LoginTest.tearDown(LoginTest.java:25)
at com.automation.framework.testcases.LoginTest.tearDown(LoginTest.java:25)
at com.automation.framework.testcases.LoginTest.tearDown(LoginTest.java:25)
at com.automation.framework.testcases.LoginTest.tearDown(LoginTest.java:25)
at com.automation.framework.testcases.LoginTest.tearDown(LoginTest.java:25)
at com.automation.framework.testcases.LoginTest.tearDown(LoginTest.java:25)
at com.automation.framework.testcases.LoginTest.tearDown(LoginTest.java:25)
at com.automation.framework.testcases.LoginTest.tearDown(LoginTest.java:25)
at com.automation.framework.testcases.LoginTest.tearDown(LoginTest.java:25)
at com.automation.framework.testcases.LoginTest.tearDown(LoginTest.java:25)
at com.automation.framework.testcases.LoginTest.tearDown(LoginTest.java:25)
at com.automation.framework.testcases.LoginTest.tearDown(LoginTest.java:25)
at com.automation.framework.testcases.LoginTest.tearDown(LoginTest.java:25)
at com.automation.framework.testcases.LoginTest.tearDown(LoginTest.java:25)
at com.automation.framework.testcases.LoginTest.tearDown(LoginTest.java:25)
at com.automation.framework.testcases.LoginTest.tearDown(LoginTest.java:25)
at com.automation.framework.testcases.LoginTest.tearDown(LoginTest.java:25)
at com.automation.framework.testcases.LoginTest.tearDown(LoginTest.java:25)
at com.automation.framework.testcases.LoginTest.tearDown(LoginTest.java:25)
at com.automation.framework.testcases.LoginTest.tearDown(LoginTest.java:25)
at com.automation.framework.testcases.LoginTest.tearDown(LoginTest.java:25)
at com.automation.framework.testcases.LoginTest.tearDown(LoginTest.java:25)
at com.automation.framework.testcases.LoginTest.tearDown(LoginTest.java:25)
at com.automation.framework.testcases.LoginTest.tearDown(LoginTest.java:25)
at com.automation.framework.testcases.LoginTest.tearDown(LoginTest.java:25)
at com.automation.framework.testcases.LoginTest.tearDown(LoginTest.java:25)
at com.automation.framework.testcases.LoginTest.tearDown(LoginTest.java:25)
at com.automation.framework.testcases.LoginTest.tearDown(LoginTest.java:25)
at com.automation.framework.testcases.LoginTest.tearDown(LoginTest.java:25)
at com.automation.framework.testcases.LoginTest.tearDown(LoginTest.java:25)
at com.automation.framework.testcases.LoginTest.tearDown(LoginTest.java:25)
at com.automation.framework.testcases.LoginTest.tearDown(LoginTest.java:25)
at com.automation.framework.testcases.LoginTest.tearDown(LoginTest.java:25)
at com.automation.framework.testcases.LoginTest.tearDown(LoginTest.java:25)
at com.automation.framework.testcases.LoginTest.tearDown(LoginTest.java:25)
at com.automation.framework.testcases.LoginTest.tearDown(LoginTest.java:25)
at com.automation.framework.testcases.LoginTest.tearDown(LoginTest.java:25)
at com.automation.framework.testcases.LoginTest.tearDown(LoginTest.java:25)
at com.automation.framework.testcases.LoginTest.tearDown(LoginTest.java:25)
at com.automation.framework.testcases.LoginTest.tearDown(LoginTest.java:25)
at com.automation.framework.testcases.LoginTest.tearDown(LoginTest.java:25)
at com.automation.framework.testcases.LoginTest.tearDown(LoginTest.java:25)
at com.automation.framework.testcases.LoginTest.tearDown(LoginTest.java:25)
at com.automation.framework.testcases.LoginTest.tearDown(LoginTest.java:25)
at com.automation.framework.testcases.LoginTest.tearDown(LoginTest.java:25)
at com.automation.framework.testcases.LoginTest.tearDown(LoginTest.java:25)
at com.automation.framework.testcases.LoginTest.tearDown(LoginTest.java:25)
at com.automation.framework.testcases.LoginTest.tearDown(LoginTest.java:25)
at com.automation.framework.testcases.LoginTest.tearDown(LoginTest.java:25)
at com.automation.framework.testcases.LoginTest.tearDown(LoginTest.java:25)
at com.automation.framework.testcases.LoginTest.tearDown(LoginTest.java:25)
at com.automation.framework.testcases.LoginTest.tearDown(LoginTest.java:25)
at com.automation.framework.testcases.LoginTest.tearDown(LoginTest.java:25)
at com.automation.framework.testcases.LoginTest.tearDown(LoginTest.java:25)
at com.automation.framework.testcases.LoginTest.tearDown(LoginTest.java:25)
at com.automation.framework.testcases.LoginTest.tearDown(LoginTest.java:25)
at com.automation.framework.testcases.LoginTest.tearDown(LoginTest.java:25)
at com.automation.framework.testcases.LoginTest.tearDown(LoginTest.java:25)
at com.automation.framework.testcases.LoginTest.tearDown(LoginTest.java:25)
at com.automation.framework.testcases.LoginTest.tearDown(LoginTest.java:25)
at com.automation.framework.testcases.LoginTest.tearDown(LoginTest.java:25)
at com.automation.framework.testcases.LoginTest.tearDown(LoginTest.java:25)
at com.automation.framework.testcases.LoginTest.tearDown(LoginTest.java:25)
at com.automation.framework.testcases.LoginTest.tearDown(LoginTest.java:25)
at com.automation.framework.testcases.LoginTest.tearDown(LoginTest.java:25)
at com.automation.framework.testcases.LoginTest.tearDown(LoginTest.java:25)
at com.automation.framework.testcases.LoginTest.tearDown(LoginTest.java:25)
at com.automation.framework.testcases.LoginTest.tearDown(LoginTest.java:25)
at com.automation.framework.testcases.LoginTest.tearDown(LoginTest.java:25)
at com.automation.framework.testcases.LoginTest.tearDown(LoginTest.java:25)
at com.automation.framework.testcases.LoginTest.tearDown(LoginTest.java:25)
at com.automation.framework.testcases.LoginTest.tearDown(LoginTest.java:25)
at com.automation.framework.testcases.LoginTest.tearDown(LoginTest.java:25)
at com.automation.framework.testcases.LoginTest.tearDown(LoginTest.java:25)
at com.automation.framework.testcases.LoginTest.tearDown(LoginTest.java:25)
at com.automation.framework.testcases.LoginTest.tearDown(LoginTest.java:25)
at com.automation.framework.testcases.LoginTest.tearDown(LoginTest.java:25)
at com.automation.framework.testcases.LoginTest.tearDown(LoginTest.java:25)
at com.automation.framework.testcases.LoginTest.tearDown(LoginTest.java:25)
at com.automation.framework.testcases.LoginTest.tearDown(LoginTest.java:25)
at com.automation.framework.testcases.LoginTest.tearDown(LoginTest.java:25)
at com.automation.framework.testcases.LoginTest.tearDown(LoginTest.java:25)
at com.automation.framework.testcases.LoginTest.tearDown(LoginTest.java:25)
at com.automation.framework.testcases.LoginTest.tearDown(LoginTest.java:25)
at com.automation.framework.testcases.LoginTest.tearDown(LoginTest.java:25)
at com.automation.framework.testcases.LoginTest.tearDown(LoginTest.java:25)
at com.automation.framework.testcases.LoginTest.tearDown(LoginTest.java:25)
at com.automation.framework.testcases.LoginTest.tearDown(LoginTest.java:25)
at com.automation.framework.testcases.LoginTest.tearDown(LoginTest.java:25)
at com.automation.framework.testcases.LoginTest.tearDown(LoginTest.java:25)
at com.automation.framework.testcases.LoginTest.tearDown(LoginTest.java:25)
at com.automation.framework.testcases.LoginTest.tearDown(LoginTest.java:25)
at com.automation.framework.testcases.LoginTest.tearDown(LoginTest.java:25)
at com.automation.framework.testcases.LoginTest.tearDown(LoginTest.java:25)
at com.automation.framework.testcases.LoginTest.tearDown(LoginTest.java:25)
at com.automation.framework.testcases.LoginTest.tearDown(LoginTest.java:25)
at com.automation.framework.testcases.LoginTest.tearDown(LoginTest.java:25)
at com.automation.framework.testcases.LoginTest.tearDown(LoginTest.java:25)
at com.automation.framework.testcases.LoginTest.tearDown(LoginTest.java:25)
at com.automation.framework.testcases.LoginTest.tearDown(LoginTest.java:25)
at com.automation.framework.testcases.LoginTest.tearDown(LoginTest.java:25)
at com.automation.framework.testcases.LoginTest.tearDown(LoginTest.java:25)
at com.automation.framework.testcases.LoginTest.tearDown(LoginTest.java:25)
at com.automation.framework.testcases.LoginTest.tearDown(LoginTest.java:25)
at com.automation.framework.testcases.LoginTest.tearDown(LoginTest.java:25)
at com.automation.framework.testcases.LoginTest.tearDown(LoginTest.java:25)
at com.automation.framework.testcases.LoginTest.tearDown(LoginTest.java:25)
at com.automation.framework.testcases.LoginTest.tearDown(LoginTest.java:25)
at com.automation.framework.testcases.LoginTest.tearDown(LoginTest.java:25)
at com.automation.framework.testcases.LoginTest.tearDown(LoginTest.java:25)
at com.automation.framework.testcases.LoginTest.tearDown(LoginTest.java:25)
at com.automation.framework.testcases.LoginTest.tearDown(LoginTest.java:25)
at com.automation.framework.testcases.LoginTest.tearDown(LoginTest.java:25)
at com.automation.framework.testcases.LoginTest.tearDown(LoginTest.java:25)
at com.automation.framework.testcases.LoginTest.tearDown(LoginTest.java:25)
at com.automation.framework.testcases.LoginTest.tearDown(LoginTest.java:25)
at com.automation.framework.testcases.LoginTest.tearDown(LoginTest.java:25)
at com.automation.framework.testcases.LoginTest.tearDown(LoginTest.java:25)
at com.automation.framework.testcases.LoginTest.tearDown(LoginTest.java:25)
at com.automation.framework.testcases.LoginTest.tearDown(LoginTest.java:25)
at com.automation.framework.testcases.LoginTest.tearDown(LoginTest.java:25)
at com.automation.framework.testcases.LoginTest.tearDown(LoginTest.java:25)
at com.automation.framework.testcases.LoginTest.tearDown(LoginTest.java:25)
at com.automation.framework.testcases.LoginTest.tearDown(LoginTest.java:25)
at com.automation.framework.testcases.LoginTest.tearDown(LoginTest.java:25)
at com.automation.framework.testcases.LoginTest.tearDown(LoginTest.java:25)
at com.automation.framework.testcases.LoginTest.tearDown(LoginTest.java:25)
at com.automation.framework.testcases.LoginTest.tearDown(LoginTest.java:25)
at com.automation.framework.testcases.LoginTest.tearDown(LoginTest.java:25)
at com.automation.framework.testcases.LoginTest.tearDown(LoginTest.java:25)
at com.automation.framework.testcases.LoginTest.tearDown(LoginTest.java:25)
at com.automation.framework.testcases.LoginTest.tearDown(LoginTest.java:25)
at com.automation.framework.testcases.LoginTest.tearDown(LoginTest.java:25)
at com.automation.framework.testcases.LoginTest.tearDown(LoginTest.java:25)
at com.automation.framework.testcases.LoginTest.tearDown(LoginTest.java:25)
at com.automation.framework.testcases.LoginTest.tearDown(LoginTest.java:25)
at com.automation.framework.testcases.LoginTest.tearDown(LoginTest.java:25)
at com.automation.framework.testcases.LoginTest.tearDown(LoginTest.java:25)
at com.automation.framework.testcases.LoginTest.tearDown(LoginTest.java:25)
at com.automation.framework.testcases.LoginTest.tearDown(LoginTest.java:25)
at com.automation.framework.testcases.LoginTest.tearDown(LoginTest.java:25)
at com.automation.framework.testcases.LoginTest.tearDown(LoginTest.java:25)
at com.automation.framework.testcases.LoginTest.tearDown(LoginTest.java:25)
at com.automation.framework.testcases.LoginTest.tearDown(LoginTest.java:25)
at com.automation.framework.testcases.LoginTest.tearDown(LoginTest.java:25)
at com.automation.framework.testcases.LoginTest.tearDown(LoginTest.java:25)
at com.automation.framework.testcases.LoginTest.tearDown(LoginTest.java:25)
at com.automation.framework.testcases.LoginTest.tearDown(LoginTest.java:25)
at com.automation.framework.testcases.LoginTest.tearDown(LoginTest.java:25)
at com.automation.framework.testcases.LoginTest.tearDown(LoginTest.java:25)
at com.automation.framework.testcases.LoginTest.tearDown(LoginTest.java:25)
at com.automation.framework.testcases.LoginTest.tearDown(LoginTest.java:25)
at com.automation.framework.testcases.LoginTest.tearDown(LoginTest.java:25)
at com.automation.framework.testcases.LoginTest.tearDown(LoginTest.java:25)
at com.automation.framework.testcases.LoginTest.tearDown(LoginTest.java:25)
at com.automation.framework.testcases.LoginTest.tearDown(LoginTest.java:25)
at com.automation.framework.testcases.LoginTest.tearDown(LoginTest.java:25)
at com.automation.framework.testcases.LoginTest.tearDown(LoginTest.java:25)
at com.automation.framework.testcases.LoginTest.tearDown(LoginTest.java:25)
at com.automation.framework.testcases.LoginTest.tearDown(LoginTest.java:25)
at com.automation.framework.testcases.LoginTest.tearDown(LoginTest.java:25)
at com.automation.framework.testcases.LoginTest.tearDown(LoginTest.java:25)
at com.automation.framework.testcases.LoginTest.tearDown(LoginTest.java:25)
at com.automation.framework.testcases.LoginTest.tearDown(LoginTest.java:25)
at com.automation.framework.testcases.LoginTest.tearDown(LoginTest.java:25)
at com.automation.framework.testcases.LoginTest.tearDown(LoginTest.java:25)
at com.automation.framework.testcases.LoginTest.tearDown(LoginTest.java:25)
at com.automation.framework.testcases.LoginTest.tearDown(LoginTest.java:25)
at com.automation.framework.testcases.LoginTest.tearDown(LoginTest.java:25)
at com.automation.framework.testcases.LoginTest.tearDown(LoginTest.java:25)
at com.automation.framework.testcases.LoginTest.tearDown(LoginTest.java:25)
at com.automation.framework.testcases.LoginTest.tearDown(LoginTest.java:25)
at com.automation.framework.testcases.LoginTest.tearDown(LoginTest.java:25)
at com.automation.framework.testcases.LoginTest.tearDown(LoginTest.java:25)
at com.automation.framework.testcases.LoginTest.tearDown(LoginTest.java:25)
at com.automation.framework.testcases.LoginTest.tearDown(LoginTest.java:25)
at com.automation.framework.testcases.LoginTest.tearDown(LoginTest.java:25)
at com.automation.framework.testcases.LoginTest.tearDown(LoginTest.java:25)
at com.automation.framework.testcases.LoginTest.tearDown(LoginTest.java:25)
at com.automation.framework.testcases.LoginTest.tearDown(LoginTest.java:25)
at com.automation.framework.testcases.LoginTest.tearDown(LoginTest.java:25)
at com.automation.framework.testcases.LoginTest.tearDown(LoginTest.java:25)
at com.automation.framework.testcases.LoginTest.tearDown(LoginTest.java:25)
at com.automation.framework.testcases.LoginTest.tearDown(LoginTest.java:25)
at com.automation.framework.testcases.LoginTest.tearDown(LoginTest.java:25)
at com.automation.framework.testcases.LoginTest.tearDown(LoginTest.java:25)
at com.automation.framework.testcases.LoginTest.tearDown(LoginTest.java:25)
at com.automation.framework.testcases.LoginTest.tearDown(LoginTest.java:25)
at com.automation.framework.testcases.LoginTest.tearDown(LoginTest.java:25)
at com.automation.framework.testcases.LoginTest.tearDown(LoginTest.java:25)
at com.automation.framework.testcases.LoginTest.tearDown(LoginTest.java:25)
at com.automation.framework.testcases.LoginTest.tearDown(LoginTest.java:25)
at com.automation.framework.testcases.LoginTest.tearDown(LoginTest.java:25)
at com.automation.framework.testcases.LoginTest.tearDown(LoginTest.java:25)
at com.automation.framework.testcases.LoginTest.tearDown(LoginTest.java:25)
at com.automation.framework.testcases.LoginTest.tearDown(LoginTest.java:25)
at com.automation.framework.testcases.LoginTest.tearDown(LoginTest.java:25)
at com.automation.framework.testcases.LoginTest.tearDown(LoginTest.java:25)
at com.automation.framework.testcases.LoginTest.tearDown(LoginTest.java:25)
at com.automation.framework.testcases.LoginTest.tearDown(LoginTest.java:25)
at com.automation.framework.testcases.LoginTest.tearDown(LoginTest.java:25)
at com.automation.framework.testcases.LoginTest.tearDown(LoginTest.java:25)
at com.automation.framework.testcases.LoginTest.tearDown(LoginTest.java:25)
at com.automation.framework.testcases.LoginTest.tearDown(LoginTest.java:25)
at com.automation.framework.testcases.LoginTest.tearDown(LoginTest.java:25)
at com.automation.framework.testcases.LoginTest.tearDown(LoginTest.java:25)
at com.automation.framework.testcases.LoginTest.tearDown(LoginTest.java:25)
at com.automation.framework.testcases.LoginTest.tearDown(LoginTest.java:25)
at com.automation.framework.testcases.LoginTest.tearDown(LoginTest.java:25)
at com.automation.framework.testcases.LoginTest.tearDown(LoginTest.java:25)
at com.automation.framework.testcases.LoginTest.tearDown(LoginTest.java:25)
at com.automation.framework.testcases.LoginTest.tearDown(LoginTest.java:25)
at com.automation.framework.testcases.LoginTest.tearDown(LoginTest.java:25)
at com.automation.framework.testcases.LoginTest.tearDown(LoginTest.java:25)
at com.automation.framework.testcases.LoginTest.tearDown(LoginTest.java:25)
at com.automation.framework.testcases.LoginTest.tearDown(LoginTest.java:25)
at com.automation.framework.testcases.LoginTest.tearDown(LoginTest.java:25)
at com.automation.framework.testcases.LoginTest.tearDown(LoginTest.java:25)
at com.automation.framework.testcases.LoginTest.tearDown(LoginTest.java:25)
at com.automation.framework.testcases.LoginTest.tearDown(LoginTest.java:25)
at com.automation.framework.testcases.LoginTest.tearDown(LoginTest.java:25)
at com.automation.framework.testcases.LoginTest.tearDown(LoginTest.java:25)
at com.automation.framework.testcases.LoginTest.tearDown(LoginTest.java:25)
at com.automation.framework.testcases.LoginTest.tearDown(LoginTest.java:25)
at com.automation.framework.testcases.LoginTest.tearDown(LoginTest.java:25)
at com.automation.framework.testcases.LoginTest.tearDown(LoginTest.java:25)
at com.automation.framework.testcases.LoginTest.tearDown(LoginTest.java:25)
at com.automation.framework.testcases.LoginTest.tearDown(LoginTest.java:25)
at com.automation.framework.testcases.LoginTest.tearDown(LoginTest.java:25)
at com.automation.framework.testcases.LoginTest.tearDown(LoginTest.java:25)
at com.automation.framework.testcases.LoginTest.tearDown(LoginTest.java:25)
at com.automation.framework.testcases.LoginTest.tearDown(LoginTest.java:25)
at com.automation.framework.testcases.LoginTest.tearDown(LoginTest.java:25)
at com.automation.framework.testcases.LoginTest.tearDown(LoginTest.java:25)
at com.automation.framework.testcases.LoginTest.tearDown(LoginTest.java:25)
at com.automation.framework.testcases.LoginTest.tearDown(LoginTest.java:25)
at com.automation.framework.testcases.LoginTest.tearDown(LoginTest.java:25)
at com.automation.framework.testcases.LoginTest.tearDown(LoginTest.java:25)
at com.automation.framework.testcases.LoginTest.tearDown(LoginTest.java:25)
at com.automation.framework.testcases.LoginTest.tearDown(LoginTest.java:25)
at com.automation.framework.testcases.LoginTest.tearDown(LoginTest.java:25)
at com.automation.framework.testcases.LoginTest.tearDown(LoginTest.java:25)
at com.automation.framework.testcases.LoginTest.tearDown(LoginTest.java:25)
at com.automation.framework.testcases.LoginTest.tearDown(LoginTest.java:25)
at com.automation.framework.testcases.LoginTest.tearDown(LoginTest.java:25)
at com.automation.framework.testcases.LoginTest.tearDown(LoginTest.java:25)
at com.automation.framework.testcases.LoginTest.tearDown(LoginTest.java:25)
at com.automation.framework.testcases.LoginTest.tearDown(LoginTest.java:25)
at com.automation.framework.testcases.LoginTest.tearDown(LoginTest.java:25)
at com.automation.framework.testcases.LoginTest.tearDown(LoginTest.java:25)
at com.automation.framework.testcases.LoginTest.tearDown(LoginTest.java:25)
at com.automation.framework.testcases.LoginTest.tearDown(LoginTest.java:25)
at com.automation.framework.testcases.LoginTest.tearDown(LoginTest.java:25)
at com.automation.framework.testcases.LoginTest.tearDown(LoginTest.java:25)
at com.automation.framework.testcases.LoginTest.tearDown(LoginTest.java:25)
at com.automation.framework.testcases.LoginTest.tearDown(LoginTest.java:25)
at com.automation.framework.testcases.LoginTest.tearDown(LoginTest.java:25)
at com.automation.framework.testcases.LoginTest.tearDown(LoginTest.java:25)
at com.automation.framework.testcases.LoginTest.tearDown(LoginTest.java:25)
at com.automation.framework.testcases.LoginTest.tearDown(LoginTest.java:25)
at com.automation.framework.testcases.LoginTest.tearDown(LoginTest.java:25)
at com.automation.framework.testcases.LoginTest.tearDown(LoginTest.java:25)
at com.automation.framework.testcases.LoginTest.tearDown(LoginTest.java:25)
at com.automation.framework.testcases.LoginTest.tearDown(LoginTest.java:25)
at com.automation.framework.testcases.LoginTest.tearDown(LoginTest.java:25)
at com.automation.framework.testcases.LoginTest.tearDown(LoginTest.java:25)
at com.automation.framework.testcases.LoginTest.tearDown(LoginTest.java:25)
at com.automation.framework.testcases.LoginTest.tearDown(LoginTest.java:25)
at com.automation.framework.testcases.LoginTest.tearDown(LoginTest.java:25)
at com.automation.framework.testcases.LoginTest.tearDown(LoginTest.java:25)
at com.automation.framework.testcases.LoginTest.tearDown(LoginTest.java:25)
at com.automation.framework.testcases.LoginTest.tearDown(LoginTest.java:25)
at com.automation.framework.testcases.LoginTest.tearDown(LoginTest.java:25)
at com.automation.framework.testcases.LoginTest.tearDown(LoginTest.java:25)
at com.automation.framework.testcases.LoginTest.tearDown(LoginTest.java:25)
at com.automation.framework.testcases.LoginTest.tearDown(LoginTest.java:25)
at com.automation.framework.testcases.LoginTest.tearDown(LoginTest.java:25)
at com.automation.framework.testcases.LoginTest.tearDown(LoginTest.java:25)
at com.automation.framework.testcases.LoginTest.tearDown(LoginTest.java:25)
at com.automation.framework.testcases.LoginTest.tearDown(LoginTest.java:25)
at com.automation.framework.testcases.LoginTest.tearDown(LoginTest.java:25)
at com.automation.framework.testcases.LoginTest.tearDown(LoginTest.java:25)
at com.automation.framework.testcases.LoginTest.tearDown(LoginTest.java:25)
at com.automation.framework.testcases.LoginTest.tearDown(LoginTest.java:25)
at com.automation.framework.testcases.LoginTest.tearDown(LoginTest.java:25)
at com.automation.framework.testcases.LoginTest.tearDown(LoginTest.java:25)
at com.automation.framework.testcases.LoginTest.tearDown(LoginTest.java:25)
at com.automation.framework.testcases.LoginTest.tearDown(LoginTest.java:25)
at com.automation.framework.testcases.LoginTest.tearDown(LoginTest.java:25)
at com.automation.framework.testcases.LoginTest.tearDown(LoginTest.java:25)
at com.automation.framework.testcases.LoginTest.tearDown(LoginTest.java:25)
at com.automation.framework.testcases.LoginTest.tearDown(LoginTest.java:25)
at com.automation.framework.testcases.LoginTest.tearDown(LoginTest.java:25)
at com.automation.framework.testcases.LoginTest.tearDown(LoginTest.java:25)
at com.automation.framework.testcases.LoginTest.tearDown(LoginTest.java:25)
at com.automation.framework.testcases.LoginTest.tearDown(LoginTest.java:25)
at com.automation.framework.testcases.LoginTest.tearDown(LoginTest.java:25)
at com.automation.framework.testcases.LoginTest.tearDown(LoginTest.java:25)
at com.automation.framework.testcases.LoginTest.tearDown(LoginTest.java:25)
at com.automation.framework.testcases.LoginTest.tearDown(LoginTest.java:25)
at com.automation.framework.testcases.LoginTest.tearDown(LoginTest.java:25)
at com.automation.framework.testcases.LoginTest.tearDown(LoginTest.java:25)
at com.automation.framework.testcases.LoginTest.tearDown(LoginTest.java:25)
at com.automation.framework.testcases.LoginTest.tearDown(LoginTest.java:25)
at com.automation.framework.testcases.LoginTest.tearDown(LoginTest.java:25)
at com.automation.framework.testcases.LoginTest.tearDown(LoginTest.java:25)
at com.automation.framework.testcases.LoginTest.tearDown(LoginTest.java:25)
at com.automation.framework.testcases.LoginTest.tearDown(LoginTest.java:25)
at com.automation.framework.testcases.LoginTest.tearDown(LoginTest.java:25)
at com.automation.framework.testcases.LoginTest.tearDown(LoginTest.java:25)
at com.automation.framework.testcases.LoginTest.tearDown(LoginTest.java:25)
at com.automation.framework.testcases.LoginTest.tearDown(LoginTest.java:25)
at com.automation.framework.testcases.LoginTest.tearDown(LoginTest.java:25)
at com.automation.framework.testcases.LoginTest.tearDown(LoginTest.java:25)
at com.automation.framework.testcases.LoginTest.tearDown(LoginTest.java:25)
at com.automation.framework.testcases.LoginTest.tearDown(LoginTest.java:25)
at com.automation.framework.testcases.LoginTest.tearDown(LoginTest.java:25)
at com.automation.framework.testcases.LoginTest.tearDown(LoginTest.java:25)
at com.automation.framework.testcases.LoginTest.tearDown(LoginTest.java:25)
at com.automation.framework.testcases.LoginTest.tearDown(LoginTest.java:25)
at com.automation.framework.testcases.LoginTest.tearDown(LoginTest.java:25)
at com.automation.framework.testcases.LoginTest.tearDown(LoginTest.java:25)
at com.automation.framework.testcases.LoginTest.tearDown(LoginTest.java:25)
at com.automation.framework.testcases.LoginTest.tearDown(LoginTest.java:25)
at com.automation.framework.testcases.LoginTest.tearDown(LoginTest.java:25)
at com.automation.framework.testcases.LoginTest.tearDown(LoginTest.java:25)
at com.automation.framework.testcases.LoginTest.tearDown(LoginTest.java:25)
at com.automation.framework.testcases.LoginTest.tearDown(LoginTest.java:25)
at com.automation.framework.testcases.LoginTest.tearDown(LoginTest.java:25)
at com.automation.framework.testcases.LoginTest.tearDown(LoginTest.java:25)
at com.automation.framework.testcases.LoginTest.tearDown(LoginTest.java:25)
at com.automation.framework.testcases.LoginTest.tearDown(LoginTest.java:25)
at com.automation.framework.testcases.LoginTest.tearDown(LoginTest.java:25)
at com.automation.framework.testcases.LoginTest.tearDown(LoginTest.java:25)
at com.automation.framework.testcases.LoginTest.tearDown(LoginTest.java:25)
at com.automation.framework.testcases.LoginTest.tearDown(LoginTest.java:25)
at com.automation.framework.testcases.LoginTest.tearDown(LoginTest.java:25)
at com.automation.framework.testcases.LoginTest.tearDown(LoginTest.java:25)
at com.automation.framework.testcases.LoginTest.tearDown(LoginTest.java:25)
at com.automation.framework.testcases.LoginTest.tearDown(LoginTest.java:25)
at com.automation.framework.testcases.LoginTest.tearDown(LoginTest.java:25)
at com.automation.framework.testcases.LoginTest.tearDown(LoginTest.java:25)
at com.automation.framework.testcases.LoginTest.tearDown(LoginTest.java:25)
at com.automation.framework.testcases.LoginTest.tearDown(LoginTest.java:25)
at com.automation.framework.testcases.LoginTest.tearDown(LoginTest.java:25)
at com.automation.framework.testcases.LoginTest.tearDown(LoginTest.java:25)
at com.automation.framework.testcases.LoginTest.tearDown(LoginTest.java:25)
at com.automation.framework.testcases.LoginTest.tearDown(LoginTest.java:25)
at com.automation.framework.testcases.LoginTest.tearDown(LoginTest.java:25)
at com.automation.framework.testcases.LoginTest.tearDown(LoginTest.java:25)
at com.automation.framework.testcases.LoginTest.tearDown(LoginTest.java:25)
at com.automation.framework.testcases.LoginTest.tearDown(LoginTest.java:25)
at com.automation.framework.testcases.LoginTest.tearDown(LoginTest.java:25)
at com.automation.framework.testcases.LoginTest.tearDown(LoginTest.java:25)
at com.automation.framework.testcases.LoginTest.tearDown(LoginTest.java:25)
at com.automation.framework.testcases.LoginTest.tearDown(LoginTest.java:25)
at com.automation.framework.testcases.LoginTest.tearDown(LoginTest.java:25)
at com.automation.framework.testcases.LoginTest.tearDown(LoginTest.java:25)
at com.automation.framework.testcases.LoginTest.tearDown(LoginTest.java:25)
at com.automation.framework.testcases.LoginTest.tearDown(LoginTest.java:25)
at com.automation.framework.testcases.LoginTest.tearDown(LoginTest.java:25)
at com.automation.framework.testcases.LoginTest.tearDown(LoginTest.java:25)
at com.automation.framework.testcases.LoginTest.tearDown(LoginTest.java:25)
at com.automation.framework.testcases.LoginTest.tearDown(LoginTest.java:25)
at com.automation.framework.testcases.LoginTest.tearDown(LoginTest.java:25)
at com.automation.framework.testcases.LoginTest.tearDown(LoginTest.java:25)
at com.automation.framework.testcases.LoginTest.tearDown(LoginTest.java:25)
at com.automation.framework.testcases.LoginTest.tearDown(LoginTest.java:25)
at com.automation.framework.testcases.LoginTest.tearDown(LoginTest.java:25)
at com.automation.framework.testcases.LoginTest.tearDown(LoginTest.java:25)
at com.automation.framework.testcases.LoginTest.tearDown(LoginTest.java:25)
at com.automation.framework.testcases.LoginTest.tearDown(LoginTest.java:25)
at com.automation.framework.testcases.LoginTest.tearDown(LoginTest.java:25)
at com.automation.framework.testcases.LoginTest.tearDown(LoginTest.java:25)
at com.automation.framework.testcases.LoginTest.tearDown(LoginTest.java:25)
at com.automation.framework.testcases.LoginTest.tearDown(LoginTest.java:25)
at com.automation.framework.testcases.LoginTest.tearDown(LoginTest.java:25)
at com.automation.framework.testcases.LoginTest.tearDown(LoginTest.java:25)
at com.automation.framework.testcases.LoginTest.tearDown(LoginTest.java:25)
at com.automation.framework.testcases.LoginTest.tearDown(LoginTest.java:25)
at com.automation.framework.testcases.LoginTest.tearDown(LoginTest.java:25)
at com.automation.framework.testcases.LoginTest.tearDown(LoginTest.java:25)
at com.automation.framework.testcases.LoginTest.tearDown(LoginTest.java:25)
at com.automation.framework.testcases.LoginTest.tearDown(LoginTest.java:25)
at com.automation.framework.testcases.LoginTest.tearDown(LoginTest.java:25)
at com.automation.framework.testcases.LoginTest.tearDown(LoginTest.java:25)
at com.automation.framework.testcases.LoginTest.tearDown(LoginTest.java:25)
at com.automation.framework.testcases.LoginTest.tearDown(LoginTest.java:25)
at com.automation.framework.testcases.LoginTest.tearDown(LoginTest.java:25)
at com.automation.framework.testcases.LoginTest.tearDown(LoginTest.java:25)
at com.automation.framework.testcases.LoginTest.tearDown(LoginTest.java:25)
at com.automation.framework.testcases.LoginTest.tearDown(LoginTest.java:25)
at com.automation.framework.testcases.LoginTest.tearDown(LoginTest.java:25)
at com.automation.framework.testcases.LoginTest.tearDown(LoginTest.java:25)
at com.automation.framework.testcases.LoginTest.tearDown(LoginTest.java:25)
at com.automation.framework.testcases.LoginTest.tearDown(LoginTest.java:25)
at com.automation.framework.testcases.LoginTest.tearDown(LoginTest.java:25)
at com.automation.framework.testcases.LoginTest.tearDown(LoginTest.java:25)
at com.automation.framework.testcases.LoginTest.tearDown(LoginTest.java:25)
at com.automation.framework.testcases.LoginTest.tearDown(LoginTest.java:25)
at com.automation.framework.testcases.LoginTest.tearDown(LoginTest.java:25)
at com.automation.framework.testcases.LoginTest.tearDown(LoginTest.java:25)
at com.automation.framework.testcases.LoginTest.tearDown(LoginTest.java:25)
at com.automation.framework.testcases.LoginTest.tearDown(LoginTest.java:25)
at com.automation.framework.testcases.LoginTest.tearDown(LoginTest.java:25)
at com.automation.framework.testcases.LoginTest.tearDown(LoginTest.java:25)
at com.automation.framework.testcases.LoginTest.tearDown(LoginTest.java:25)
at com.automation.framework.testcases.LoginTest.tearDown(LoginTest.java:25)
at com.automation.framework.testcases.LoginTest.tearDown(LoginTest.java:25)
at com.automation.framework.testcases.LoginTest.tearDown(LoginTest.java:25)
at com.automation.framework.testcases.LoginTest.tearDown(LoginTest.java:25)
at com.automation.framework.testcases.LoginTest.tearDown(LoginTest.java:25)
at com.automation.framework.testcases.LoginTest.tearDown(LoginTest.java:25)
at com.automation.framework.testcases.LoginTest.tearDown(LoginTest.java:25)
at com.automation.framework.testcases.LoginTest.tearDown(LoginTest.java:25)
at com.automation.framework.testcases.LoginTest.tearDown(LoginTest.java:25)
at com.automation.framework.testcases.LoginTest.tearDown(LoginTest.java:25)
at com.automation.framework.testcases.LoginTest.tearDown(LoginTest.java:25)
at com.automation.framework.testcases.LoginTest.tearDown(LoginTest.java:25)
at com.automation.framework.testcases.LoginTest.tearDown(LoginTest.java:25)
at com.automation.framework.testcases.LoginTest.tearDown(LoginTest.java:25)
at com.automation.framework.testcases.LoginTest.tearDown(LoginTest.java:25)
at com.automation.framework.testcases.LoginTest.tearDown(LoginTest.java:25)
at com.automation.framework.testcases.LoginTest.tearDown(LoginTest.java:25)
at com.automation.framework.testcases.LoginTest.tearDown(LoginTest.java:25)
at com.automation.framework.testcases.LoginTest.tearDown(LoginTest.java:25)
at com.automation.framework.testcases.LoginTest.tearDown(LoginTest.java:25)
at com.automation.framework.testcases.LoginTest.tearDown(LoginTest.java:25)
at com.automation.framework.testcases.LoginTest.tearDown(LoginTest.java:25)
at com.automation.framework.testcases.LoginTest.tearDown(LoginTest.java:25)
at com.automation.framework.testcases.LoginTest.tearDown(LoginTest.java:25)
at com.automation.framework.testcases.LoginTest.tearDown(LoginTest.java:25)
at com.automation.framework.testcases.LoginTest.tearDown(LoginTest.java:25)
at com.automation.framework.testcases.LoginTest.tearDown(LoginTest.java:25)
at com.automation.framework.testcases.LoginTest.tearDown(LoginTest.java:25)
at com.automation.framework.testcases.LoginTest.tearDown(LoginTest.java:25)
at com.automation.framework.testcases.LoginTest.tearDown(LoginTest.java:25)
at com.automation.framework.testcases.LoginTest.tearDown(LoginTest.java:25)
at com.automation.framework.testcases.LoginTest.tearDown(LoginTest.java:25)
at com.automation.framework.testcases.LoginTest.tearDown(LoginTest.java:25)
at com.automation.framework.testcases.LoginTest.tearDown(LoginTest.java:25)
at com.automation.framework.testcases.LoginTest.tearDown(LoginTest.java:25)
at com.automation.framework.testcases.LoginTest.tearDown(LoginTest.java:25)
at com.automation.framework.testcases.LoginTest.tearDown(LoginTest.java:25)
at com.automation.framework.testcases.LoginTest.tearDown(LoginTest.java:25)
at com.automation.framework.testcases.LoginTest.tearDown(LoginTest.java:25)
at com.automation.framework.testcases.LoginTest.tearDown(LoginTest.java:25)
at com.automation.framework.testcases.LoginTest.tearDown(LoginTest.java:25)
at com.automation.framework.testcases.LoginTest.tearDown(LoginTest.java:25)
at com.automation.framework.testcases.LoginTest.tearDown(LoginTest.java:25)
at com.automation.framework.testcases.LoginTest.tearDown(LoginTest.java:25)
at com.automation.framework.testcases.LoginTest.tearDown(LoginTest.java:25)
at com.automation.framework.testcases.LoginTest.tearDown(LoginTest.java:25)
at com.automation.framework.testcases.LoginTest.tearDown(LoginTest.java:25)
at com.automation.framework.testcases.LoginTest.tearDown(LoginTest.java:25)
at com.automation.framework.testcases.LoginTest.tearDown(LoginTest.java:25)
at com.automation.framework.testcases.LoginTest.tearDown(LoginTest.java:25)
at com.automation.framework.testcases.LoginTest.tearDown(LoginTest.java:25)
at com.automation.framework.testcases.LoginTest.tearDown(LoginTest.java:25)
at com.automation.framework.testcases.LoginTest.tearDown(LoginTest.java:25)
at com.automation.framework.testcases.LoginTest.tearDown(LoginTest.java:25)
at com.automation.framework.testcases.LoginTest.tearDown(LoginTest.java:25)
at com.automation.framework.testcases.LoginTest.tearDown(LoginTest.java:25)
at com.automation.framework.testcases.LoginTest.tearDown(LoginTest.java:25)
at com.automation.framework.testcases.LoginTest.tearDown(LoginTest.java:25)
at com.automation.framework.testcases.LoginTest.tearDown(LoginTest.java:25)
at com.automation.framework.testcases.LoginTest.tearDown(LoginTest.java:25)
at com.automation.framework.testcases.LoginTest.tearDown(LoginTest.java:25)
at com.automation.framework.testcases.LoginTest.tearDown(LoginTest.java:25)
at com.automation.framework.testcases.LoginTest.tearDown(LoginTest.java:25)
at com.automation.framework.testcases.LoginTest.tearDown(LoginTest.java:25)
at com.automation.framework.testcases.LoginTest.tearDown(LoginTest.java:25)
at com.automation.framework.testcases.LoginTest.tearDown(LoginTest.java:25)
at com.automation.framework.testcases.LoginTest.tearDown(LoginTest.java:25)
at com.automation.framework.testcases.LoginTest.tearDown(LoginTest.java:25)
at com.automation.framework.testcases.LoginTest.tearDown(LoginTest.java:25)
at com.automation.framework.testcases.LoginTest.tearDown(LoginTest.java:25)
at com.automation.framework.testcases.LoginTest.tearDown(LoginTest.java:25)
at com.automation.framework.testcases.LoginTest.tearDown(LoginTest.java:25)
at com.automation.framework.testcases.LoginTest.tearDown(LoginTest.java:25)
at com.automation.framework.testcases.LoginTest.tearDown(LoginTest.java:25)
at com.automation.framework.testcases.LoginTest.tearDown(LoginTest.java:25)
at com.automation.framework.testcases.LoginTest.tearDown(LoginTest.java:25)
at com.automation.framework.testcases.LoginTest.tearDown(LoginTest.java:25)
at com.automation.framework.testcases.LoginTest.tearDown(LoginTest.java:25)
at com.automation.framework.testcases.LoginTest.tearDown(LoginTest.java:25)
at com.automation.framework.testcases.LoginTest.tearDown(LoginTest.java:25)
at com.automation.framework.testcases.LoginTest.tearDown(LoginTest.java:25)
at com.automation.framework.testcases.LoginTest.tearDown(LoginTest.java:25)
at com.automation.framework.testcases.LoginTest.tearDown(LoginTest.java:25)
at com.automation.framework.testcases.LoginTest.tearDown(LoginTest.java:25)
at com.automation.framework.testcases.LoginTest.tearDown(LoginTest.java:25)
at com.automation.framework.testcases.LoginTest.tearDown(LoginTest.java:25)
at com.automation.framework.testcases.LoginTest.tearDown(LoginTest.java:25)
at com.automation.framework.testcases.LoginTest.tearDown(LoginTest.java:25)
at com.automation.framework.testcases.LoginTest.tearDown(LoginTest.java:25)
at com.automation.framework.testcases.LoginTest.tearDown(LoginTest.java:25)
at com.automation.framework.testcases.LoginTest.tearDown(LoginTest.java:25)
at com.automation.framework.testcases.LoginTest.tearDown(LoginTest.java:25)
at com.automation.framework.testcases.LoginTest.tearDown(LoginTest.java:25)
at com.automation.framework.testcases.LoginTest.tearDown(LoginTest.java:25)
at com.automation.framework.testcases.LoginTest.tearDown(LoginTest.java:25)
at com.automation.framework.testcases.LoginTest.tearDown(LoginTest.java:25)
at com.automation.framework.testcases.LoginTest.tearDown(LoginTest.java:25)
at com.automation.framework.testcases.LoginTest.tearDown(LoginTest.java:25)
at com.automation.framework.testcases.LoginTest.tearDown(LoginTest.java:25)
at com.automation.framework.testcases.LoginTest.tearDown(LoginTest.java:25)
at com.automation.framework.testcases.LoginTest.tearDown(LoginTest.java:25)
at com.automation.framework.testcases.LoginTest.tearDown(LoginTest.java:25)
at com.automation.framework.testcases.LoginTest.tearDown(LoginTest.java:25)
at com.automation.framework.testcases.LoginTest.tearDown(LoginTest.java:25)
at com.automation.framework.testcases.LoginTest.tearDown(LoginTest.java:25)
at com.automation.framework.testcases.LoginTest.tearDown(LoginTest.java:25)
at com.automation.framework.testcases.LoginTest.tearDown(LoginTest.java:25)
at com.automation.framework.testcases.LoginTest.tearDown(LoginTest.java:25)
]]>
    </error>
  </testcase> <!-- tearDown -->
  <testcase name="validateGetStartedButton" time="2.552" classname="com.automation.framework.testcases.LoginTest"/>
</testsuite> <!-- com.automation.framework.testcases.LoginTest -->
