<?xml version="1.0" encoding="UTF-8"?>
<!-- Generated by org.testng.reporters.JUnitReportReporter -->
<testsuite skipped="0" hostname="Vinay.local" name="com.automation.framework.testcases.FlipBoardLoginTest" tests="1" failures="0" timestamp="22 Apr 2022 03:35:30 GMT" time="0.007" errors="0">
  <testcase name="test" time="0.007" classname="com.automation.framework.testcases.FlipBoardLoginTest"/>
</testsuite> <!-- com.automation.framework.testcases.FlipBoardLoginTest -->
